Command line invocation:
    /Applications/Xcode_16.4.app/Contents/Developer/usr/bin/xcodebuild -project CineChill.xcodeproj -scheme CineChill -configuration Release -sdk iphoneos -destination generic/platform=iOS -derivedDataPath build/DerivedData CODE_SIGNING_ALLOWED=NO CODE_SIGNING_REQUIRED=NO CODE_SIGN_IDENTITY= DEVELOPMENT_TEAM= clean build

Build settings from command line:
    CODE_SIGN_IDENTITY = 
    CODE_SIGNING_ALLOWED = NO
    CODE_SIGNING_REQUIRED = NO
    DEVELOPMENT_TEAM = 
    SDKROOT = iphoneos18.5

note: Using codesigning identity override: 
ComputePackagePrebuildTargetDependencyGraph

CreateBuildRequest

SendProjectDescription

CreateBuildOperation

** CLEAN SUCCEEDED **

note: Using codesigning identity override: 
ComputePackagePrebuildTargetDependencyGraph

Prepare packages

CreateBuildRequest

SendProjectDescription

CreateBuildOperation

ComputeTargetDependencyGraph
note: Building targets in dependency order
note: Target dependency graph (1 target)
    Target 'CineChill' in project 'CineChill' (no dependencies)

GatherProvisioningInputs

CreateBuildDescription

ExecuteExternalTool /Applications/Xcode_16.4.app/Contents/Developer/usr/bin/actool --print-asset-tag-combinations --output-format xml1 /Users/runner/work/cine/cine/CineChill/Resources/Assets.xcassets

ExecuteExternalTool /Applications/Xcode_16.4.app/Contents/Developer/Toolchains/XcodeDefault.xctoolchain/usr/bin/clang -v -E -dM -isysroot /Applications/Xcode_16.4.app/Contents/Developer/Platforms/iPhoneOS.platform/Developer/SDKs/iPhoneOS18.5.sdk -x c -c /dev/null

ExecuteExternalTool /Applications/Xcode_16.4.app/Contents/Developer/usr/bin/actool --version --output-format xml1

ExecuteExternalTool /Applications/Xcode_16.4.app/Contents/Developer/Toolchains/XcodeDefault.xctoolchain/usr/bin/swiftc --version

ExecuteExternalTool /Applications/Xcode_16.4.app/Contents/Developer/Toolchains/XcodeDefault.xctoolchain/usr/bin/ld -version_details

Build description signature: f5b67cf82003109b4e1203c6ed61c684
Build description path: /Users/runner/work/cine/cine/build/DerivedData/Build/Intermediates.noindex/XCBuildData/f5b67cf82003109b4e1203c6ed61c684.xcbuilddata
CreateBuildDirectory /Users/runner/work/cine/cine/build/DerivedData/Build/Products
    cd /Users/runner/work/cine/cine/CineChill.xcodeproj
    builtin-create-build-directory /Users/runner/work/cine/cine/build/DerivedData/Build/Products

ClangStatCache /Applications/Xcode_16.4.app/Contents/Developer/Toolchains/XcodeDefault.xctoolchain/usr/bin/clang-stat-cache /Applications/Xcode_16.4.app/Contents/Developer/Platforms/iPhoneOS.platform/Developer/SDKs/iPhoneOS18.5.sdk /Users/runner/work/cine/cine/build/DerivedData/SDKStatCaches.noindex/iphoneos18.5-22F76-a529daf784b3616c7c04a36aeb7f5c05.sdkstatcache
    cd /Users/runner/work/cine/cine/CineChill.xcodeproj
    /Applications/Xcode_16.4.app/Contents/Developer/Toolchains/XcodeDefault.xctoolchain/usr/bin/clang-stat-cache /Applications/Xcode_16.4.app/Contents/Developer/Platforms/iPhoneOS.platform/Developer/SDKs/iPhoneOS18.5.sdk -o /Users/runner/work/cine/cine/build/DerivedData/SDKStatCaches.noindex/iphoneos18.5-22F76-a529daf784b3616c7c04a36aeb7f5c05.sdkstatcache

CreateBuildDirectory /Users/runner/work/cine/cine/build/DerivedData/Build/Intermediates.noindex
    cd /Users/runner/work/cine/cine/CineChill.xcodeproj
    builtin-create-build-directory /Users/runner/work/cine/cine/build/DerivedData/Build/Intermediates.noindex

WriteAuxiliaryFile /Users/runner/work/cine/cine/build/DerivedData/Build/Intermediates.noindex/CineChill.build/Release-iphoneos/CineChill-2301bb2f626fed95fa8e6e785684e49b-VFS-iphoneos/all-product-headers.yaml
    cd /Users/runner/work/cine/cine/CineChill.xcodeproj
    write-file /Users/runner/work/cine/cine/build/DerivedData/Build/Intermediates.noindex/CineChill.build/Release-iphoneos/CineChill-2301bb2f626fed95fa8e6e785684e49b-VFS-iphoneos/all-product-headers.yaml

CreateBuildDirectory /Users/runner/work/cine/cine/build/DerivedData/Build/Products/Release-iphoneos
    cd /Users/runner/work/cine/cine/CineChill.xcodeproj
    builtin-create-build-directory /Users/runner/work/cine/cine/build/DerivedData/Build/Products/Release-iphoneos

CreateBuildDirectory /Users/runner/work/cine/cine/build/DerivedData/Build/Intermediates.noindex/EagerLinkingTBDs/Release-iphoneos
    cd /Users/runner/work/cine/cine/CineChill.xcodeproj
    builtin-create-build-directory /Users/runner/work/cine/cine/build/DerivedData/Build/Intermediates.noindex/EagerLinkingTBDs/Release-iphoneos

WriteAuxiliaryFile /Users/runner/work/cine/cine/build/DerivedData/Build/Intermediates.noindex/CineChill.build/Release-iphoneos/CineChill.build/Objects-normal/arm64/CineChill_const_extract_protocols.json (in target 'CineChill' from project 'CineChill')
    cd /Users/runner/work/cine/cine
    write-file /Users/runner/work/cine/cine/build/DerivedData/Build/Intermediates.noindex/CineChill.build/Release-iphoneos/CineChill.build/Objects-normal/arm64/CineChill_const_extract_protocols.json

WriteAuxiliaryFile /Users/runner/work/cine/cine/build/DerivedData/Build/Intermediates.noindex/CineChill.build/Release-iphoneos/CineChill.build/Objects-normal/arm64/CineChill.SwiftFileList (in target 'CineChill' from project 'CineChill')
    cd /Users/runner/work/cine/cine
    write-file /Users/runner/work/cine/cine/build/DerivedData/Build/Intermediates.noindex/CineChill.build/Release-iphoneos/CineChill.build/Objects-normal/arm64/CineChill.SwiftFileList

WriteAuxiliaryFile /Users/runner/work/cine/cine/build/DerivedData/Build/Intermediates.noindex/CineChill.build/Release-iphoneos/CineChill.build/Objects-normal/arm64/CineChill.SwiftConstValuesFileList (in target 'CineChill' from project 'CineChill')
    cd /Users/runner/work/cine/cine
    write-file /Users/runner/work/cine/cine/build/DerivedData/Build/Intermediates.noindex/CineChill.build/Release-iphoneos/CineChill.build/Objects-normal/arm64/CineChill.SwiftConstValuesFileList

WriteAuxiliaryFile /Users/runner/work/cine/cine/build/DerivedData/Build/Intermediates.noindex/CineChill.build/Release-iphoneos/CineChill.build/Objects-normal/arm64/CineChill.LinkFileList (in target 'CineChill' from project 'CineChill')
    cd /Users/runner/work/cine/cine
    write-file /Users/runner/work/cine/cine/build/DerivedData/Build/Intermediates.noindex/CineChill.build/Release-iphoneos/CineChill.build/Objects-normal/arm64/CineChill.LinkFileList

WriteAuxiliaryFile /Users/runner/work/cine/cine/build/DerivedData/Build/Intermediates.noindex/CineChill.build/Release-iphoneos/CineChill.build/Objects-normal/arm64/CineChill-OutputFileMap.json (in target 'CineChill' from project 'CineChill')
    cd /Users/runner/work/cine/cine
    write-file /Users/runner/work/cine/cine/build/DerivedData/Build/Intermediates.noindex/CineChill.build/Release-iphoneos/CineChill.build/Objects-normal/arm64/CineChill-OutputFileMap.json

WriteAuxiliaryFile /Users/runner/work/cine/cine/build/DerivedData/Build/Intermediates.noindex/CineChill.build/Release-iphoneos/CineChill.build/CineChill.hmap (in target 'CineChill' from project 'CineChill')
    cd /Users/runner/work/cine/cine
    write-file /Users/runner/work/cine/cine/build/DerivedData/Build/Intermediates.noindex/CineChill.build/Release-iphoneos/CineChill.build/CineChill.hmap

WriteAuxiliaryFile /Users/runner/work/cine/cine/build/DerivedData/Build/Intermediates.noindex/CineChill.build/Release-iphoneos/CineChill.build/CineChill.DependencyStaticMetadataFileList (in target 'CineChill' from project 'CineChill')
    cd /Users/runner/work/cine/cine
    write-file /Users/runner/work/cine/cine/build/DerivedData/Build/Intermediates.noindex/CineChill.build/Release-iphoneos/CineChill.build/CineChill.DependencyStaticMetadataFileList

WriteAuxiliaryFile /Users/runner/work/cine/cine/build/DerivedData/Build/Intermediates.noindex/CineChill.build/Release-iphoneos/CineChill.build/CineChill.DependencyMetadataFileList (in target 'CineChill' from project 'CineChill')
    cd /Users/runner/work/cine/cine
    write-file /Users/runner/work/cine/cine/build/DerivedData/Build/Intermediates.noindex/CineChill.build/Release-iphoneos/CineChill.build/CineChill.DependencyMetadataFileList

WriteAuxiliaryFile /Users/runner/work/cine/cine/build/DerivedData/Build/Intermediates.noindex/CineChill.build/Release-iphoneos/CineChill.build/CineChill-project-headers.hmap (in target 'CineChill' from project 'CineChill')
    cd /Users/runner/work/cine/cine
    write-file /Users/runner/work/cine/cine/build/DerivedData/Build/Intermediates.noindex/CineChill.build/Release-iphoneos/CineChill.build/CineChill-project-headers.hmap

WriteAuxiliaryFile /Users/runner/work/cine/cine/build/DerivedData/Build/Intermediates.noindex/CineChill.build/Release-iphoneos/CineChill.build/CineChill-own-target-headers.hmap (in target 'CineChill' from project 'CineChill')
    cd /Users/runner/work/cine/cine
    write-file /Users/runner/work/cine/cine/build/DerivedData/Build/Intermediates.noindex/CineChill.build/Release-iphoneos/CineChill.build/CineChill-own-target-headers.hmap

WriteAuxiliaryFile /Users/runner/work/cine/cine/build/DerivedData/Build/Intermediates.noindex/CineChill.build/Release-iphoneos/CineChill.build/CineChill-generated-files.hmap (in target 'CineChill' from project 'CineChill')
    cd /Users/runner/work/cine/cine
    write-file /Users/runner/work/cine/cine/build/DerivedData/Build/Intermediates.noindex/CineChill.build/Release-iphoneos/CineChill.build/CineChill-generated-files.hmap

WriteAuxiliaryFile /Users/runner/work/cine/cine/build/DerivedData/Build/Intermediates.noindex/CineChill.build/Release-iphoneos/CineChill.build/CineChill-all-target-headers.hmap (in target 'CineChill' from project 'CineChill')
    cd /Users/runner/work/cine/cine
    write-file /Users/runner/work/cine/cine/build/DerivedData/Build/Intermediates.noindex/CineChill.build/Release-iphoneos/CineChill.build/CineChill-all-target-headers.hmap

WriteAuxiliaryFile /Users/runner/work/cine/cine/build/DerivedData/Build/Intermediates.noindex/CineChill.build/Release-iphoneos/CineChill.build/CineChill-all-non-framework-target-headers.hmap (in target 'CineChill' from project 'CineChill')
    cd /Users/runner/work/cine/cine
    write-file /Users/runner/work/cine/cine/build/DerivedData/Build/Intermediates.noindex/CineChill.build/Release-iphoneos/CineChill.build/CineChill-all-non-framework-target-headers.hmap

MkDir /Users/runner/work/cine/cine/build/DerivedData/Build/Products/Release-iphoneos/CineChill.app (in target 'CineChill' from project 'CineChill')
    cd /Users/runner/work/cine/cine
    /bin/mkdir -p /Users/runner/work/cine/cine/build/DerivedData/Build/Products/Release-iphoneos/CineChill.app

MkDir /Users/runner/work/cine/cine/build/DerivedData/Build/Intermediates.noindex/CineChill.build/Release-iphoneos/CineChill.build/assetcatalog_output/thinned (in target 'CineChill' from project 'CineChill')
    cd /Users/runner/work/cine/cine
    /bin/mkdir -p /Users/runner/work/cine/cine/build/DerivedData/Build/Intermediates.noindex/CineChill.build/Release-iphoneos/CineChill.build/assetcatalog_output/thinned

MkDir /Users/runner/work/cine/cine/build/DerivedData/Build/Intermediates.noindex/CineChill.build/Release-iphoneos/CineChill.build/assetcatalog_output/unthinned (in target 'CineChill' from project 'CineChill')
    cd /Users/runner/work/cine/cine
    /bin/mkdir -p /Users/runner/work/cine/cine/build/DerivedData/Build/Intermediates.noindex/CineChill.build/Release-iphoneos/CineChill.build/assetcatalog_output/unthinned

GenerateAssetSymbols /Users/runner/work/cine/cine/CineChill/Resources/Assets.xcassets (in target 'CineChill' from project 'CineChill')
    cd /Users/runner/work/cine/cine
    /Applications/Xcode_16.4.app/Contents/Developer/usr/bin/actool /Users/runner/work/cine/cine/CineChill/Resources/Assets.xcassets --compile /Users/runner/work/cine/cine/build/DerivedData/Build/Products/Release-iphoneos/CineChill.app --output-format human-readable-text --notices --warnings --export-dependency-info /Users/runner/work/cine/cine/build/DerivedData/Build/Intermediates.noindex/CineChill.build/Release-iphoneos/CineChill.build/assetcatalog_dependencies --output-partial-info-plist /Users/runner/work/cine/cine/build/DerivedData/Build/Intermediates.noindex/CineChill.build/Release-iphoneos/CineChill.build/assetcatalog_generated_info.plist --app-icon AppIcon --accent-color AccentColor --compress-pngs --enable-on-demand-resources YES --development-region en --target-device iphone --target-device ipad --minimum-deployment-target 17.0 --platform iphoneos --bundle-identifier com.cinechill.mobile --generate-swift-asset-symbols /Users/runner/work/cine/cine/build/DerivedData/Build/Intermediates.noindex/CineChill.build/Release-iphoneos/CineChill.build/DerivedSources/GeneratedAssetSymbols.swift --generate-objc-asset-symbols /Users/runner/work/cine/cine/build/DerivedData/Build/Intermediates.noindex/CineChill.build/Release-iphoneos/CineChill.build/DerivedSources/GeneratedAssetSymbols.h --generate-asset-symbol-index /Users/runner/work/cine/cine/build/DerivedData/Build/Intermediates.noindex/CineChill.build/Release-iphoneos/CineChill.build/DerivedSources/GeneratedAssetSymbols-Index.plist
/* com.apple.actool.compilation-results */
/Users/runner/work/cine/cine/build/DerivedData/Build/Intermediates.noindex/CineChill.build/Release-iphoneos/CineChill.build/DerivedSources/GeneratedAssetSymbols-Index.plist
/Users/runner/work/cine/cine/build/DerivedData/Build/Intermediates.noindex/CineChill.build/Release-iphoneos/CineChill.build/DerivedSources/GeneratedAssetSymbols.h
/Users/runner/work/cine/cine/build/DerivedData/Build/Intermediates.noindex/CineChill.build/Release-iphoneos/CineChill.build/DerivedSources/GeneratedAssetSymbols.swift


CompileAssetCatalogVariant thinned /Users/runner/work/cine/cine/build/DerivedData/Build/Products/Release-iphoneos/CineChill.app /Users/runner/work/cine/cine/CineChill/Resources/Assets.xcassets (in target 'CineChill' from project 'CineChill')
    cd /Users/runner/work/cine/cine
    /Applications/Xcode_16.4.app/Contents/Developer/usr/bin/actool /Users/runner/work/cine/cine/CineChill/Resources/Assets.xcassets --compile /Users/runner/work/cine/cine/build/DerivedData/Build/Intermediates.noindex/CineChill.build/Release-iphoneos/CineChill.build/assetcatalog_output/thinned --output-format human-readable-text --notices --warnings --export-dependency-info /Users/runner/work/cine/cine/build/DerivedData/Build/Intermediates.noindex/CineChill.build/Release-iphoneos/CineChill.build/assetcatalog_dependencies_thinned --output-partial-info-plist /Users/runner/work/cine/cine/build/DerivedData/Build/Intermediates.noindex/CineChill.build/Release-iphoneos/CineChill.build/assetcatalog_generated_info.plist_thinned --app-icon AppIcon --accent-color AccentColor --compress-pngs --enable-on-demand-resources YES --development-region en --target-device iphone --target-device ipad --minimum-deployment-target 17.0 --platform iphoneos
/* com.apple.actool.compilation-results */
/Users/runner/work/cine/cine/build/DerivedData/Build/Intermediates.noindex/CineChill.build/Release-iphoneos/CineChill.build/assetcatalog_generated_info.plist_thinned
/Users/runner/work/cine/cine/build/DerivedData/Build/Intermediates.noindex/CineChill.build/Release-iphoneos/CineChill.build/assetcatalog_output/thinned/AppIcon60x60@2x.png
/Users/runner/work/cine/cine/build/DerivedData/Build/Intermediates.noindex/CineChill.build/Release-iphoneos/CineChill.build/assetcatalog_output/thinned/AppIcon76x76@2x~ipad.png
/Users/runner/work/cine/cine/build/DerivedData/Build/Intermediates.noindex/CineChill.build/Release-iphoneos/CineChill.build/assetcatalog_output/thinned/Assets.car


SwiftDriver CineChill normal arm64 com.apple.xcode.tools.swift.compiler (in target 'CineChill' from project 'CineChill')
    cd /Users/runner/work/cine/cine
    builtin-SwiftDriver -- /Applications/Xcode_16.4.app/Contents/Developer/Toolchains/XcodeDefault.xctoolchain/usr/bin/swiftc -module-name CineChill -O -whole-module-optimization -enforce-exclusivity\=checked @/Users/runner/work/cine/cine/build/DerivedData/Build/Intermediates.noindex/CineChill.build/Release-iphoneos/CineChill.build/Objects-normal/arm64/CineChill.SwiftFileList -enable-bare-slash-regex -enable-experimental-feature DebugDescriptionMacro -sdk /Applications/Xcode_16.4.app/Contents/Developer/Platforms/iPhoneOS.platform/Developer/SDKs/iPhoneOS18.5.sdk -target arm64-apple-ios17.0 -g -module-cache-path /Users/runner/work/cine/cine/build/DerivedData/ModuleCache.noindex -Xfrontend -serialize-debugging-options -swift-version 5 -I /Users/runner/work/cine/cine/build/DerivedData/Build/Products/Release-iphoneos -F /Users/runner/work/cine/cine/build/DerivedData/Build/Products/Release-iphoneos -emit-localized-strings -emit-localized-strings-path /Users/runner/work/cine/cine/build/DerivedData/Build/Intermediates.noindex/CineChill.build/Release-iphoneos/CineChill.build/Objects-normal/arm64 -c -num-threads 3 -Xcc -ivfsstatcache -Xcc /Users/runner/work/cine/cine/build/DerivedData/SDKStatCaches.noindex/iphoneos18.5-22F76-a529daf784b3616c7c04a36aeb7f5c05.sdkstatcache -output-file-map /Users/runner/work/cine/cine/build/DerivedData/Build/Intermediates.noindex/CineChill.build/Release-iphoneos/CineChill.build/Objects-normal/arm64/CineChill-OutputFileMap.json -use-frontend-parseable-output -save-temps -no-color-diagnostics -serialize-diagnostics -emit-dependencies -emit-module -emit-module-path /Users/runner/work/cine/cine/build/DerivedData/Build/Intermediates.noindex/CineChill.build/Release-iphoneos/CineChill.build/Objects-normal/arm64/CineChill.swiftmodule -validate-clang-modules-once -clang-build-session-file /Users/runner/work/cine/cine/build/DerivedData/ModuleCache.noindex/Session.modulevalidation -Xcc -I/Users/runner/work/cine/cine/build/DerivedData/Build/Intermediates.noindex/CineChill.build/Release-iphoneos/CineChill.build/swift-overrides.hmap -emit-const-values -Xfrontend -const-gather-protocols-file -Xfrontend /Users/runner/work/cine/cine/build/DerivedData/Build/Intermediates.noindex/CineChill.build/Release-iphoneos/CineChill.build/Objects-normal/arm64/CineChill_const_extract_protocols.json -Xcc -iquote -Xcc /Users/runner/work/cine/cine/build/DerivedData/Build/Intermediates.noindex/CineChill.build/Release-iphoneos/CineChill.build/CineChill-generated-files.hmap -Xcc -I/Users/runner/work/cine/cine/build/DerivedData/Build/Intermediates.noindex/CineChill.build/Release-iphoneos/CineChill.build/CineChill-own-target-headers.hmap -Xcc -I/Users/runner/work/cine/cine/build/DerivedData/Build/Intermediates.noindex/CineChill.build/Release-iphoneos/CineChill.build/CineChill-all-target-headers.hmap -Xcc -iquote -Xcc /Users/runner/work/cine/cine/build/DerivedData/Build/Intermediates.noindex/CineChill.build/Release-iphoneos/CineChill.build/CineChill-project-headers.hmap -Xcc -I/Users/runner/work/cine/cine/build/DerivedData/Build/Products/Release-iphoneos/include -Xcc -I/Users/runner/work/cine/cine/build/DerivedData/Build/Intermediates.noindex/CineChill.build/Release-iphoneos/CineChill.build/DerivedSources-normal/arm64 -Xcc -I/Users/runner/work/cine/cine/build/DerivedData/Build/Intermediates.noindex/CineChill.build/Release-iphoneos/CineChill.build/DerivedSources/arm64 -Xcc -I/Users/runner/work/cine/cine/build/DerivedData/Build/Intermediates.noindex/CineChill.build/Release-iphoneos/CineChill.build/DerivedSources -emit-objc-header -emit-objc-header-path /Users/runner/work/cine/cine/build/DerivedData/Build/Intermediates.noindex/CineChill.build/Release-iphoneos/CineChill.build/Objects-normal/arm64/CineChill-Swift.h -working-directory /Users/runner/work/cine/cine -no-emit-module-separately-wmo

SwiftCompile normal arm64 Compiling\ DomainModels.swift,\ APIClient.swift,\ DashboardView.swift,\ IntegrationViews.swift,\ SystemServices.swift,\ TasksView.swift,\ LoginView.swift,\ RemoteImage.swift,\ DockerView.swift,\ OrganizeServices.swift,\ SubscriptionsView.swift,\ MediaDetailView.swift,\ EmbyServices.swift,\ SettingsView.swift,\ JSONValue.swift,\ OrganizeViews.swift,\ MainTabView.swift,\ EmbyViews.swift,\ SubscriptionService.swift,\ ModuleComponents.swift,\ NotifyService.swift,\ RssSourceEditor.swift,\ SessionStore.swift,\ DiscoverViewModel.swift,\ SystemViews.swift,\ DiscoverService.swift,\ MediaItem.swift,\ APIError.swift,\ DashboardViewModel.swift,\ MoreView.swift,\ TaskService.swift,\ TasksViewModel.swift,\ ServerConfig.swift,\ ServerSetupView.swift,\ Theme.swift,\ Drive115Views.swift,\ ServerService.swift,\ SubscriptionsViewModel.swift,\ GlassComponents.swift,\ CineChillApp.swift,\ MediaPosterCard.swift,\ NotifyView.swift,\ IntegrationServices.swift,\ DiscoverView.swift,\ ResourceViews.swift,\ AuthService.swift,\ RootView.swift,\ GeneratedAssetSymbols.swift /Users/runner/work/cine/cine/CineChill/Models/DomainModels.swift /Users/runner/work/cine/cine/CineChill/Core/Networking/APIClient.swift /Users/runner/work/cine/cine/CineChill/Features/Dashboard/DashboardView.swift /Users/runner/work/cine/cine/CineChill/Features/More/IntegrationViews.swift /Users/runner/work/cine/cine/CineChill/Services/SystemServices.swift /Users/runner/work/cine/cine/CineChill/Features/Tasks/TasksView.swift /Users/runner/work/cine/cine/CineChill/Features/Auth/LoginView.swift /Users/runner/work/cine/cine/CineChill/Design/RemoteImage.swift /Users/runner/work/cine/cine/CineChill/Features/More/DockerView.swift /Users/runner/work/cine/cine/CineChill/Services/OrganizeServices.swift /Users/runner/work/cine/cine/CineChill/Features/Subscriptions/SubscriptionsView.swift /Users/runner/work/cine/cine/CineChill/Features/Discover/MediaDetailView.swift /Users/runner/work/cine/cine/CineChill/Services/EmbyServices.swift /Users/runner/work/cine/cine/CineChill/Features/Settings/SettingsView.swift /Users/runner/work/cine/cine/CineChill/Core/Networking/JSONValue.swift /Users/runner/work/cine/cine/CineChill/Features/More/OrganizeViews.swift /Users/runner/work/cine/cine/CineChill/Features/Root/MainTabView.swift /Users/runner/work/cine/cine/CineChill/Features/More/EmbyViews.swift /Users/runner/work/cine/cine/CineChill/Services/SubscriptionService.swift /Users/runner/work/cine/cine/CineChill/Design/ModuleComponents.swift /Users/runner/work/cine/cine/CineChill/Services/NotifyService.swift /Users/runner/work/cine/cine/CineChill/Features/Subscriptions/RssSourceEditor.swift /Users/runner/work/cine/cine/CineChill/Core/Session/SessionStore.swift /Users/runner/work/cine/cine/CineChill/Features/Discover/DiscoverViewModel.swift /Users/runner/work/cine/cine/CineChill/Features/More/SystemViews.swift /Users/runner/work/cine/cine/CineChill/Services/DiscoverService.swift /Users/runner/work/cine/cine/CineChill/Models/MediaItem.swift /Users/runner/work/cine/cine/CineChill/Core/Networking/APIError.swift /Users/runner/work/cine/cine/CineChill/Features/Dashboard/DashboardViewModel.swift /Users/runner/work/cine/cine/CineChill/Features/More/MoreView.swift /Users/runner/work/cine/cine/CineChill/Services/TaskService.swift /Users/runner/work/cine/cine/CineChill/Features/Tasks/TasksViewModel.swift /Users/runner/work/cine/cine/CineChill/Core/Config/ServerConfig.swift /Users/runner/work/cine/cine/CineChill/Features/Auth/ServerSetupView.swift /Users/runner/work/cine/cine/CineChill/Design/Theme.swift /Users/runner/work/cine/cine/CineChill/Features/More/Drive115Views.swift /Users/runner/work/cine/cine/CineChill/Services/ServerService.swift /Users/runner/work/cine/cine/CineChill/Features/Subscriptions/SubscriptionsViewModel.swift /Users/runner/work/cine/cine/CineChill/Design/GlassComponents.swift /Users/runner/work/cine/cine/CineChill/App/CineChillApp.swift /Users/runner/work/cine/cine/CineChill/Features/Discover/MediaPosterCard.swift /Users/runner/work/cine/cine/CineChill/Features/Notify/NotifyView.swift /Users/runner/work/cine/cine/CineChill/Services/IntegrationServices.swift /Users/runner/work/cine/cine/CineChill/Features/Discover/DiscoverView.swift /Users/runner/work/cine/cine/CineChill/Features/More/ResourceViews.swift /Users/runner/work/cine/cine/CineChill/Services/AuthService.swift /Users/runner/work/cine/cine/CineChill/Features/Root/RootView.swift /Users/runner/work/cine/cine/build/DerivedData/Build/Intermediates.noindex/CineChill.build/Release-iphoneos/CineChill.build/DerivedSources/GeneratedAssetSymbols.swift (in target 'CineChill' from project 'CineChill')
CompileSwift normal arm64 (in target 'CineChill' from project 'CineChill')
    cd /Users/runner/work/cine/cine
    

SwiftDriver\ Compilation CineChill normal arm64 com.apple.xcode.tools.swift.compiler (in target 'CineChill' from project 'CineChill')
    cd /Users/runner/work/cine/cine
    builtin-Swift-Compilation -- /Applications/Xcode_16.4.app/Contents/Developer/Toolchains/XcodeDefault.xctoolchain/usr/bin/swiftc -module-name CineChill -O -whole-module-optimization -enforce-exclusivity\=checked @/Users/runner/work/cine/cine/build/DerivedData/Build/Intermediates.noindex/CineChill.build/Release-iphoneos/CineChill.build/Objects-normal/arm64/CineChill.SwiftFileList -enable-bare-slash-regex -enable-experimental-feature DebugDescriptionMacro -sdk /Applications/Xcode_16.4.app/Contents/Developer/Platforms/iPhoneOS.platform/Developer/SDKs/iPhoneOS18.5.sdk -target arm64-apple-ios17.0 -g -module-cache-path /Users/runner/work/cine/cine/build/DerivedData/ModuleCache.noindex -Xfrontend -serialize-debugging-options -swift-version 5 -I /Users/runner/work/cine/cine/build/DerivedData/Build/Products/Release-iphoneos -F /Users/runner/work/cine/cine/build/DerivedData/Build/Products/Release-iphoneos -emit-localized-strings -emit-localized-strings-path /Users/runner/work/cine/cine/build/DerivedData/Build/Intermediates.noindex/CineChill.build/Release-iphoneos/CineChill.build/Objects-normal/arm64 -c -num-threads 3 -Xcc -ivfsstatcache -Xcc /Users/runner/work/cine/cine/build/DerivedData/SDKStatCaches.noindex/iphoneos18.5-22F76-a529daf784b3616c7c04a36aeb7f5c05.sdkstatcache -output-file-map /Users/runner/work/cine/cine/build/DerivedData/Build/Intermediates.noindex/CineChill.build/Release-iphoneos/CineChill.build/Objects-normal/arm64/CineChill-OutputFileMap.json -use-frontend-parseable-output -save-temps -no-color-diagnostics -serialize-diagnostics -emit-dependencies -emit-module -emit-module-path /Users/runner/work/cine/cine/build/DerivedData/Build/Intermediates.noindex/CineChill.build/Release-iphoneos/CineChill.build/Objects-normal/arm64/CineChill.swiftmodule -validate-clang-modules-once -clang-build-session-file /Users/runner/work/cine/cine/build/DerivedData/ModuleCache.noindex/Session.modulevalidation -Xcc -I/Users/runner/work/cine/cine/build/DerivedData/Build/Intermediates.noindex/CineChill.build/Release-iphoneos/CineChill.build/swift-overrides.hmap -emit-const-values -Xfrontend -const-gather-protocols-file -Xfrontend /Users/runner/work/cine/cine/build/DerivedData/Build/Intermediates.noindex/CineChill.build/Release-iphoneos/CineChill.build/Objects-normal/arm64/CineChill_const_extract_protocols.json -Xcc -iquote -Xcc /Users/runner/work/cine/cine/build/DerivedData/Build/Intermediates.noindex/CineChill.build/Release-iphoneos/CineChill.build/CineChill-generated-files.hmap -Xcc -I/Users/runner/work/cine/cine/build/DerivedData/Build/Intermediates.noindex/CineChill.build/Release-iphoneos/CineChill.build/CineChill-own-target-headers.hmap -Xcc -I/Users/runner/work/cine/cine/build/DerivedData/Build/Intermediates.noindex/CineChill.build/Release-iphoneos/CineChill.build/CineChill-all-target-headers.hmap -Xcc -iquote -Xcc /Users/runner/work/cine/cine/build/DerivedData/Build/Intermediates.noindex/CineChill.build/Release-iphoneos/CineChill.build/CineChill-project-headers.hmap -Xcc -I/Users/runner/work/cine/cine/build/DerivedData/Build/Products/Release-iphoneos/include -Xcc -I/Users/runner/work/cine/cine/build/DerivedData/Build/Intermediates.noindex/CineChill.build/Release-iphoneos/CineChill.build/DerivedSources-normal/arm64 -Xcc -I/Users/runner/work/cine/cine/build/DerivedData/Build/Intermediates.noindex/CineChill.build/Release-iphoneos/CineChill.build/DerivedSources/arm64 -Xcc -I/Users/runner/work/cine/cine/build/DerivedData/Build/Intermediates.noindex/CineChill.build/Release-iphoneos/CineChill.build/DerivedSources -emit-objc-header -emit-objc-header-path /Users/runner/work/cine/cine/build/DerivedData/Build/Intermediates.noindex/CineChill.build/Release-iphoneos/CineChill.build/Objects-normal/arm64/CineChill-Swift.h -working-directory /Users/runner/work/cine/cine -no-emit-module-separately-wmo

LinkAssetCatalog /Users/runner/work/cine/cine/CineChill/Resources/Assets.xcassets (in target 'CineChill' from project 'CineChill')
    cd /Users/runner/work/cine/cine
    builtin-linkAssetCatalog --thinned /Users/runner/work/cine/cine/build/DerivedData/Build/Intermediates.noindex/CineChill.build/Release-iphoneos/CineChill.build/assetcatalog_output/thinned --thinned-dependencies /Users/runner/work/cine/cine/build/DerivedData/Build/Intermediates.noindex/CineChill.build/Release-iphoneos/CineChill.build/assetcatalog_dependencies_thinned --thinned-info-plist-content /Users/runner/work/cine/cine/build/DerivedData/Build/Intermediates.noindex/CineChill.build/Release-iphoneos/CineChill.build/assetcatalog_generated_info.plist_thinned --unthinned /Users/runner/work/cine/cine/build/DerivedData/Build/Intermediates.noindex/CineChill.build/Release-iphoneos/CineChill.build/assetcatalog_output/unthinned --unthinned-dependencies /Users/runner/work/cine/cine/build/DerivedData/Build/Intermediates.noindex/CineChill.build/Release-iphoneos/CineChill.build/assetcatalog_dependencies_unthinned --unthinned-info-plist-content /Users/runner/work/cine/cine/build/DerivedData/Build/Intermediates.noindex/CineChill.build/Release-iphoneos/CineChill.build/assetcatalog_generated_info.plist_unthinned --output /Users/runner/work/cine/cine/build/DerivedData/Build/Products/Release-iphoneos/CineChill.app --plist-output /Users/runner/work/cine/cine/build/DerivedData/Build/Intermediates.noindex/CineChill.build/Release-iphoneos/CineChill.build/assetcatalog_generated_info.plist
note: Emplaced /Users/runner/work/cine/cine/build/DerivedData/Build/Products/Release-iphoneos/CineChill.app/AppIcon60x60@2x.png (in target 'CineChill' from project 'CineChill')
note: Emplaced /Users/runner/work/cine/cine/build/DerivedData/Build/Products/Release-iphoneos/CineChill.app/Assets.car (in target 'CineChill' from project 'CineChill')
note: Emplaced /Users/runner/work/cine/cine/build/DerivedData/Build/Products/Release-iphoneos/CineChill.app/AppIcon76x76@2x~ipad.png (in target 'CineChill' from project 'CineChill')

ProcessInfoPlistFile /Users/runner/work/cine/cine/build/DerivedData/Build/Products/Release-iphoneos/CineChill.app/Info.plist /Users/runner/work/cine/cine/CineChill/Resources/Info.plist (in target 'CineChill' from project 'CineChill')
    cd /Users/runner/work/cine/cine
    builtin-infoPlistUtility /Users/runner/work/cine/cine/CineChill/Resources/Info.plist -producttype com.apple.product-type.application -genpkginfo /Users/runner/work/cine/cine/build/DerivedData/Build/Products/Release-iphoneos/CineChill.app/PkgInfo -expandbuildsettings -format binary -platform iphoneos -additionalcontentfile /Users/runner/work/cine/cine/build/DerivedData/Build/Intermediates.noindex/CineChill.build/Release-iphoneos/CineChill.build/assetcatalog_generated_info.plist -requiredArchitecture arm64 -o /Users/runner/work/cine/cine/build/DerivedData/Build/Products/Release-iphoneos/CineChill.app/Info.plist

SwiftDriverJobDiscovery normal arm64 Compiling DomainModels.swift, APIClient.swift, DashboardView.swift, IntegrationViews.swift, SystemServices.swift, TasksView.swift, LoginView.swift, RemoteImage.swift, DockerView.swift, OrganizeServices.swift, SubscriptionsView.swift, MediaDetailView.swift, EmbyServices.swift, SettingsView.swift, JSONValue.swift, OrganizeViews.swift, MainTabView.swift, EmbyViews.swift, SubscriptionService.swift, ModuleComponents.swift, NotifyService.swift, RssSourceEditor.swift, SessionStore.swift, DiscoverViewModel.swift, SystemViews.swift, DiscoverService.swift, MediaItem.swift, APIError.swift, DashboardViewModel.swift, MoreView.swift, TaskService.swift, TasksViewModel.swift, ServerConfig.swift, ServerSetupView.swift, Theme.swift, Drive115Views.swift, ServerService.swift, SubscriptionsViewModel.swift, GlassComponents.swift, CineChillApp.swift, MediaPosterCard.swift, NotifyView.swift, IntegrationServices.swift, DiscoverView.swift, ResourceViews.swift, AuthService.swift, RootView.swift, GeneratedAssetSymbols.swift (in target 'CineChill' from project 'CineChill')

SwiftDriver\ Compilation\ Requirements CineChill normal arm64 com.apple.xcode.tools.swift.compiler (in target 'CineChill' from project 'CineChill')
    cd /Users/runner/work/cine/cine
    builtin-Swift-Compilation-Requirements -- /Applications/Xcode_16.4.app/Contents/Developer/Toolchains/XcodeDefault.xctoolchain/usr/bin/swiftc -module-name CineChill -O -whole-module-optimization -enforce-exclusivity\=checked @/Users/runner/work/cine/cine/build/DerivedData/Build/Intermediates.noindex/CineChill.build/Release-iphoneos/CineChill.build/Objects-normal/arm64/CineChill.SwiftFileList -enable-bare-slash-regex -enable-experimental-feature DebugDescriptionMacro -sdk /Applications/Xcode_16.4.app/Contents/Developer/Platforms/iPhoneOS.platform/Developer/SDKs/iPhoneOS18.5.sdk -target arm64-apple-ios17.0 -g -module-cache-path /Users/runner/work/cine/cine/build/DerivedData/ModuleCache.noindex -Xfrontend -serialize-debugging-options -swift-version 5 -I /Users/runner/work/cine/cine/build/DerivedData/Build/Products/Release-iphoneos -F /Users/runner/work/cine/cine/build/DerivedData/Build/Products/Release-iphoneos -emit-localized-strings -emit-localized-strings-path /Users/runner/work/cine/cine/build/DerivedData/Build/Intermediates.noindex/CineChill.build/Release-iphoneos/CineChill.build/Objects-normal/arm64 -c -num-threads 3 -Xcc -ivfsstatcache -Xcc /Users/runner/work/cine/cine/build/DerivedData/SDKStatCaches.noindex/iphoneos18.5-22F76-a529daf784b3616c7c04a36aeb7f5c05.sdkstatcache -output-file-map /Users/runner/work/cine/cine/build/DerivedData/Build/Intermediates.noindex/CineChill.build/Release-iphoneos/CineChill.build/Objects-normal/arm64/CineChill-OutputFileMap.json -use-frontend-parseable-output -save-temps -no-color-diagnostics -serialize-diagnostics -emit-dependencies -emit-module -emit-module-path /Users/runner/work/cine/cine/build/DerivedData/Build/Intermediates.noindex/CineChill.build/Release-iphoneos/CineChill.build/Objects-normal/arm64/CineChill.swiftmodule -validate-clang-modules-once -clang-build-session-file /Users/runner/work/cine/cine/build/DerivedData/ModuleCache.noindex/Session.modulevalidation -Xcc -I/Users/runner/work/cine/cine/build/DerivedData/Build/Intermediates.noindex/CineChill.build/Release-iphoneos/CineChill.build/swift-overrides.hmap -emit-const-values -Xfrontend -const-gather-protocols-file -Xfrontend /Users/runner/work/cine/cine/build/DerivedData/Build/Intermediates.noindex/CineChill.build/Release-iphoneos/CineChill.build/Objects-normal/arm64/CineChill_const_extract_protocols.json -Xcc -iquote -Xcc /Users/runner/work/cine/cine/build/DerivedData/Build/Intermediates.noindex/CineChill.build/Release-iphoneos/CineChill.build/CineChill-generated-files.hmap -Xcc -I/Users/runner/work/cine/cine/build/DerivedData/Build/Intermediates.noindex/CineChill.build/Release-iphoneos/CineChill.build/CineChill-own-target-headers.hmap -Xcc -I/Users/runner/work/cine/cine/build/DerivedData/Build/Intermediates.noindex/CineChill.build/Release-iphoneos/CineChill.build/CineChill-all-target-headers.hmap -Xcc -iquote -Xcc /Users/runner/work/cine/cine/build/DerivedData/Build/Intermediates.noindex/CineChill.build/Release-iphoneos/CineChill.build/CineChill-project-headers.hmap -Xcc -I/Users/runner/work/cine/cine/build/DerivedData/Build/Products/Release-iphoneos/include -Xcc -I/Users/runner/work/cine/cine/build/DerivedData/Build/Intermediates.noindex/CineChill.build/Release-iphoneos/CineChill.build/DerivedSources-normal/arm64 -Xcc -I/Users/runner/work/cine/cine/build/DerivedData/Build/Intermediates.noindex/CineChill.build/Release-iphoneos/CineChill.build/DerivedSources/arm64 -Xcc -I/Users/runner/work/cine/cine/build/DerivedData/Build/Intermediates.noindex/CineChill.build/Release-iphoneos/CineChill.build/DerivedSources -emit-objc-header -emit-objc-header-path /Users/runner/work/cine/cine/build/DerivedData/Build/Intermediates.noindex/CineChill.build/Release-iphoneos/CineChill.build/Objects-normal/arm64/CineChill-Swift.h -working-directory /Users/runner/work/cine/cine -no-emit-module-separately-wmo

SwiftMergeGeneratedHeaders /Users/runner/work/cine/cine/build/DerivedData/Build/Intermediates.noindex/CineChill.build/Release-iphoneos/CineChill.build/DerivedSources/CineChill-Swift.h /Users/runner/work/cine/cine/build/DerivedData/Build/Intermediates.noindex/CineChill.build/Release-iphoneos/CineChill.build/Objects-normal/arm64/CineChill-Swift.h (in target 'CineChill' from project 'CineChill')
    cd /Users/runner/work/cine/cine
    builtin-swiftHeaderTool -arch arm64 /Users/runner/work/cine/cine/build/DerivedData/Build/Intermediates.noindex/CineChill.build/Release-iphoneos/CineChill.build/Objects-normal/arm64/CineChill-Swift.h -o /Users/runner/work/cine/cine/build/DerivedData/Build/Intermediates.noindex/CineChill.build/Release-iphoneos/CineChill.build/DerivedSources/CineChill-Swift.h

Copy /Users/runner/work/cine/cine/build/DerivedData/Build/Products/Release-iphoneos/CineChill.swiftmodule/arm64-apple-ios.swiftdoc /Users/runner/work/cine/cine/build/DerivedData/Build/Intermediates.noindex/CineChill.build/Release-iphoneos/CineChill.build/Objects-normal/arm64/CineChill.swiftdoc (in target 'CineChill' from project 'CineChill')
    cd /Users/runner/work/cine/cine
    builtin-copy -exclude .DS_Store -exclude CVS -exclude .svn -exclude .git -exclude .hg -resolve-src-symlinks -rename /Users/runner/work/cine/cine/build/DerivedData/Build/Intermediates.noindex/CineChill.build/Release-iphoneos/CineChill.build/Objects-normal/arm64/CineChill.swiftdoc /Users/runner/work/cine/cine/build/DerivedData/Build/Products/Release-iphoneos/CineChill.swiftmodule/arm64-apple-ios.swiftdoc

Copy /Users/runner/work/cine/cine/build/DerivedData/Build/Products/Release-iphoneos/CineChill.swiftmodule/arm64-apple-ios.swiftmodule /Users/runner/work/cine/cine/build/DerivedData/Build/Intermediates.noindex/CineChill.build/Release-iphoneos/CineChill.build/Objects-normal/arm64/CineChill.swiftmodule (in target 'CineChill' from project 'CineChill')
    cd /Users/runner/work/cine/cine
    builtin-copy -exclude .DS_Store -exclude CVS -exclude .svn -exclude .git -exclude .hg -resolve-src-symlinks -rename /Users/runner/work/cine/cine/build/DerivedData/Build/Intermediates.noindex/CineChill.build/Release-iphoneos/CineChill.build/Objects-normal/arm64/CineChill.swiftmodule /Users/runner/work/cine/cine/build/DerivedData/Build/Products/Release-iphoneos/CineChill.swiftmodule/arm64-apple-ios.swiftmodule

Copy /Users/runner/work/cine/cine/build/DerivedData/Build/Products/Release-iphoneos/CineChill.swiftmodule/arm64-apple-ios.abi.json /Users/runner/work/cine/cine/build/DerivedData/Build/Intermediates.noindex/CineChill.build/Release-iphoneos/CineChill.build/Objects-normal/arm64/CineChill.abi.json (in target 'CineChill' from project 'CineChill')
    cd /Users/runner/work/cine/cine
    builtin-copy -exclude .DS_Store -exclude CVS -exclude .svn -exclude .git -exclude .hg -resolve-src-symlinks -rename /Users/runner/work/cine/cine/build/DerivedData/Build/Intermediates.noindex/CineChill.build/Release-iphoneos/CineChill.build/Objects-normal/arm64/CineChill.abi.json /Users/runner/work/cine/cine/build/DerivedData/Build/Products/Release-iphoneos/CineChill.swiftmodule/arm64-apple-ios.abi.json

Copy /Users/runner/work/cine/cine/build/DerivedData/Build/Products/Release-iphoneos/CineChill.swiftmodule/Project/arm64-apple-ios.swiftsourceinfo /Users/runner/work/cine/cine/build/DerivedData/Build/Intermediates.noindex/CineChill.build/Release-iphoneos/CineChill.build/Objects-normal/arm64/CineChill.swiftsourceinfo (in target 'CineChill' from project 'CineChill')
    cd /Users/runner/work/cine/cine
    builtin-copy -exclude .DS_Store -exclude CVS -exclude .svn -exclude .git -exclude .hg -resolve-src-symlinks -rename /Users/runner/work/cine/cine/build/DerivedData/Build/Intermediates.noindex/CineChill.build/Release-iphoneos/CineChill.build/Objects-normal/arm64/CineChill.swiftsourceinfo /Users/runner/work/cine/cine/build/DerivedData/Build/Products/Release-iphoneos/CineChill.swiftmodule/Project/arm64-apple-ios.swiftsourceinfo

Ld /Users/runner/work/cine/cine/build/DerivedData/Build/Products/Release-iphoneos/CineChill.app/CineChill normal (in target 'CineChill' from project 'CineChill')
    cd /Users/runner/work/cine/cine
    /Applications/Xcode_16.4.app/Contents/Developer/Toolchains/XcodeDefault.xctoolchain/usr/bin/clang -Xlinker -reproducible -target arm64-apple-ios17.0 -isysroot /Applications/Xcode_16.4.app/Contents/Developer/Platforms/iPhoneOS.platform/Developer/SDKs/iPhoneOS18.5.sdk -Os -L/Users/runner/work/cine/cine/build/DerivedData/Build/Intermediates.noindex/EagerLinkingTBDs/Release-iphoneos -L/Users/runner/work/cine/cine/build/DerivedData/Build/Products/Release-iphoneos -F/Users/runner/work/cine/cine/build/DerivedData/Build/Intermediates.noindex/EagerLinkingTBDs/Release-iphoneos -F/Users/runner/work/cine/cine/build/DerivedData/Build/Products/Release-iphoneos -filelist /Users/runner/work/cine/cine/build/DerivedData/Build/Intermediates.noindex/CineChill.build/Release-iphoneos/CineChill.build/Objects-normal/arm64/CineChill.LinkFileList -Xlinker -rpath -Xlinker @executable_path/Frameworks -dead_strip -Xlinker -object_path_lto -Xlinker /Users/runner/work/cine/cine/build/DerivedData/Build/Intermediates.noindex/CineChill.build/Release-iphoneos/CineChill.build/Objects-normal/arm64/CineChill_lto.o -Xlinker -dependency_info -Xlinker /Users/runner/work/cine/cine/build/DerivedData/Build/Intermediates.noindex/CineChill.build/Release-iphoneos/CineChill.build/Objects-normal/arm64/CineChill_dependency_info.dat -fobjc-link-runtime -L/Applications/Xcode_16.4.app/Contents/Developer/Toolchains/XcodeDefault.xctoolchain/usr/lib/swift/iphoneos -L/usr/lib/swift -Xlinker -add_ast_path -Xlinker /Users/runner/work/cine/cine/build/DerivedData/Build/Intermediates.noindex/CineChill.build/Release-iphoneos/CineChill.build/Objects-normal/arm64/CineChill.swiftmodule -o /Users/runner/work/cine/cine/build/DerivedData/Build/Products/Release-iphoneos/CineChill.app/CineChill

CopySwiftLibs /Users/runner/work/cine/cine/build/DerivedData/Build/Products/Release-iphoneos/CineChill.app (in target 'CineChill' from project 'CineChill')
    cd /Users/runner/work/cine/cine
    builtin-swiftStdLibTool --copy --verbose --scan-executable /Users/runner/work/cine/cine/build/DerivedData/Build/Products/Release-iphoneos/CineChill.app/CineChill --scan-folder /Users/runner/work/cine/cine/build/DerivedData/Build/Products/Release-iphoneos/CineChill.app/Frameworks --scan-folder /Users/runner/work/cine/cine/build/DerivedData/Build/Products/Release-iphoneos/CineChill.app/PlugIns --scan-folder /Users/runner/work/cine/cine/build/DerivedData/Build/Products/Release-iphoneos/CineChill.app/SystemExtensions --scan-folder /Users/runner/work/cine/cine/build/DerivedData/Build/Products/Release-iphoneos/CineChill.app/Extensions --platform iphoneos --toolchain /Applications/Xcode_16.4.app/Contents/Developer/Toolchains/XcodeDefault.xctoolchain --destination /Users/runner/work/cine/cine/build/DerivedData/Build/Products/Release-iphoneos/CineChill.app/Frameworks --strip-bitcode --strip-bitcode-tool /Applications/Xcode_16.4.app/Contents/Developer/Toolchains/XcodeDefault.xctoolchain/usr/bin/bitcode_strip --emit-dependency-info /Users/runner/work/cine/cine/build/DerivedData/Build/Intermediates.noindex/CineChill.build/Release-iphoneos/CineChill.build/SwiftStdLibToolInputDependencies.dep --filter-for-swift-os
Ignoring --strip-bitcode because --sign was not passed

ExtractAppIntentsMetadata (in target 'CineChill' from project 'CineChill')
    cd /Users/runner/work/cine/cine
    /Applications/Xcode_16.4.app/Contents/Developer/Toolchains/XcodeDefault.xctoolchain/usr/bin/appintentsmetadataprocessor --toolchain-dir /Applications/Xcode_16.4.app/Contents/Developer/Toolchains/XcodeDefault.xctoolchain --module-name CineChill --sdk-root /Applications/Xcode_16.4.app/Contents/Developer/Platforms/iPhoneOS.platform/Developer/SDKs/iPhoneOS18.5.sdk --xcode-version 16F6 --platform-family iOS --deployment-target 17.0 --bundle-identifier com.cinechill.mobile --output /Users/runner/work/cine/cine/build/DerivedData/Build/Products/Release-iphoneos/CineChill.app --target-triple arm64-apple-ios17.0 --binary-file /Users/runner/work/cine/cine/build/DerivedData/Build/Products/Release-iphoneos/CineChill.app/CineChill --dependency-file /Users/runner/work/cine/cine/build/DerivedData/Build/Intermediates.noindex/CineChill.build/Release-iphoneos/CineChill.build/Objects-normal/arm64/CineChill_dependency_info.dat --stringsdata-file /Users/runner/work/cine/cine/build/DerivedData/Build/Intermediates.noindex/CineChill.build/Release-iphoneos/CineChill.build/Objects-normal/arm64/ExtractedAppShortcutsMetadata.stringsdata --source-file-list /Users/runner/work/cine/cine/build/DerivedData/Build/Intermediates.noindex/CineChill.build/Release-iphoneos/CineChill.build/Objects-normal/arm64/CineChill.SwiftFileList --metadata-file-list /Users/runner/work/cine/cine/build/DerivedData/Build/Intermediates.noindex/CineChill.build/Release-iphoneos/CineChill.build/CineChill.DependencyMetadataFileList --static-metadata-file-list /Users/runner/work/cine/cine/build/DerivedData/Build/Intermediates.noindex/CineChill.build/Release-iphoneos/CineChill.build/CineChill.DependencyStaticMetadataFileList --swift-const-vals-list /Users/runner/work/cine/cine/build/DerivedData/Build/Intermediates.noindex/CineChill.build/Release-iphoneos/CineChill.build/Objects-normal/arm64/CineChill.SwiftConstValuesFileList --compile-time-extraction --deployment-aware-processing --validate-assistant-intents --no-app-shortcuts-localization
2026-07-10 12:56:27.771 appintentsmetadataprocessor[10813:36363] Starting appintentsmetadataprocessor export
2026-07-10 12:56:27.776 appintentsmetadataprocessor[10813:36363] warning: Metadata extraction skipped. No AppIntents.framework dependency found.

GenerateDSYMFile /Users/runner/work/cine/cine/build/DerivedData/Build/Products/Release-iphoneos/CineChill.app.dSYM /Users/runner/work/cine/cine/build/DerivedData/Build/Products/Release-iphoneos/CineChill.app/CineChill (in target 'CineChill' from project 'CineChill')
    cd /Users/runner/work/cine/cine
    /Applications/Xcode_16.4.app/Contents/Developer/Toolchains/XcodeDefault.xctoolchain/usr/bin/dsymutil /Users/runner/work/cine/cine/build/DerivedData/Build/Products/Release-iphoneos/CineChill.app/CineChill -o /Users/runner/work/cine/cine/build/DerivedData/Build/Products/Release-iphoneos/CineChill.app.dSYM

AppIntentsSSUTraining (in target 'CineChill' from project 'CineChill')
    cd /Users/runner/work/cine/cine
    /Applications/Xcode_16.4.app/Contents/Developer/Toolchains/XcodeDefault.xctoolchain/usr/bin/appintentsnltrainingprocessor --infoplist-path /Users/runner/work/cine/cine/build/DerivedData/Build/Products/Release-iphoneos/CineChill.app/Info.plist --temp-dir-path /Users/runner/work/cine/cine/build/DerivedData/Build/Intermediates.noindex/CineChill.build/Release-iphoneos/CineChill.build/ssu --bundle-id com.cinechill.mobile --product-path /Users/runner/work/cine/cine/build/DerivedData/Build/Products/Release-iphoneos/CineChill.app --extracted-metadata-path /Users/runner/work/cine/cine/build/DerivedData/Build/Products/Release-iphoneos/CineChill.app/Metadata.appintents --metadata-file-list /Users/runner/work/cine/cine/build/DerivedData/Build/Intermediates.noindex/CineChill.build/Release-iphoneos/CineChill.build/CineChill.DependencyMetadataFileList --archive-ssu-assets
2026-07-10 12:56:27.830 appintentsnltrainingprocessor[10815:36368] Parsing options for appintentsnltrainingprocessor
2026-07-10 12:56:27.832 appintentsnltrainingprocessor[10815:36368] No AppShortcuts found - Skipping.

RegisterExecutionPolicyException /Users/runner/work/cine/cine/build/DerivedData/Build/Products/Release-iphoneos/CineChill.app (in target 'CineChill' from project 'CineChill')
    cd /Users/runner/work/cine/cine
    builtin-RegisterExecutionPolicyException /Users/runner/work/cine/cine/build/DerivedData/Build/Products/Release-iphoneos/CineChill.app

Validate /Users/runner/work/cine/cine/build/DerivedData/Build/Products/Release-iphoneos/CineChill.app (in target 'CineChill' from project 'CineChill')
    cd /Users/runner/work/cine/cine
    builtin-validationUtility /Users/runner/work/cine/cine/build/DerivedData/Build/Products/Release-iphoneos/CineChill.app -validate-for-store -infoplist-subpath Info.plist

Touch /Users/runner/work/cine/cine/build/DerivedData/Build/Products/Release-iphoneos/CineChill.app (in target 'CineChill' from project 'CineChill')
    cd /Users/runner/work/cine/cine
    /usr/bin/touch -c /Users/runner/work/cine/cine/build/DerivedData/Build/Products/Release-iphoneos/CineChill.app

note: Disabling previews because SWIFT_VERSION is set and SWIFT_OPTIMIZATION_LEVEL=-O, expected -Onone (in target 'CineChill' from project 'CineChill')
** BUILD SUCCEEDED **

Unsigned IPA created: build/unsigned-ipa/CineChill-unsigned.ipa
