Command line invocation:
    /Applications/Xcode_16.4.app/Contents/Developer/usr/bin/xcodebuild -project CineChill.xcodeproj -scheme CineChill -configuration Release -sdk iphoneos -destination generic/platform=iOS -derivedDataPath build/DerivedData CODE_SIGNING_ALLOWED=NO CODE_SIGNING_REQUIRED=NO CODE_SIGN_IDENTITY= DEVELOPMENT_TEAM= clean build

Build settings from command line:
    CODE_SIGN_IDENTITY = 
    CODE_SIGNING_ALLOWED = NO
    CODE_SIGNING_REQUIRED = NO
    DEVELOPMENT_TEAM = 
    SDKROOT = iphoneos18.5

note: Using codesigning identity override: 
ComputePackagePrebuildTargetDependencyGraph

CreateBuildRequest

SendProjectDescription

CreateBuildOperation

** CLEAN SUCCEEDED **

note: Using codesigning identity override: 
ComputePackagePrebuildTargetDependencyGraph

Prepare packages

CreateBuildRequest

SendProjectDescription

CreateBuildOperation

ComputeTargetDependencyGraph
note: Building targets in dependency order
note: Target dependency graph (1 target)
    Target 'CineChill' in project 'CineChill' (no dependencies)

GatherProvisioningInputs

CreateBuildDescription

ExecuteExternalTool /Applications/Xcode_16.4.app/Contents/Developer/usr/bin/actool --print-asset-tag-combinations --output-format xml1 /Users/runner/work/cine/cine/CineChill/Resources/Assets.xcassets

ExecuteExternalTool /Applications/Xcode_16.4.app/Contents/Developer/Toolchains/XcodeDefault.xctoolchain/usr/bin/clang -v -E -dM -isysroot /Applications/Xcode_16.4.app/Contents/Developer/Platforms/iPhoneOS.platform/Developer/SDKs/iPhoneOS18.5.sdk -x c -c /dev/null

ExecuteExternalTool /Applications/Xcode_16.4.app/Contents/Developer/usr/bin/actool --version --output-format xml1

ExecuteExternalTool /Applications/Xcode_16.4.app/Contents/Developer/Toolchains/XcodeDefault.xctoolchain/usr/bin/swiftc --version

ExecuteExternalTool /Applications/Xcode_16.4.app/Contents/Developer/Toolchains/XcodeDefault.xctoolchain/usr/bin/ld -version_details

Build description signature: 6402c297064479972f1aed735e769001
Build description path: /Users/runner/work/cine/cine/build/DerivedData/Build/Intermediates.noindex/XCBuildData/6402c297064479972f1aed735e769001.xcbuilddata
error: Multiple commands produce '/Users/runner/work/cine/cine/build/DerivedData/Build/Products/Release-iphoneos/CineChill.app/Info.plist'
    note: Target 'CineChill' (project 'CineChill') has copy command from '/Users/runner/work/cine/cine/CineChill/Resources/Info.plist' to '/Users/runner/work/cine/cine/build/DerivedData/Build/Products/Release-iphoneos/CineChill.app/Info.plist'
    note: Target 'CineChill' (project 'CineChill') has process command with output '/Users/runner/work/cine/cine/build/DerivedData/Build/Products/Release-iphoneos/CineChill.app/Info.plist'
ClangStatCache /Applications/Xcode_16.4.app/Contents/Developer/Toolchains/XcodeDefault.xctoolchain/usr/bin/clang-stat-cache /Applications/Xcode_16.4.app/Contents/Developer/Platforms/iPhoneOS.platform/Developer/SDKs/iPhoneOS18.5.sdk /Users/runner/work/cine/cine/build/DerivedData/SDKStatCaches.noindex/iphoneos18.5-22F76-a529daf784b3616c7c04a36aeb7f5c05.sdkstatcache
    cd /Users/runner/work/cine/cine/CineChill.xcodeproj
    /Applications/Xcode_16.4.app/Contents/Developer/Toolchains/XcodeDefault.xctoolchain/usr/bin/clang-stat-cache /Applications/Xcode_16.4.app/Contents/Developer/Platforms/iPhoneOS.platform/Developer/SDKs/iPhoneOS18.5.sdk -o /Users/runner/work/cine/cine/build/DerivedData/SDKStatCaches.noindex/iphoneos18.5-22F76-a529daf784b3616c7c04a36aeb7f5c05.sdkstatcache

note: Disabling previews because SWIFT_VERSION is set and SWIFT_OPTIMIZATION_LEVEL=-O, expected -Onone (in target 'CineChill' from project 'CineChill')
/Users/runner/work/cine/cine/CineChill.xcodeproj: warning: The Copy Bundle Resources build phase contains this target's Info.plist file '/Users/runner/work/cine/cine/CineChill/Resources/Info.plist'. (in target 'CineChill' from project 'CineChill')
warning: duplicate output file '/Users/runner/work/cine/cine/build/DerivedData/Build/Products/Release-iphoneos/CineChill.app/Info.plist' on task: ProcessInfoPlistFile /Users/runner/work/cine/cine/build/DerivedData/Build/Products/Release-iphoneos/CineChill.app/Info.plist /Users/runner/work/cine/cine/CineChill/Resources/Info.plist (in target 'CineChill' from project 'CineChill')
** BUILD FAILED **


The following build commands failed:
	Building project CineChill with scheme CineChill and configuration Release
(1 failure)
