Available Xcode 26 installations:
/Applications/Xcode_26.0.1.app
/Applications/Xcode_26.0.app
/Applications/Xcode_26.1.1.app
/Applications/Xcode_26.1.app
/Applications/Xcode_26.2.0.app
/Applications/Xcode_26.2.app
/Applications/Xcode_26.3.0.app
/Applications/Xcode_26.3.app
/Applications/Xcode_26.4.1.app
/Applications/Xcode_26.4.app
/Applications/Xcode_26.5.0.app
/Applications/Xcode_26.5.app
/Applications/Xcode_26.6.0.app
/Applications/Xcode_26.6.app
Selecting /Applications/Xcode_26.6.app
Xcode 26.6
Build version 17F113
Command line invocation:
    /Applications/Xcode_26.6.app/Contents/Developer/usr/bin/xcodebuild -list -project CineChill.xcodeproj

Information about project "CineChill":
    Targets:
        CineChill

    Build Configurations:
        Debug
        Release

    If no build configuration is specified and -scheme is not passed then "Release" is used.

    Schemes:
        CineChill

Command line invocation:
    /Applications/Xcode_26.6.app/Contents/Developer/usr/bin/xcodebuild -project CineChill.xcodeproj -scheme CineChill -configuration Release -sdk iphoneos -destination generic/platform=iOS -derivedDataPath build/DerivedData CODE_SIGNING_ALLOWED=NO CODE_SIGNING_REQUIRED=NO CODE_SIGN_IDENTITY= DEVELOPMENT_TEAM= clean build

Build settings from command line:
    CODE_SIGN_IDENTITY = 
    CODE_SIGNING_ALLOWED = NO
    CODE_SIGNING_REQUIRED = NO
    DEVELOPMENT_TEAM = 
    SDKROOT = iphoneos26.5

note: Using codesigning identity override: 
CreateBuildRequest

SendProjectDescription

CreateBuildOperation

** CLEAN SUCCEEDED **

note: Using codesigning identity override: 
ComputePackagePrebuildTargetDependencyGraph

Prepare packages

CreateBuildRequest

SendProjectDescription

CreateBuildOperation

ComputeTargetDependencyGraph
note: Building targets in dependency order
note: Target dependency graph (1 target)
    Target 'CineChill' in project 'CineChill' (no dependencies)

GatherProvisioningInputs

CreateBuildDescription

ExecuteExternalTool /Applications/Xcode_26.6.app/Contents/Developer/Toolchains/XcodeDefault.xctoolchain/usr/bin/clang -v -E -dM -isysroot /Applications/Xcode_26.6.app/Contents/Developer/Platforms/iPhoneOS.platform/Developer/SDKs/iPhoneOS26.5.sdk -x c -c /dev/null

ExecuteExternalTool /Applications/Xcode_26.6.app/Contents/Developer/usr/bin/actool --print-asset-tag-combinations --output-format xml1 /Users/runner/work/cine/cine/CineChill/Resources/Assets.xcassets

ExecuteExternalTool /Applications/Xcode_26.6.app/Contents/Developer/usr/bin/actool --version --output-format xml1

ExecuteExternalTool /Applications/Xcode_26.6.app/Contents/Developer/Toolchains/XcodeDefault.xctoolchain/usr/bin/swiftc --version

ExecuteExternalTool /Applications/Xcode_26.6.app/Contents/Developer/Toolchains/XcodeDefault.xctoolchain/usr/bin/ld -version_details

Build description signature: 7b1b6bb0d7190557592bc10f643bd077
Build description path: /Users/runner/work/cine/cine/build/DerivedData/Build/Intermediates.noindex/XCBuildData/7b1b6bb0d7190557592bc10f643bd077.xcbuilddata
CreateBuildDirectory /Users/runner/work/cine/cine/build/DerivedData/Build/Products
    cd /Users/runner/work/cine/cine/CineChill.xcodeproj
    builtin-create-build-directory /Users/runner/work/cine/cine/build/DerivedData/Build/Products

CreateBuildDirectory /Users/runner/work/cine/cine/build/DerivedData/Build/Intermediates.noindex
    cd /Users/runner/work/cine/cine/CineChill.xcodeproj
    builtin-create-build-directory /Users/runner/work/cine/cine/build/DerivedData/Build/Intermediates.noindex

ClangStatCache /Applications/Xcode_26.6.app/Contents/Developer/Toolchains/XcodeDefault.xctoolchain/usr/bin/clang-stat-cache /Applications/Xcode_26.6.app/Contents/Developer/Platforms/iPhoneOS.platform/Developer/SDKs/iPhoneOS26.5.sdk /Users/runner/work/cine/cine/build/DerivedData/SDKStatCaches.noindex/iphoneos26.5-23F81a-688ef53f1462e2c8f657fdc38a81448fee66e23052a0157c865c76b268046726.sdkstatcache
    cd /Users/runner/work/cine/cine/CineChill.xcodeproj
    /Applications/Xcode_26.6.app/Contents/Developer/Toolchains/XcodeDefault.xctoolchain/usr/bin/clang-stat-cache /Applications/Xcode_26.6.app/Contents/Developer/Platforms/iPhoneOS.platform/Developer/SDKs/iPhoneOS26.5.sdk -o /Users/runner/work/cine/cine/build/DerivedData/SDKStatCaches.noindex/iphoneos26.5-23F81a-688ef53f1462e2c8f657fdc38a81448fee66e23052a0157c865c76b268046726.sdkstatcache

CreateBuildDirectory /Users/runner/work/cine/cine/build/DerivedData/Build/Products/Release-iphoneos
    cd /Users/runner/work/cine/cine/CineChill.xcodeproj
    builtin-create-build-directory /Users/runner/work/cine/cine/build/DerivedData/Build/Products/Release-iphoneos

WriteAuxiliaryFile /Users/runner/work/cine/cine/build/DerivedData/Build/Intermediates.noindex/CineChill.build/Release-iphoneos/CineChill-2301bb2f626fed95fa8e6e785684e49b-VFS-iphoneos/all-product-headers.yaml
    cd /Users/runner/work/cine/cine/CineChill.xcodeproj
    write-file /Users/runner/work/cine/cine/build/DerivedData/Build/Intermediates.noindex/CineChill.build/Release-iphoneos/CineChill-2301bb2f626fed95fa8e6e785684e49b-VFS-iphoneos/all-product-headers.yaml

CreateBuildDirectory /Users/runner/work/cine/cine/build/DerivedData/Build/Intermediates.noindex/SwiftExplicitPrecompiledModules
    cd /Users/runner/work/cine/cine/CineChill.xcodeproj
    builtin-create-build-directory /Users/runner/work/cine/cine/build/DerivedData/Build/Intermediates.noindex/SwiftExplicitPrecompiledModules

CreateBuildDirectory /Users/runner/work/cine/cine/build/DerivedData/Build/Intermediates.noindex/ExplicitPrecompiledModules
    cd /Users/runner/work/cine/cine/CineChill.xcodeproj
    builtin-create-build-directory /Users/runner/work/cine/cine/build/DerivedData/Build/Intermediates.noindex/ExplicitPrecompiledModules

CreateBuildDirectory /Users/runner/work/cine/cine/build/DerivedData/Build/Intermediates.noindex/EagerLinkingTBDs/Release-iphoneos
    cd /Users/runner/work/cine/cine/CineChill.xcodeproj
    builtin-create-build-directory /Users/runner/work/cine/cine/build/DerivedData/Build/Intermediates.noindex/EagerLinkingTBDs/Release-iphoneos

WriteAuxiliaryFile /Users/runner/work/cine/cine/build/DerivedData/Build/Intermediates.noindex/CineChill.build/Release-iphoneos/CineChill.build/Objects-normal/arm64/CineChill_const_extract_protocols.json (in target 'CineChill' from project 'CineChill')
    cd /Users/runner/work/cine/cine
    write-file /Users/runner/work/cine/cine/build/DerivedData/Build/Intermediates.noindex/CineChill.build/Release-iphoneos/CineChill.build/Objects-normal/arm64/CineChill_const_extract_protocols.json

WriteAuxiliaryFile /Users/runner/work/cine/cine/build/DerivedData/Build/Intermediates.noindex/CineChill.build/Release-iphoneos/CineChill.build/Objects-normal/arm64/CineChill.SwiftFileList (in target 'CineChill' from project 'CineChill')
    cd /Users/runner/work/cine/cine
    write-file /Users/runner/work/cine/cine/build/DerivedData/Build/Intermediates.noindex/CineChill.build/Release-iphoneos/CineChill.build/Objects-normal/arm64/CineChill.SwiftFileList

WriteAuxiliaryFile /Users/runner/work/cine/cine/build/DerivedData/Build/Intermediates.noindex/CineChill.build/Release-iphoneos/CineChill.build/Objects-normal/arm64/CineChill.SwiftConstValuesFileList (in target 'CineChill' from project 'CineChill')
    cd /Users/runner/work/cine/cine
    write-file /Users/runner/work/cine/cine/build/DerivedData/Build/Intermediates.noindex/CineChill.build/Release-iphoneos/CineChill.build/Objects-normal/arm64/CineChill.SwiftConstValuesFileList

WriteAuxiliaryFile /Users/runner/work/cine/cine/build/DerivedData/Build/Intermediates.noindex/CineChill.build/Release-iphoneos/CineChill.build/Objects-normal/arm64/CineChill.LinkFileList (in target 'CineChill' from project 'CineChill')
    cd /Users/runner/work/cine/cine
    write-file /Users/runner/work/cine/cine/build/DerivedData/Build/Intermediates.noindex/CineChill.build/Release-iphoneos/CineChill.build/Objects-normal/arm64/CineChill.LinkFileList

WriteAuxiliaryFile /Users/runner/work/cine/cine/build/DerivedData/Build/Intermediates.noindex/CineChill.build/Release-iphoneos/CineChill.build/Objects-normal/arm64/CineChill-OutputFileMap.json (in target 'CineChill' from project 'CineChill')
    cd /Users/runner/work/cine/cine
    write-file /Users/runner/work/cine/cine/build/DerivedData/Build/Intermediates.noindex/CineChill.build/Release-iphoneos/CineChill.build/Objects-normal/arm64/CineChill-OutputFileMap.json

WriteAuxiliaryFile /Users/runner/work/cine/cine/build/DerivedData/Build/Intermediates.noindex/CineChill.build/Release-iphoneos/CineChill.build/CineChill.hmap (in target 'CineChill' from project 'CineChill')
    cd /Users/runner/work/cine/cine
    write-file /Users/runner/work/cine/cine/build/DerivedData/Build/Intermediates.noindex/CineChill.build/Release-iphoneos/CineChill.build/CineChill.hmap

WriteAuxiliaryFile /Users/runner/work/cine/cine/build/DerivedData/Build/Intermediates.noindex/CineChill.build/Release-iphoneos/CineChill.build/CineChill.DependencyStaticMetadataFileList (in target 'CineChill' from project 'CineChill')
    cd /Users/runner/work/cine/cine
    write-file /Users/runner/work/cine/cine/build/DerivedData/Build/Intermediates.noindex/CineChill.build/Release-iphoneos/CineChill.build/CineChill.DependencyStaticMetadataFileList

WriteAuxiliaryFile /Users/runner/work/cine/cine/build/DerivedData/Build/Intermediates.noindex/CineChill.build/Release-iphoneos/CineChill.build/CineChill.DependencyMetadataFileList (in target 'CineChill' from project 'CineChill')
    cd /Users/runner/work/cine/cine
    write-file /Users/runner/work/cine/cine/build/DerivedData/Build/Intermediates.noindex/CineChill.build/Release-iphoneos/CineChill.build/CineChill.DependencyMetadataFileList

WriteAuxiliaryFile /Users/runner/work/cine/cine/build/DerivedData/Build/Intermediates.noindex/CineChill.build/Release-iphoneos/CineChill.build/CineChill-project-headers.hmap (in target 'CineChill' from project 'CineChill')
    cd /Users/runner/work/cine/cine
    write-file /Users/runner/work/cine/cine/build/DerivedData/Build/Intermediates.noindex/CineChill.build/Release-iphoneos/CineChill.build/CineChill-project-headers.hmap

WriteAuxiliaryFile /Users/runner/work/cine/cine/build/DerivedData/Build/Intermediates.noindex/CineChill.build/Release-iphoneos/CineChill.build/CineChill-own-target-headers.hmap (in target 'CineChill' from project 'CineChill')
    cd /Users/runner/work/cine/cine
    write-file /Users/runner/work/cine/cine/build/DerivedData/Build/Intermediates.noindex/CineChill.build/Release-iphoneos/CineChill.build/CineChill-own-target-headers.hmap

WriteAuxiliaryFile /Users/runner/work/cine/cine/build/DerivedData/Build/Intermediates.noindex/CineChill.build/Release-iphoneos/CineChill.build/CineChill-generated-files.hmap (in target 'CineChill' from project 'CineChill')
    cd /Users/runner/work/cine/cine
    write-file /Users/runner/work/cine/cine/build/DerivedData/Build/Intermediates.noindex/CineChill.build/Release-iphoneos/CineChill.build/CineChill-generated-files.hmap

WriteAuxiliaryFile /Users/runner/work/cine/cine/build/DerivedData/Build/Intermediates.noindex/CineChill.build/Release-iphoneos/CineChill.build/CineChill-all-target-headers.hmap (in target 'CineChill' from project 'CineChill')
    cd /Users/runner/work/cine/cine
    write-file /Users/runner/work/cine/cine/build/DerivedData/Build/Intermediates.noindex/CineChill.build/Release-iphoneos/CineChill.build/CineChill-all-target-headers.hmap

WriteAuxiliaryFile /Users/runner/work/cine/cine/build/DerivedData/Build/Intermediates.noindex/CineChill.build/Release-iphoneos/CineChill.build/CineChill-all-non-framework-target-headers.hmap (in target 'CineChill' from project 'CineChill')
    cd /Users/runner/work/cine/cine
    write-file /Users/runner/work/cine/cine/build/DerivedData/Build/Intermediates.noindex/CineChill.build/Release-iphoneos/CineChill.build/CineChill-all-non-framework-target-headers.hmap

MkDir /Users/runner/work/cine/cine/build/DerivedData/Build/Products/Release-iphoneos/CineChill.app (in target 'CineChill' from project 'CineChill')
    cd /Users/runner/work/cine/cine
    /bin/mkdir -p /Users/runner/work/cine/cine/build/DerivedData/Build/Products/Release-iphoneos/CineChill.app

MkDir /Users/runner/work/cine/cine/build/DerivedData/Build/Intermediates.noindex/CineChill.build/Release-iphoneos/CineChill.build/assetcatalog_output/unthinned (in target 'CineChill' from project 'CineChill')
    cd /Users/runner/work/cine/cine
    /bin/mkdir -p /Users/runner/work/cine/cine/build/DerivedData/Build/Intermediates.noindex/CineChill.build/Release-iphoneos/CineChill.build/assetcatalog_output/unthinned

MkDir /Users/runner/work/cine/cine/build/DerivedData/Build/Intermediates.noindex/CineChill.build/Release-iphoneos/CineChill.build/assetcatalog_output/thinned (in target 'CineChill' from project 'CineChill')
    cd /Users/runner/work/cine/cine
    /bin/mkdir -p /Users/runner/work/cine/cine/build/DerivedData/Build/Intermediates.noindex/CineChill.build/Release-iphoneos/CineChill.build/assetcatalog_output/thinned

GenerateAssetSymbols /Users/runner/work/cine/cine/CineChill/Resources/Assets.xcassets (in target 'CineChill' from project 'CineChill')
    cd /Users/runner/work/cine/cine
    /Applications/Xcode_26.6.app/Contents/Developer/usr/bin/actool /Users/runner/work/cine/cine/CineChill/Resources/Assets.xcassets --compile /Users/runner/work/cine/cine/build/DerivedData/Build/Products/Release-iphoneos/CineChill.app --output-format human-readable-text --notices --warnings --export-dependency-info /Users/runner/work/cine/cine/build/DerivedData/Build/Intermediates.noindex/CineChill.build/Release-iphoneos/CineChill.build/assetcatalog_dependencies --output-partial-info-plist /Users/runner/work/cine/cine/build/DerivedData/Build/Intermediates.noindex/CineChill.build/Release-iphoneos/CineChill.build/assetcatalog_generated_info.plist --app-icon AppIcon --accent-color AccentColor --compress-pngs --enable-on-demand-resources YES --development-region en --target-device iphone --target-device ipad --minimum-deployment-target 26.0 --platform iphoneos --bundle-identifier com.cinechill.mobile --generate-swift-asset-symbols /Users/runner/work/cine/cine/build/DerivedData/Build/Intermediates.noindex/CineChill.build/Release-iphoneos/CineChill.build/DerivedSources/GeneratedAssetSymbols.swift --generate-objc-asset-symbols /Users/runner/work/cine/cine/build/DerivedData/Build/Intermediates.noindex/CineChill.build/Release-iphoneos/CineChill.build/DerivedSources/GeneratedAssetSymbols.h --generate-asset-symbol-index /Users/runner/work/cine/cine/build/DerivedData/Build/Intermediates.noindex/CineChill.build/Release-iphoneos/CineChill.build/DerivedSources/GeneratedAssetSymbols-Index.plist
/* com.apple.actool.compilation-results */
/Users/runner/work/cine/cine/build/DerivedData/Build/Intermediates.noindex/CineChill.build/Release-iphoneos/CineChill.build/DerivedSources/GeneratedAssetSymbols-Index.plist
/Users/runner/work/cine/cine/build/DerivedData/Build/Intermediates.noindex/CineChill.build/Release-iphoneos/CineChill.build/DerivedSources/GeneratedAssetSymbols.h
/Users/runner/work/cine/cine/build/DerivedData/Build/Intermediates.noindex/CineChill.build/Release-iphoneos/CineChill.build/DerivedSources/GeneratedAssetSymbols.swift


CpResource /Users/runner/work/cine/cine/build/DerivedData/Build/Products/Release-iphoneos/CineChill.app/api_manifest.json /Users/runner/work/cine/cine/CineChill/Resources/api_manifest.json (in target 'CineChill' from project 'CineChill')
    cd /Users/runner/work/cine/cine
    builtin-copy -exclude .DS_Store -exclude CVS -exclude .svn -exclude .git -exclude .hg -resolve-src-symlinks /Users/runner/work/cine/cine/CineChill/Resources/api_manifest.json /Users/runner/work/cine/cine/build/DerivedData/Build/Products/Release-iphoneos/CineChill.app

CompileAssetCatalogVariant thinned /Users/runner/work/cine/cine/build/DerivedData/Build/Products/Release-iphoneos/CineChill.app /Users/runner/work/cine/cine/CineChill/Resources/Assets.xcassets (in target 'CineChill' from project 'CineChill')
    cd /Users/runner/work/cine/cine
    /Applications/Xcode_26.6.app/Contents/Developer/usr/bin/actool /Users/runner/work/cine/cine/CineChill/Resources/Assets.xcassets --compile /Users/runner/work/cine/cine/build/DerivedData/Build/Intermediates.noindex/CineChill.build/Release-iphoneos/CineChill.build/assetcatalog_output/thinned --output-format human-readable-text --notices --warnings --export-dependency-info /Users/runner/work/cine/cine/build/DerivedData/Build/Intermediates.noindex/CineChill.build/Release-iphoneos/CineChill.build/assetcatalog_dependencies_thinned --output-partial-info-plist /Users/runner/work/cine/cine/build/DerivedData/Build/Intermediates.noindex/CineChill.build/Release-iphoneos/CineChill.build/assetcatalog_generated_info.plist_thinned --app-icon AppIcon --accent-color AccentColor --compress-pngs --enable-on-demand-resources YES --development-region en --target-device iphone --target-device ipad --minimum-deployment-target 26.0 --platform iphoneos

SwiftDriver CineChill normal arm64 com.apple.xcode.tools.swift.compiler (in target 'CineChill' from project 'CineChill')
    cd /Users/runner/work/cine/cine
    builtin-SwiftDriver -- /Applications/Xcode_26.6.app/Contents/Developer/Toolchains/XcodeDefault.xctoolchain/usr/bin/swiftc -module-name CineChill -O -whole-module-optimization @/Users/runner/work/cine/cine/build/DerivedData/Build/Intermediates.noindex/CineChill.build/Release-iphoneos/CineChill.build/Objects-normal/arm64/CineChill.SwiftFileList -enable-bare-slash-regex -enable-experimental-feature DebugDescriptionMacro -sdk /Applications/Xcode_26.6.app/Contents/Developer/Platforms/iPhoneOS.platform/Developer/SDKs/iPhoneOS26.5.sdk -target arm64-apple-ios26.0 -g -module-cache-path /Users/runner/work/cine/cine/build/DerivedData/ModuleCache.noindex -Xfrontend -serialize-debugging-options -swift-version 5 -I /Users/runner/work/cine/cine/build/DerivedData/Build/Products/Release-iphoneos -F /Users/runner/work/cine/cine/build/DerivedData/Build/Products/Release-iphoneos -emit-localized-strings -emit-localized-strings-path /Users/runner/work/cine/cine/build/DerivedData/Build/Intermediates.noindex/CineChill.build/Release-iphoneos/CineChill.build/Objects-normal/arm64 -c -num-threads 3 -Xcc -ivfsstatcache -Xcc /Users/runner/work/cine/cine/build/DerivedData/SDKStatCaches.noindex/iphoneos26.5-23F81a-688ef53f1462e2c8f657fdc38a81448fee66e23052a0157c865c76b268046726.sdkstatcache -output-file-map /Users/runner/work/cine/cine/build/DerivedData/Build/Intermediates.noindex/CineChill.build/Release-iphoneos/CineChill.build/Objects-normal/arm64/CineChill-OutputFileMap.json -use-frontend-parseable-output -save-temps -no-color-diagnostics -explicit-module-build -module-cache-path /Users/runner/work/cine/cine/build/DerivedData/Build/Intermediates.noindex/SwiftExplicitPrecompiledModules -clang-scanner-module-cache-path /Users/runner/work/cine/cine/build/DerivedData/ModuleCache.noindex -sdk-module-cache-path /Users/runner/work/cine/cine/build/DerivedData/ModuleCache.noindex -serialize-diagnostics -emit-dependencies -emit-module -emit-module-path /Users/runner/work/cine/cine/build/DerivedData/Build/Intermediates.noindex/CineChill.build/Release-iphoneos/CineChill.build/Objects-normal/arm64/CineChill.swiftmodule -validate-clang-modules-once -clang-build-session-file /Users/runner/work/cine/cine/build/DerivedData/ModuleCache.noindex/Session.modulevalidation -Xcc -I/Users/runner/work/cine/cine/build/DerivedData/Build/Intermediates.noindex/CineChill.build/Release-iphoneos/CineChill.build/swift-overrides.hmap -emit-const-values -Xfrontend -const-gather-protocols-file -Xfrontend /Users/runner/work/cine/cine/build/DerivedData/Build/Intermediates.noindex/CineChill.build/Release-iphoneos/CineChill.build/Objects-normal/arm64/CineChill_const_extract_protocols.json -Xcc -iquote -Xcc /Users/runner/work/cine/cine/build/DerivedData/Build/Intermediates.noindex/CineChill.build/Release-iphoneos/CineChill.build/CineChill-generated-files.hmap -Xcc -I/Users/runner/work/cine/cine/build/DerivedData/Build/Intermediates.noindex/CineChill.build/Release-iphoneos/CineChill.build/CineChill-own-target-headers.hmap -Xcc -I/Users/runner/work/cine/cine/build/DerivedData/Build/Intermediates.noindex/CineChill.build/Release-iphoneos/CineChill.build/CineChill-all-target-headers.hmap -Xcc -iquote -Xcc /Users/runner/work/cine/cine/build/DerivedData/Build/Intermediates.noindex/CineChill.build/Release-iphoneos/CineChill.build/CineChill-project-headers.hmap -Xcc -I/Users/runner/work/cine/cine/build/DerivedData/Build/Products/Release-iphoneos/include -Xcc -I/Users/runner/work/cine/cine/build/DerivedData/Build/Intermediates.noindex/CineChill.build/Release-iphoneos/CineChill.build/DerivedSources-normal/arm64 -Xcc -I/Users/runner/work/cine/cine/build/DerivedData/Build/Intermediates.noindex/CineChill.build/Release-iphoneos/CineChill.build/DerivedSources/arm64 -Xcc -I/Users/runner/work/cine/cine/build/DerivedData/Build/Intermediates.noindex/CineChill.build/Release-iphoneos/CineChill.build/DerivedSources -emit-objc-header -emit-objc-header-path /Users/runner/work/cine/cine/build/DerivedData/Build/Intermediates.noindex/CineChill.build/Release-iphoneos/CineChill.build/Objects-normal/arm64/CineChill-Swift.h -working-directory /Users/runner/work/cine/cine -no-emit-module-separately-wmo

SwiftDriver\ Compilation CineChill normal arm64 com.apple.xcode.tools.swift.compiler (in target 'CineChill' from project 'CineChill')
    cd /Users/runner/work/cine/cine
    builtin-Swift-Compilation -- /Applications/Xcode_26.6.app/Contents/Developer/Toolchains/XcodeDefault.xctoolchain/usr/bin/swiftc -module-name CineChill -O -whole-module-optimization @/Users/runner/work/cine/cine/build/DerivedData/Build/Intermediates.noindex/CineChill.build/Release-iphoneos/CineChill.build/Objects-normal/arm64/CineChill.SwiftFileList -enable-bare-slash-regex -enable-experimental-feature DebugDescriptionMacro -sdk /Applications/Xcode_26.6.app/Contents/Developer/Platforms/iPhoneOS.platform/Developer/SDKs/iPhoneOS26.5.sdk -target arm64-apple-ios26.0 -g -module-cache-path /Users/runner/work/cine/cine/build/DerivedData/ModuleCache.noindex -Xfrontend -serialize-debugging-options -swift-version 5 -I /Users/runner/work/cine/cine/build/DerivedData/Build/Products/Release-iphoneos -F /Users/runner/work/cine/cine/build/DerivedData/Build/Products/Release-iphoneos -emit-localized-strings -emit-localized-strings-path /Users/runner/work/cine/cine/build/DerivedData/Build/Intermediates.noindex/CineChill.build/Release-iphoneos/CineChill.build/Objects-normal/arm64 -c -num-threads 3 -Xcc -ivfsstatcache -Xcc /Users/runner/work/cine/cine/build/DerivedData/SDKStatCaches.noindex/iphoneos26.5-23F81a-688ef53f1462e2c8f657fdc38a81448fee66e23052a0157c865c76b268046726.sdkstatcache -output-file-map /Users/runner/work/cine/cine/build/DerivedData/Build/Intermediates.noindex/CineChill.build/Release-iphoneos/CineChill.build/Objects-normal/arm64/CineChill-OutputFileMap.json -use-frontend-parseable-output -save-temps -no-color-diagnostics -explicit-module-build -module-cache-path /Users/runner/work/cine/cine/build/DerivedData/Build/Intermediates.noindex/SwiftExplicitPrecompiledModules -clang-scanner-module-cache-path /Users/runner/work/cine/cine/build/DerivedData/ModuleCache.noindex -sdk-module-cache-path /Users/runner/work/cine/cine/build/DerivedData/ModuleCache.noindex -serialize-diagnostics -emit-dependencies -emit-module -emit-module-path /Users/runner/work/cine/cine/build/DerivedData/Build/Intermediates.noindex/CineChill.build/Release-iphoneos/CineChill.build/Objects-normal/arm64/CineChill.swiftmodule -validate-clang-modules-once -clang-build-session-file /Users/runner/work/cine/cine/build/DerivedData/ModuleCache.noindex/Session.modulevalidation -Xcc -I/Users/runner/work/cine/cine/build/DerivedData/Build/Intermediates.noindex/CineChill.build/Release-iphoneos/CineChill.build/swift-overrides.hmap -emit-const-values -Xfrontend -const-gather-protocols-file -Xfrontend /Users/runner/work/cine/cine/build/DerivedData/Build/Intermediates.noindex/CineChill.build/Release-iphoneos/CineChill.build/Objects-normal/arm64/CineChill_const_extract_protocols.json -Xcc -iquote -Xcc /Users/runner/work/cine/cine/build/DerivedData/Build/Intermediates.noindex/CineChill.build/Release-iphoneos/CineChill.build/CineChill-generated-files.hmap -Xcc -I/Users/runner/work/cine/cine/build/DerivedData/Build/Intermediates.noindex/CineChill.build/Release-iphoneos/CineChill.build/CineChill-own-target-headers.hmap -Xcc -I/Users/runner/work/cine/cine/build/DerivedData/Build/Intermediates.noindex/CineChill.build/Release-iphoneos/CineChill.build/CineChill-all-target-headers.hmap -Xcc -iquote -Xcc /Users/runner/work/cine/cine/build/DerivedData/Build/Intermediates.noindex/CineChill.build/Release-iphoneos/CineChill.build/CineChill-project-headers.hmap -Xcc -I/Users/runner/work/cine/cine/build/DerivedData/Build/Products/Release-iphoneos/include -Xcc -I/Users/runner/work/cine/cine/build/DerivedData/Build/Intermediates.noindex/CineChill.build/Release-iphoneos/CineChill.build/DerivedSources-normal/arm64 -Xcc -I/Users/runner/work/cine/cine/build/DerivedData/Build/Intermediates.noindex/CineChill.build/Release-iphoneos/CineChill.build/DerivedSources/arm64 -Xcc -I/Users/runner/work/cine/cine/build/DerivedData/Build/Intermediates.noindex/CineChill.build/Release-iphoneos/CineChill.build/DerivedSources -emit-objc-header -emit-objc-header-path /Users/runner/work/cine/cine/build/DerivedData/Build/Intermediates.noindex/CineChill.build/Release-iphoneos/CineChill.build/Objects-normal/arm64/CineChill-Swift.h -working-directory /Users/runner/work/cine/cine -no-emit-module-separately-wmo

SwiftExplicitDependencyGeneratePcm arm64 /Users/runner/work/cine/cine/build/DerivedData/ModuleCache.noindex/_Builtin_stdarg-6I3O009NBIASSREDHIHYKOTD8.pcm

SwiftExplicitDependencyGeneratePcm arm64 /Users/runner/work/cine/cine/build/DerivedData/ModuleCache.noindex/_Builtin_stddef-5NZMO47VOT1W2D59FR5P1KNOC.pcm

SwiftExplicitDependencyGeneratePcm arm64 /Users/runner/work/cine/cine/build/DerivedData/ModuleCache.noindex/_Builtin_stdbool-1EBT9MKTJ5AZE4RNTFJWK07RF.pcm

SwiftExplicitDependencyGeneratePcm arm64 /Users/runner/work/cine/cine/build/DerivedData/ModuleCache.noindex/ptrcheck-9RA5P10BRZ6X5QQJSTR8ABJWA.pcm

SwiftExplicitDependencyGeneratePcm arm64 /Users/runner/work/cine/cine/build/DerivedData/ModuleCache.noindex/DeveloperToolsSupport-BNQCT1JD39NR11NR1OVHLQRDN.pcm

SwiftExplicitDependencyGeneratePcm arm64 /Users/runner/work/cine/cine/build/DerivedData/ModuleCache.noindex/ptrauth-2ZN9FFKJGN1YR94MY5AGMZHFA.pcm

SwiftExplicitDependencyGeneratePcm arm64 /Users/runner/work/cine/cine/build/DerivedData/ModuleCache.noindex/_SwiftConcurrencyShims-83TCL8IPX5ICVT791MEJIV17G.pcm

SwiftExplicitDependencyGeneratePcm arm64 /Users/runner/work/cine/cine/build/DerivedData/ModuleCache.noindex/_AvailabilityInternal-7Y0XOV2Y48WWNAHFZC6P0TMK5.pcm

SwiftExplicitDependencyGeneratePcm arm64 /Users/runner/work/cine/cine/build/DerivedData/ModuleCache.noindex/SwiftShims-7GQW6ILN3AY2RE5W24Y18VDTD.pcm

SwiftExplicitDependencyGeneratePcm arm64 /Users/runner/work/cine/cine/build/DerivedData/ModuleCache.noindex/_Builtin_float-B4IYJ43OXBXVPV94DORDR5JUO.pcm

SwiftExplicitDependencyGeneratePcm arm64 /Users/runner/work/cine/cine/build/DerivedData/ModuleCache.noindex/_DarwinFoundation1-4MVSV288WRP5R9E8KIT3RYQBW.pcm

SwiftExplicitDependencyGeneratePcm arm64 /Users/runner/work/cine/cine/build/DerivedData/ModuleCache.noindex/_DarwinFoundation2-3KWU9USGLCKP5H7E3ITL4929Q.pcm

SwiftExplicitDependencyGeneratePcm arm64 /Users/runner/work/cine/cine/build/DerivedData/ModuleCache.noindex/_Builtin_limits-4WE0Q19S0HR1FAP1CX4JVEZDL.pcm

SwiftExplicitDependencyGeneratePcm arm64 /Users/runner/work/cine/cine/build/DerivedData/ModuleCache.noindex/_Builtin_stdint-6RNWD04I5UEU73EE34WA0K7RB.pcm

SwiftExplicitDependencyGeneratePcm arm64 /Users/runner/work/cine/cine/build/DerivedData/ModuleCache.noindex/_Builtin_tgmath-3O4JWVO3ZD7A2XF0HY4PM8VH9.pcm

SwiftExplicitDependencyGeneratePcm arm64 /Users/runner/work/cine/cine/build/DerivedData/ModuleCache.noindex/sys_types-1XHEHEGA46LSGLAV61XHWXW7E.pcm

SwiftExplicitDependencyGeneratePcm arm64 /Users/runner/work/cine/cine/build/DerivedData/ModuleCache.noindex/_Builtin_intrinsics-EEYC4OE2U09FOHYTAEM33EUJF.pcm

SwiftExplicitDependencyGeneratePcm arm64 /Users/runner/work/cine/cine/build/DerivedData/ModuleCache.noindex/_Builtin_stdatomic-D42PGWEVO16PB57OGJPDA6LB8.pcm

SwiftExplicitDependencyGeneratePcm arm64 /Users/runner/work/cine/cine/build/DerivedData/ModuleCache.noindex/_DarwinFoundation3-74KZSWUQ751DLV1UNJNBPX8NH.pcm

SwiftExplicitDependencyGeneratePcm arm64 /Users/runner/work/cine/cine/build/DerivedData/ModuleCache.noindex/_Builtin_inttypes-2Z9J7C51AFVRTCL8VXAMK4SVU.pcm

SwiftExplicitDependencyGeneratePcm arm64 /Users/runner/work/cine/cine/build/DerivedData/ModuleCache.noindex/simd-6S2SUU1U1DJDOP3EYW7ZL7Z9X.pcm

SwiftExplicitDependencyGeneratePcm arm64 /Users/runner/work/cine/cine/build/DerivedData/ModuleCache.noindex/Darwin-6TZPP18SGNKG0XJ8224KOFK7Q.pcm

SwiftExplicitDependencyGeneratePcm arm64 /Users/runner/work/cine/cine/build/DerivedData/ModuleCache.noindex/ObjectiveC-4742ZNX2GN089VCWR9N1N1IC4.pcm

SwiftExplicitDependencyGeneratePcm arm64 /Users/runner/work/cine/cine/build/DerivedData/ModuleCache.noindex/MachO-DWRRVCSZTJTJLHHUW450QPC1I.pcm

SwiftExplicitDependencyGeneratePcm arm64 /Users/runner/work/cine/cine/build/DerivedData/ModuleCache.noindex/Spatial-ASOIU1DWRYOKBVWH92153N4AI.pcm

SwiftExplicitDependencyGeneratePcm arm64 /Users/runner/work/cine/cine/build/DerivedData/ModuleCache.noindex/os_object-4I2995LDWBODHKKSAF9HVF0D6.pcm

SwiftExplicitDependencyGeneratePcm arm64 /Users/runner/work/cine/cine/build/DerivedData/ModuleCache.noindex/os_workgroup-5YPWTBQLO7QDPNC55SWJ3IFZS.pcm

SwiftExplicitDependencyGeneratePcm arm64 /Users/runner/work/cine/cine/build/DerivedData/ModuleCache.noindex/Dispatch-DPY5TXCJVVMFYT1Z5FXB0AVRI.pcm

SwiftExplicitDependencyGeneratePcm arm64 /Users/runner/work/cine/cine/build/DerivedData/ModuleCache.noindex/CoreFoundation-63IOL6Y7DCUFXIXFXTWE3DNEV.pcm

SwiftExplicitDependencyGeneratePcm arm64 /Users/runner/work/cine/cine/build/DerivedData/ModuleCache.noindex/XPC-B8KRT7O69MBBJ3NMON6AVZZ2M.pcm

SwiftExplicitDependencyGeneratePcm arm64 /Users/runner/work/cine/cine/build/DerivedData/ModuleCache.noindex/os-4VR45EJQXTEX3A1NPR87ZQ36V.pcm

SwiftExplicitDependencyGeneratePcm arm64 /Users/runner/work/cine/cine/build/DerivedData/ModuleCache.noindex/CoreGraphics-A38KHT47WCP1GIC7PUEFBFRV2.pcm

SwiftExplicitDependencyGeneratePcm arm64 /Users/runner/work/cine/cine/build/DerivedData/ModuleCache.noindex/Security-3HSD6OJ6FZS0BR2L3GIZHHA3E.pcm

SwiftExplicitDependencyGeneratePcm arm64 /Users/runner/work/cine/cine/build/DerivedData/ModuleCache.noindex/CFNetwork-ED6VKJOT70I1CP54Q0MAA86T.pcm

SwiftExplicitDependencyGeneratePcm arm64 /Users/runner/work/cine/cine/build/DerivedData/ModuleCache.noindex/CoreText-7NP3XLYXNN4AJ9ICM093X73CJ.pcm

SwiftExplicitDependencyGeneratePcm arm64 /Users/runner/work/cine/cine/build/DerivedData/ModuleCache.noindex/ImageIO-57ZAERJ95IC4WV0VVS5XTI6TK.pcm

SwiftExplicitDependencyGeneratePcm arm64 /Users/runner/work/cine/cine/build/DerivedData/ModuleCache.noindex/Foundation-1N8MJMJD650M9RHOP857ZDFA.pcm

SwiftExplicitDependencyGeneratePcm arm64 /Users/runner/work/cine/cine/build/DerivedData/ModuleCache.noindex/CoreTransferable-61WT73WW1B9VQLH8HQDXPGTH0.pcm

SwiftExplicitDependencyGeneratePcm arm64 /Users/runner/work/cine/cine/build/DerivedData/ModuleCache.noindex/UniformTypeIdentifiers-24V2MCH7NY2GRSBT6913NO3P2.pcm

SwiftExplicitDependencyGeneratePcm arm64 /Users/runner/work/cine/cine/build/DerivedData/ModuleCache.noindex/Symbols-76TPC03TIYOJLJOISNUGA8UHP.pcm

SwiftExplicitDependencyGeneratePcm arm64 /Users/runner/work/cine/cine/build/DerivedData/ModuleCache.noindex/CoreData-CG4JOWXR1FH80UL1LYQBJQ6ZG.pcm

SwiftExplicitDependencyGeneratePcm arm64 /Users/runner/work/cine/cine/build/DerivedData/ModuleCache.noindex/IOSurface-14AJW4BTJYOX0W35NJ0CSEINJ.pcm

SwiftExplicitDependencyGeneratePcm arm64 /Users/runner/work/cine/cine/build/DerivedData/ModuleCache.noindex/OSLog-NGL3FMXXPA0GZERNP4QHD7TR.pcm

SwiftExplicitDependencyGeneratePcm arm64 /Users/runner/work/cine/cine/build/DerivedData/ModuleCache.noindex/UserNotifications-4VCX8OV6HFXT1WCE1DNRJDGFO.pcm

SwiftExplicitDependencyGeneratePcm arm64 /Users/runner/work/cine/cine/build/DerivedData/ModuleCache.noindex/OpenGLES-21TXP0V6Q7A2S7DYH1IBU4K26.pcm

SwiftExplicitDependencyGeneratePcm arm64 /Users/runner/work/cine/cine/build/DerivedData/ModuleCache.noindex/Accessibility-DNFJIGRTVG76L8VSXRAEYXZJJ.pcm

SwiftExplicitDependencyGeneratePcm arm64 /Users/runner/work/cine/cine/build/DerivedData/ModuleCache.noindex/FileProvider-6X7W89GVPZXXOYIM0UFA3BU2T.pcm

SwiftExplicitDependencyGeneratePcm arm64 /Users/runner/work/cine/cine/build/DerivedData/ModuleCache.noindex/UIUtilities-5Y1AVGI01X6OTIUGKVHJRDHYQ.pcm

SwiftExplicitDependencyGeneratePcm arm64 /Users/runner/work/cine/cine/build/DerivedData/ModuleCache.noindex/DataDetection-2BYKZ096HUJNY71YRDW3DMIAN.pcm

SwiftExplicitDependencyGeneratePcm arm64 /Users/runner/work/cine/cine/build/DerivedData/ModuleCache.noindex/Metal-DR6HI9AM6QQD8N7KAGB29Y1JY.pcm

SwiftExplicitDependencyGeneratePcm arm64 /Users/runner/work/cine/cine/build/DerivedData/ModuleCache.noindex/CoreVideo-BVRTBMMUABOKNX16CHAA0XJBS.pcm

SwiftExplicitDependencyGeneratePcm arm64 /Users/runner/work/cine/cine/build/DerivedData/ModuleCache.noindex/CoreImage-1KGAYISWU97KJ3D83SQN23101.pcm

SwiftExplicitDependencyGeneratePcm arm64 /Users/runner/work/cine/cine/build/DerivedData/ModuleCache.noindex/QuartzCore-CLQ78CRLK1WD9WSLO4QNTYSF.pcm

SwiftExplicitDependencyGeneratePcm arm64 /Users/runner/work/cine/cine/build/DerivedData/ModuleCache.noindex/SwiftUICore-E7KQPWNPY5LT794308YFWJXFF.pcm

SwiftExplicitDependencyGeneratePcm arm64 /Users/runner/work/cine/cine/build/DerivedData/ModuleCache.noindex/UIKit-6GXN1RURZT7GLDTTLD67LJBQ5.pcm

SwiftExplicitDependencyGeneratePcm arm64 /Users/runner/work/cine/cine/build/DerivedData/ModuleCache.noindex/SwiftUI-6MOA1P76Q18OYTI1745Y8VQSZ.pcm

SwiftCompile normal arm64 Compiling\ CineChillApp.swift,\ ServerConfig.swift,\ APIClient.swift,\ APIError.swift,\ JSONValue.swift,\ SessionStore.swift,\ GlassComponents.swift,\ ModuleComponents.swift,\ RemoteImage.swift,\ Theme.swift,\ LoginView.swift,\ ServerSetupView.swift,\ DashboardView.swift,\ DashboardViewModel.swift,\ DiscoverView.swift,\ DiscoverViewModel.swift,\ MediaDetailView.swift,\ MediaPosterCard.swift,\ APIConsoleView.swift,\ DockerView.swift,\ Drive115Views.swift,\ EmbyViews.swift,\ IntegrationViews.swift,\ MoreView.swift,\ OrganizeViews.swift,\ ResourceViews.swift,\ SystemViews.swift,\ NotifyView.swift,\ MainTabView.swift,\ RootView.swift,\ SettingsView.swift,\ RssSourceEditor.swift,\ SubscriptionsView.swift,\ SubscriptionsViewModel.swift,\ TasksView.swift,\ TasksViewModel.swift,\ DomainModels.swift,\ MediaItem.swift,\ AuthService.swift,\ DiscoverService.swift,\ EmbyServices.swift,\ IntegrationServices.swift,\ NotifyService.swift,\ OrganizeServices.swift,\ ServerService.swift,\ SubscriptionService.swift,\ SystemServices.swift,\ TaskService.swift,\ GeneratedAssetSymbols.swift /Users/runner/work/cine/cine/CineChill/App/CineChillApp.swift /Users/runner/work/cine/cine/CineChill/Core/Config/ServerConfig.swift /Users/runner/work/cine/cine/CineChill/Core/Networking/APIClient.swift /Users/runner/work/cine/cine/CineChill/Core/Networking/APIError.swift /Users/runner/work/cine/cine/CineChill/Core/Networking/JSONValue.swift /Users/runner/work/cine/cine/CineChill/Core/Session/SessionStore.swift /Users/runner/work/cine/cine/CineChill/Design/GlassComponents.swift /Users/runner/work/cine/cine/CineChill/Design/ModuleComponents.swift /Users/runner/work/cine/cine/CineChill/Design/RemoteImage.swift /Users/runner/work/cine/cine/CineChill/Design/Theme.swift /Users/runner/work/cine/cine/CineChill/Features/Auth/LoginView.swift /Users/runner/work/cine/cine/CineChill/Features/Auth/ServerSetupView.swift /Users/runner/work/cine/cine/CineChill/Features/Dashboard/DashboardView.swift /Users/runner/work/cine/cine/CineChill/Features/Dashboard/DashboardViewModel.swift /Users/runner/work/cine/cine/CineChill/Features/Discover/DiscoverView.swift /Users/runner/work/cine/cine/CineChill/Features/Discover/DiscoverViewModel.swift /Users/runner/work/cine/cine/CineChill/Features/Discover/MediaDetailView.swift /Users/runner/work/cine/cine/CineChill/Features/Discover/MediaPosterCard.swift /Users/runner/work/cine/cine/CineChill/Features/More/APIConsoleView.swift /Users/runner/work/cine/cine/CineChill/Features/More/DockerView.swift /Users/runner/work/cine/cine/CineChill/Features/More/Drive115Views.swift /Users/runner/work/cine/cine/CineChill/Features/More/EmbyViews.swift /Users/runner/work/cine/cine/CineChill/Features/More/IntegrationViews.swift /Users/runner/work/cine/cine/CineChill/Features/More/MoreView.swift /Users/runner/work/cine/cine/CineChill/Features/More/OrganizeViews.swift /Users/runner/work/cine/cine/CineChill/Features/More/ResourceViews.swift /Users/runner/work/cine/cine/CineChill/Features/More/SystemViews.swift /Users/runner/work/cine/cine/CineChill/Features/Notify/NotifyView.swift /Users/runner/work/cine/cine/CineChill/Features/Root/MainTabView.swift /Users/runner/work/cine/cine/CineChill/Features/Root/RootView.swift /Users/runner/work/cine/cine/CineChill/Features/Settings/SettingsView.swift /Users/runner/work/cine/cine/CineChill/Features/Subscriptions/RssSourceEditor.swift /Users/runner/work/cine/cine/CineChill/Features/Subscriptions/SubscriptionsView.swift /Users/runner/work/cine/cine/CineChill/Features/Subscriptions/SubscriptionsViewModel.swift /Users/runner/work/cine/cine/CineChill/Features/Tasks/TasksView.swift /Users/runner/work/cine/cine/CineChill/Features/Tasks/TasksViewModel.swift /Users/runner/work/cine/cine/CineChill/Models/DomainModels.swift /Users/runner/work/cine/cine/CineChill/Models/MediaItem.swift /Users/runner/work/cine/cine/CineChill/Services/AuthService.swift /Users/runner/work/cine/cine/CineChill/Services/DiscoverService.swift /Users/runner/work/cine/cine/CineChill/Services/EmbyServices.swift /Users/runner/work/cine/cine/CineChill/Services/IntegrationServices.swift /Users/runner/work/cine/cine/CineChill/Services/NotifyService.swift /Users/runner/work/cine/cine/CineChill/Services/OrganizeServices.swift /Users/runner/work/cine/cine/CineChill/Services/ServerService.swift /Users/runner/work/cine/cine/CineChill/Services/SubscriptionService.swift /Users/runner/work/cine/cine/CineChill/Services/SystemServices.swift /Users/runner/work/cine/cine/CineChill/Services/TaskService.swift /Users/runner/work/cine/cine/build/DerivedData/Build/Intermediates.noindex/CineChill.build/Release-iphoneos/CineChill.build/DerivedSources/GeneratedAssetSymbols.swift /Applications/Xcode_26.6.app/Contents/Developer/Toolchains/XcodeDefault.xctoolchain/usr/lib/swift/iphoneos/prebuilt-modules/26.5/Symbols.swiftmodule/arm64e-apple-ios.swiftmodule /Applications/Xcode_26.6.app/Contents/Developer/Toolchains/XcodeDefault.xctoolchain/usr/lib/swift/iphoneos/prebuilt-modules/26.5/CoreVideo.swiftmodule/arm64e-apple-ios.swiftmodule /Applications/Xcode_26.6.app/Contents/Developer/Toolchains/XcodeDefault.xctoolchain/usr/lib/swift/iphoneos/prebuilt-modules/26.5/ObjectiveC.swiftmodule/arm64e-apple-ios.swiftmodule /Applications/Xcode_26.6.app/Contents/Developer/Toolchains/XcodeDefault.xctoolchain/usr/lib/swift/iphoneos/prebuilt-modules/26.5/CoreFoundation.swiftmodule/arm64e-apple-ios.swiftmodule /Applications/Xcode_26.6.app/Contents/Developer/Toolchains/XcodeDefault.xctoolchain/usr/lib/swift/iphoneos/prebuilt-modules/26.5/CoreData.swiftmodule/arm64e-apple-ios.swiftmodule /Applications/Xcode_26.6.app/Contents/Developer/Toolchains/XcodeDefault.xctoolchain/usr/lib/swift/iphoneos/prebuilt-modules/26.5/Combine.swiftmodule/arm64e-apple-ios.swiftmodule /Applications/Xcode_26.6.app/Contents/Developer/Toolchains/XcodeDefault.xctoolchain/usr/lib/swift/iphoneos/prebuilt-modules/26.5/_DarwinFoundation1.swiftmodule/arm64e-apple-ios.swiftmodule /Applications/Xcode_26.6.app/Contents/Developer/Toolchains/XcodeDefault.xctoolchain/usr/lib/swift/iphoneos/prebuilt-modules/26.5/SwiftUICore.swiftmodule/arm64e-apple-ios.swiftmodule /Applications/Xcode_26.6.app/Contents/Developer/Toolchains/XcodeDefault.xctoolchain/usr/lib/swift/iphoneos/prebuilt-modules/26.5/Observation.swiftmodule/arm64e-apple-ios.swiftmodule /Applications/Xcode_26.6.app/Contents/Developer/Toolchains/XcodeDefault.xctoolchain/usr/lib/swift/iphoneos/prebuilt-modules/26.5/DeveloperToolsSupport.swiftmodule/arm64e-apple-ios.swiftmodule /Applications/Xcode_26.6.app/Contents/Developer/Toolchains/XcodeDefault.xctoolchain/usr/lib/swift/iphoneos/prebuilt-modules/26.5/_DarwinFoundation2.swiftmodule/arm64e-apple-ios.swiftmodule /Applications/Xcode_26.6.app/Contents/Developer/Toolchains/XcodeDefault.xctoolchain/usr/lib/swift/iphoneos/prebuilt-modules/26.5/Darwin.swiftmodule/arm64e-apple-ios.swiftmodule /Applications/Xcode_26.6.app/Contents/Developer/Toolchains/XcodeDefault.xctoolchain/usr/lib/swift/iphoneos/prebuilt-modules/26.5/_Concurrency.swiftmodule/arm64e-apple-ios.swiftmodule /Applications/Xcode_26.6.app/Contents/Developer/Toolchains/XcodeDefault.xctoolchain/usr/lib/swift/iphoneos/prebuilt-modules/26.5/Spatial.swiftmodule/arm64e-apple-ios.swiftmodule /Applications/Xcode_26.6.app/Contents/Developer/Toolchains/XcodeDefault.xctoolchain/usr/lib/swift/iphoneos/prebuilt-modules/26.5/FileProvider.swiftmodule/arm64e-apple-ios.swiftmodule /Applications/Xcode_26.6.app/Contents/Developer/Toolchains/XcodeDefault.xctoolchain/usr/lib/swift/iphoneos/prebuilt-modules/26.5/UIKit.swiftmodule/arm64e-apple-ios.swiftmodule /Applications/Xcode_26.6.app/Contents/Developer/Toolchains/XcodeDefault.xctoolchain/usr/lib/swift/iphoneos/prebuilt-modules/26.5/_Builtin_float.swiftmodule/arm64e-apple-ios.swiftmodule /Applications/Xcode_26.6.app/Contents/Developer/Toolchains/XcodeDefault.xctoolchain/usr/lib/swift/iphoneos/prebuilt-modules/26.5/XPC.swiftmodule/arm64e-apple-ios.swiftmodule /Applications/Xcode_26.6.app/Contents/Developer/Toolchains/XcodeDefault.xctoolchain/usr/lib/swift/iphoneos/prebuilt-modules/26.5/CoreTransferable.swiftmodule/arm64e-apple-ios.swiftmodule /Applications/Xcode_26.6.app/Contents/Developer/Toolchains/XcodeDefault.xctoolchain/usr/lib/swift/iphoneos/prebuilt-modules/26.5/Metal.swiftmodule/arm64e-apple-ios.swiftmodule /Applications/Xcode_26.6.app/Contents/Developer/Toolchains/XcodeDefault.xctoolchain/usr/lib/swift/iphoneos/prebuilt-modules/26.5/Swift.swiftmodule/arm64e-apple-ios.swiftmodule /Applications/Xcode_26.6.app/Contents/Developer/Toolchains/XcodeDefault.xctoolchain/usr/lib/swift/iphoneos/prebuilt-modules/26.5/_DarwinFoundation3.swiftmodule/arm64e-apple-ios.swiftmodule /Applications/Xcode_26.6.app/Contents/Developer/Toolchains/XcodeDefault.xctoolchain/usr/lib/swift/iphoneos/prebuilt-modules/26.5/CoreImage.swiftmodule/arm64e-apple-ios.swiftmodule /Applications/Xcode_26.6.app/Contents/Developer/Toolchains/XcodeDefault.xctoolchain/usr/lib/swift/iphoneos/prebuilt-modules/26.5/os.swiftmodule/arm64e-apple-ios.swiftmodule /Applications/Xcode_26.6.app/Contents/Developer/Toolchains/XcodeDefault.xctoolchain/usr/lib/swift/iphoneos/prebuilt-modules/26.5/System.swiftmodule/arm64e-apple-ios.swiftmodule /Applications/Xcode_26.6.app/Contents/Developer/Toolchains/XcodeDefault.xctoolchain/usr/lib/swift/iphoneos/prebuilt-modules/26.5/CoreText.swiftmodule/arm64e-apple-ios.swiftmodule /Applications/Xcode_26.6.app/Contents/Developer/Toolchains/XcodeDefault.xctoolchain/usr/lib/swift/iphoneos/prebuilt-modules/26.5/DataDetection.swiftmodule/arm64e-apple-ios.swiftmodule /Applications/Xcode_26.6.app/Contents/Developer/Toolchains/XcodeDefault.xctoolchain/usr/lib/swift/iphoneos/prebuilt-modules/26.5/Foundation.swiftmodule/arm64e-apple-ios.swiftmodule /Applications/Xcode_26.6.app/Contents/Developer/Toolchains/XcodeDefault.xctoolchain/usr/lib/swift/iphoneos/prebuilt-modules/26.5/QuartzCore.swiftmodule/arm64e-apple-ios.swiftmodule /Applications/Xcode_26.6.app/Contents/Developer/Toolchains/XcodeDefault.xctoolchain/usr/lib/swift/iphoneos/prebuilt-modules/26.5/OSLog.swiftmodule/arm64e-apple-ios.swiftmodule /Applications/Xcode_26.6.app/Contents/Developer/Toolchains/XcodeDefault.xctoolchain/usr/lib/swift/iphoneos/prebuilt-modules/26.5/UniformTypeIdentifiers.swiftmodule/arm64e-apple-ios.swiftmodule /Applications/Xcode_26.6.app/Contents/Developer/Toolchains/XcodeDefault.xctoolchain/usr/lib/swift/iphoneos/prebuilt-modules/26.5/SwiftUI.swiftmodule/arm64e-apple-ios.swiftmodule /Applications/Xcode_26.6.app/Contents/Developer/Toolchains/XcodeDefault.xctoolchain/usr/lib/swift/iphoneos/prebuilt-modules/26.5/CoreGraphics.swiftmodule/arm64e-apple-ios.swiftmodule /Applications/Xcode_26.6.app/Contents/Developer/Toolchains/XcodeDefault.xctoolchain/usr/lib/swift/iphoneos/prebuilt-modules/26.5/Accessibility.swiftmodule/arm64e-apple-ios.swiftmodule /Applications/Xcode_26.6.app/Contents/Developer/Toolchains/XcodeDefault.xctoolchain/usr/lib/swift/iphoneos/prebuilt-modules/26.5/_StringProcessing.swiftmodule/arm64e-apple-ios.swiftmodule /Applications/Xcode_26.6.app/Contents/Developer/Toolchains/XcodeDefault.xctoolchain/usr/lib/swift/iphoneos/prebuilt-modules/26.5/simd.swiftmodule/arm64e-apple-ios.swiftmodule /Applications/Xcode_26.6.app/Contents/Developer/Toolchains/XcodeDefault.xctoolchain/usr/lib/swift/iphoneos/prebuilt-modules/26.5/Dispatch.swiftmodule/arm64e-apple-ios.swiftmodule /Users/runner/work/cine/cine/build/DerivedData/ModuleCache.noindex/SwiftUI-6MOA1P76Q18OYTI1745Y8VQSZ.pcm /Users/runner/work/cine/cine/build/DerivedData/ModuleCache.noindex/IOSurface-14AJW4BTJYOX0W35NJ0CSEINJ.pcm /Users/runner/work/cine/cine/build/DerivedData/ModuleCache.noindex/CoreTransferable-61WT73WW1B9VQLH8HQDXPGTH0.pcm /Users/runner/work/cine/cine/build/DerivedData/ModuleCache.noindex/UIUtilities-5Y1AVGI01X6OTIUGKVHJRDHYQ.pcm /Users/runner/work/cine/cine/build/DerivedData/ModuleCache.noindex/os-4VR45EJQXTEX3A1NPR87ZQ36V.pcm /Users/runner/work/cine/cine/build/DerivedData/ModuleCache.noindex/_SwiftConcurrencyShims-83TCL8IPX5ICVT791MEJIV17G.pcm /Users/runner/work/cine/cine/build/DerivedData/ModuleCache.noindex/CoreFoundation-63IOL6Y7DCUFXIXFXTWE3DNEV.pcm /Users/runner/work/cine/cine/build/DerivedData/ModuleCache.noindex/SwiftUICore-E7KQPWNPY5LT794308YFWJXFF.pcm /Users/runner/work/cine/cine/build/DerivedData/ModuleCache.noindex/ObjectiveC-4742ZNX2GN089VCWR9N1N1IC4.pcm /Users/runner/work/cine/cine/build/DerivedData/ModuleCache.noindex/OSLog-NGL3FMXXPA0GZERNP4QHD7TR.pcm /Users/runner/work/cine/cine/build/DerivedData/ModuleCache.noindex/SwiftShims-7GQW6ILN3AY2RE5W24Y18VDTD.pcm /Users/runner/work/cine/cine/build/DerivedData/ModuleCache.noindex/ImageIO-57ZAERJ95IC4WV0VVS5XTI6TK.pcm /Users/runner/work/cine/cine/build/DerivedData/ModuleCache.noindex/_Builtin_stddef-5NZMO47VOT1W2D59FR5P1KNOC.pcm /Users/runner/work/cine/cine/build/DerivedData/ModuleCache.noindex/os_workgroup-5YPWTBQLO7QDPNC55SWJ3IFZS.pcm /Users/runner/work/cine/cine/build/DerivedData/ModuleCache.noindex/UIKit-6GXN1RURZT7GLDTTLD67LJBQ5.pcm /Users/runner/work/cine/cine/build/DerivedData/ModuleCache.noindex/CoreData-CG4JOWXR1FH80UL1LYQBJQ6ZG.pcm /Users/runner/work/cine/cine/build/DerivedData/ModuleCache.noindex/_Builtin_stdint-6RNWD04I5UEU73EE34WA0K7RB.pcm /Users/runner/work/cine/cine/build/DerivedData/ModuleCache.noindex/_Builtin_stdbool-1EBT9MKTJ5AZE4RNTFJWK07RF.pcm /Users/runner/work/cine/cine/build/DerivedData/ModuleCache.noindex/XPC-B8KRT7O69MBBJ3NMON6AVZZ2M.pcm /Users/runner/work/cine/cine/build/DerivedData/ModuleCache.noindex/_DarwinFoundation3-74KZSWUQ751DLV1UNJNBPX8NH.pcm /Users/runner/work/cine/cine/build/DerivedData/ModuleCache.noindex/os_object-4I2995LDWBODHKKSAF9HVF0D6.pcm /Users/runner/work/cine/cine/build/DerivedData/ModuleCache.noindex/MachO-DWRRVCSZTJTJLHHUW450QPC1I.pcm /Users/runner/work/cine/cine/build/DerivedData/ModuleCache.noindex/_Builtin_float-B4IYJ43OXBXVPV94DORDR5JUO.pcm /Users/runner/work/cine/cine/build/DerivedData/ModuleCache.noindex/CoreImage-1KGAYISWU97KJ3D83SQN23101.pcm /Users/runner/work/cine/cine/build/DerivedData/ModuleCache.noindex/Dispatch-DPY5TXCJVVMFYT1Z5FXB0AVRI.pcm /Users/runner/work/cine/cine/build/DerivedData/ModuleCache.noindex/_DarwinFoundation2-3KWU9USGLCKP5H7E3ITL4929Q.pcm /Users/runner/work/cine/cine/build/DerivedData/ModuleCache.noindex/_DarwinFoundation1-4MVSV288WRP5R9E8KIT3RYQBW.pcm /Users/runner/work/cine/cine/build/DerivedData/ModuleCache.noindex/CoreText-7NP3XLYXNN4AJ9ICM093X73CJ.pcm /Users/runner/work/cine/cine/build/DerivedData/ModuleCache.noindex/DataDetection-2BYKZ096HUJNY71YRDW3DMIAN.pcm /Users/runner/work/cine/cine/build/DerivedData/ModuleCache.noindex/Symbols-76TPC03TIYOJLJOISNUGA8UHP.pcm /Users/runner/work/cine/cine/build/DerivedData/ModuleCache.noindex/_Builtin_stdarg-6I3O009NBIASSREDHIHYKOTD8.pcm /Users/runner/work/cine/cine/build/DerivedData/ModuleCache.noindex/UserNotifications-4VCX8OV6HFXT1WCE1DNRJDGFO.pcm /Users/runner/work/cine/cine/build/DerivedData/ModuleCache.noindex/CFNetwork-ED6VKJOT70I1CP54Q0MAA86T.pcm /Users/runner/work/cine/cine/build/DerivedData/ModuleCache.noindex/ptrcheck-9RA5P10BRZ6X5QQJSTR8ABJWA.pcm /Users/runner/work/cine/cine/build/DerivedData/ModuleCache.noindex/Spatial-ASOIU1DWRYOKBVWH92153N4AI.pcm /Users/runner/work/cine/cine/build/DerivedData/ModuleCache.noindex/OpenGLES-21TXP0V6Q7A2S7DYH1IBU4K26.pcm /Users/runner/work/cine/cine/build/DerivedData/ModuleCache.noindex/CoreGraphics-A38KHT47WCP1GIC7PUEFBFRV2.pcm /Users/runner/work/cine/cine/build/DerivedData/ModuleCache.noindex/simd-6S2SUU1U1DJDOP3EYW7ZL7Z9X.pcm /Users/runner/work/cine/cine/build/DerivedData/ModuleCache.noindex/_Builtin_tgmath-3O4JWVO3ZD7A2XF0HY4PM8VH9.pcm /Users/runner/work/cine/cine/build/DerivedData/ModuleCache.noindex/UniformTypeIdentifiers-24V2MCH7NY2GRSBT6913NO3P2.pcm /Users/runner/work/cine/cine/build/DerivedData/ModuleCache.noindex/CoreVideo-BVRTBMMUABOKNX16CHAA0XJBS.pcm /Users/runner/work/cine/cine/build/DerivedData/ModuleCache.noindex/_Builtin_intrinsics-EEYC4OE2U09FOHYTAEM33EUJF.pcm /Users/runner/work/cine/cine/build/DerivedData/ModuleCache.noindex/_AvailabilityInternal-7Y0XOV2Y48WWNAHFZC6P0TMK5.pcm /Users/runner/work/cine/cine/build/DerivedData/ModuleCache.noindex/QuartzCore-CLQ78CRLK1WD9WSLO4QNTYSF.pcm /Users/runner/work/cine/cine/build/DerivedData/ModuleCache.noindex/_Builtin_stdatomic-D42PGWEVO16PB57OGJPDA6LB8.pcm /Users/runner/work/cine/cine/build/DerivedData/ModuleCache.noindex/Accessibility-DNFJIGRTVG76L8VSXRAEYXZJJ.pcm /Users/runner/work/cine/cine/build/DerivedData/ModuleCache.noindex/DeveloperToolsSupport-BNQCT1JD39NR11NR1OVHLQRDN.pcm /Users/runner/work/cine/cine/build/DerivedData/ModuleCache.noindex/sys_types-1XHEHEGA46LSGLAV61XHWXW7E.pcm /Users/runner/work/cine/cine/build/DerivedData/ModuleCache.noindex/_Builtin_limits-4WE0Q19S0HR1FAP1CX4JVEZDL.pcm /Users/runner/work/cine/cine/build/DerivedData/ModuleCache.noindex/FileProvider-6X7W89GVPZXXOYIM0UFA3BU2T.pcm /Users/runner/work/cine/cine/build/DerivedData/ModuleCache.noindex/Metal-DR6HI9AM6QQD8N7KAGB29Y1JY.pcm /Users/runner/work/cine/cine/build/DerivedData/ModuleCache.noindex/Foundation-1N8MJMJD650M9RHOP857ZDFA.pcm /Users/runner/work/cine/cine/build/DerivedData/ModuleCache.noindex/_Builtin_inttypes-2Z9J7C51AFVRTCL8VXAMK4SVU.pcm /Users/runner/work/cine/cine/build/DerivedData/ModuleCache.noindex/ptrauth-2ZN9FFKJGN1YR94MY5AGMZHFA.pcm /Users/runner/work/cine/cine/build/DerivedData/ModuleCache.noindex/Security-3HSD6OJ6FZS0BR2L3GIZHHA3E.pcm /Users/runner/work/cine/cine/build/DerivedData/ModuleCache.noindex/Darwin-6TZPP18SGNKG0XJ8224KOFK7Q.pcm /Users/runner/work/cine/cine/build/DerivedData/Build/Intermediates.noindex/CineChill.build/Release-iphoneos/CineChill.build/Objects-normal/arm64/CineChill-dependencies-1.json (in target 'CineChill' from project 'CineChill')
Failed frontend command:
/Applications/Xcode_26.6.app/Contents/Developer/Toolchains/XcodeDefault.xctoolchain/usr/bin/swift-frontend -frontend -c /Users/runner/work/cine/cine/CineChill/App/CineChillApp.swift /Users/runner/work/cine/cine/CineChill/Core/Config/ServerConfig.swift /Users/runner/work/cine/cine/CineChill/Core/Networking/APIClient.swift /Users/runner/work/cine/cine/CineChill/Core/Networking/APIError.swift /Users/runner/work/cine/cine/CineChill/Core/Networking/JSONValue.swift /Users/runner/work/cine/cine/CineChill/Core/Session/SessionStore.swift /Users/runner/work/cine/cine/CineChill/Design/GlassComponents.swift /Users/runner/work/cine/cine/CineChill/Design/ModuleComponents.swift /Users/runner/work/cine/cine/CineChill/Design/RemoteImage.swift /Users/runner/work/cine/cine/CineChill/Design/Theme.swift /Users/runner/work/cine/cine/CineChill/Features/Auth/LoginView.swift /Users/runner/work/cine/cine/CineChill/Features/Auth/ServerSetupView.swift /Users/runner/work/cine/cine/CineChill/Features/Dashboard/DashboardView.swift /Users/runner/work/cine/cine/CineChill/Features/Dashboard/DashboardViewModel.swift /Users/runner/work/cine/cine/CineChill/Features/Discover/DiscoverView.swift /Users/runner/work/cine/cine/CineChill/Features/Discover/DiscoverViewModel.swift /Users/runner/work/cine/cine/CineChill/Features/Discover/MediaDetailView.swift /Users/runner/work/cine/cine/CineChill/Features/Discover/MediaPosterCard.swift /Users/runner/work/cine/cine/CineChill/Features/More/APIConsoleView.swift /Users/runner/work/cine/cine/CineChill/Features/More/DockerView.swift /Users/runner/work/cine/cine/CineChill/Features/More/Drive115Views.swift /Users/runner/work/cine/cine/CineChill/Features/More/EmbyViews.swift /Users/runner/work/cine/cine/CineChill/Features/More/IntegrationViews.swift /Users/runner/work/cine/cine/CineChill/Features/More/MoreView.swift /Users/runner/work/cine/cine/CineChill/Features/More/OrganizeViews.swift /Users/runner/work/cine/cine/CineChill/Features/More/ResourceViews.swift /Users/runner/work/cine/cine/CineChill/Features/More/SystemViews.swift /Users/runner/work/cine/cine/CineChill/Features/Notify/NotifyView.swift /Users/runner/work/cine/cine/CineChill/Features/Root/MainTabView.swift /Users/runner/work/cine/cine/CineChill/Features/Root/RootView.swift /Users/runner/work/cine/cine/CineChill/Features/Settings/SettingsView.swift /Users/runner/work/cine/cine/CineChill/Features/Subscriptions/RssSourceEditor.swift /Users/runner/work/cine/cine/CineChill/Features/Subscriptions/SubscriptionsView.swift /Users/runner/work/cine/cine/CineChill/Features/Subscriptions/SubscriptionsViewModel.swift /Users/runner/work/cine/cine/CineChill/Features/Tasks/TasksView.swift /Users/runner/work/cine/cine/CineChill/Features/Tasks/TasksViewModel.swift /Users/runner/work/cine/cine/CineChill/Models/DomainModels.swift /Users/runner/work/cine/cine/CineChill/Models/MediaItem.swift /Users/runner/work/cine/cine/CineChill/Services/AuthService.swift /Users/runner/work/cine/cine/CineChill/Services/DiscoverService.swift /Users/runner/work/cine/cine/CineChill/Services/EmbyServices.swift /Users/runner/work/cine/cine/CineChill/Services/IntegrationServices.swift /Users/runner/work/cine/cine/CineChill/Services/NotifyService.swift /Users/runner/work/cine/cine/CineChill/Services/OrganizeServices.swift /Users/runner/work/cine/cine/CineChill/Services/ServerService.swift /Users/runner/work/cine/cine/CineChill/Services/SubscriptionService.swift /Users/runner/work/cine/cine/CineChill/Services/SystemServices.swift /Users/runner/work/cine/cine/CineChill/Services/TaskService.swift /Users/runner/work/cine/cine/build/DerivedData/Build/Intermediates.noindex/CineChill.build/Release-iphoneos/CineChill.build/DerivedSources/GeneratedAssetSymbols.swift -supplementary-output-file-map /Users/runner/work/cine/cine/build/DerivedData/Build/Intermediates.noindex/CineChill.build/Release-iphoneos/CineChill.build/Objects-normal/arm64/supplementaryOutputs-1 -emit-localized-strings -emit-localized-strings-path /Users/runner/work/cine/cine/build/DerivedData/Build/Intermediates.noindex/CineChill.build/Release-iphoneos/CineChill.build/Objects-normal/arm64 -target arm64-apple-ios26.0 -module-can-import-version DeveloperToolsSupport 23.40.26 23.40.26 -module-can-import-version SwiftUI 7.5.3 7.5.3 -module-can-import-version UIKit 9126.5.5.2 9126.5.5 -load-resolved-plugin /Applications/Xcode_26.6.app/Contents/Developer/Platforms/iPhoneOS.platform/Developer/usr/lib/swift/host/plugins/libFoundationMacros.dylib\#/Applications/Xcode_26.6.app/Contents/Developer/Platforms/iPhoneOS.platform/Developer/usr/bin/swift-plugin-server\#FoundationMacros -load-resolved-plugin /Applications/Xcode_26.6.app/Contents/Developer/Platforms/iPhoneOS.platform/Developer/usr/lib/swift/host/plugins/libObservationMacros.dylib\#/Applications/Xcode_26.6.app/Contents/Developer/Platforms/iPhoneOS.platform/Developer/usr/bin/swift-plugin-server\#ObservationMacros -load-resolved-plugin /Applications/Xcode_26.6.app/Contents/Developer/Platforms/iPhoneOS.platform/Developer/usr/lib/swift/host/plugins/libPreviewsMacros.dylib\#/Applications/Xcode_26.6.app/Contents/Developer/Platforms/iPhoneOS.platform/Developer/usr/bin/swift-plugin-server\#PreviewsMacros -load-resolved-plugin /Applications/Xcode_26.6.app/Contents/Developer/Platforms/iPhoneOS.platform/Developer/usr/lib/swift/host/plugins/libSwiftMacros.dylib\#/Applications/Xcode_26.6.app/Contents/Developer/Platforms/iPhoneOS.platform/Developer/usr/bin/swift-plugin-server\#SwiftMacros -load-resolved-plugin /Applications/Xcode_26.6.app/Contents/Developer/Platforms/iPhoneOS.platform/Developer/usr/lib/swift/host/plugins/libSwiftUIMacros.dylib\#/Applications/Xcode_26.6.app/Contents/Developer/Platforms/iPhoneOS.platform/Developer/usr/bin/swift-plugin-server\#SwiftUIMacros -disable-implicit-swift-modules -Xcc -fno-implicit-modules -Xcc -fno-implicit-module-maps -explicit-swift-module-map-file /Users/runner/work/cine/cine/build/DerivedData/Build/Intermediates.noindex/CineChill.build/Release-iphoneos/CineChill.build/Objects-normal/arm64/CineChill-dependencies-1.json -debug-module-path /Users/runner/work/cine/cine/build/DerivedData/Build/Intermediates.noindex/CineChill.build/Release-iphoneos/CineChill.build/Objects-normal/arm64/CineChill.swiftmodule -Xllvm -aarch64-use-tbi -enable-objc-interop -stack-check -sdk /Applications/Xcode_26.6.app/Contents/Developer/Platforms/iPhoneOS.platform/Developer/SDKs/iPhoneOS26.5.sdk -I /Users/runner/work/cine/cine/build/DerivedData/Build/Products/Release-iphoneos -F /Users/runner/work/cine/cine/build/DerivedData/Build/Products/Release-iphoneos -no-color-diagnostics -Xcc -fno-color-diagnostics -g -debug-info-format\=dwarf -dwarf-version\=5 -module-cache-path /Users/runner/work/cine/cine/build/DerivedData/Build/Intermediates.noindex/SwiftExplicitPrecompiledModules -swift-version 5 -O -serialize-debugging-options -const-gather-protocols-file /Users/runner/work/cine/cine/build/DerivedData/Build/Intermediates.noindex/CineChill.build/Release-iphoneos/CineChill.build/Objects-normal/arm64/CineChill_const_extract_protocols.json -enable-experimental-feature DebugDescriptionMacro -enable-bare-slash-regex -empty-abi-descriptor -validate-clang-modules-once -clang-build-session-file /Users/runner/work/cine/cine/build/DerivedData/ModuleCache.noindex/Session.modulevalidation -Xcc -working-directory -Xcc /Users/runner/work/cine/cine -file-compilation-dir /Users/runner/work/cine/cine -Xcc -ivfsstatcache -Xcc /Users/runner/work/cine/cine/build/DerivedData/SDKStatCaches.noindex/iphoneos26.5-23F81a-688ef53f1462e2c8f657fdc38a81448fee66e23052a0157c865c76b268046726.sdkstatcache -Xcc -I/Users/runner/work/cine/cine/build/DerivedData/Build/Intermediates.noindex/CineChill.build/Release-iphoneos/CineChill.build/swift-overrides.hmap -Xcc -iquote -Xcc /Users/runner/work/cine/cine/build/DerivedData/Build/Intermediates.noindex/CineChill.build/Release-iphoneos/CineChill.build/CineChill-generated-files.hmap -Xcc -I/Users/runner/work/cine/cine/build/DerivedData/Build/Intermediates.noindex/CineChill.build/Release-iphoneos/CineChill.build/CineChill-own-target-headers.hmap -Xcc -I/Users/runner/work/cine/cine/build/DerivedData/Build/Intermediates.noindex/CineChill.build/Release-iphoneos/CineChill.build/CineChill-all-target-headers.hmap -Xcc -iquote -Xcc /Users/runner/work/cine/cine/build/DerivedData/Build/Intermediates.noindex/CineChill.build/Release-iphoneos/CineChill.build/CineChill-project-headers.hmap -Xcc -I/Users/runner/work/cine/cine/build/DerivedData/Build/Products/Release-iphoneos/include -Xcc -I/Users/runner/work/cine/cine/build/DerivedData/Build/Intermediates.noindex/CineChill.build/Release-iphoneos/CineChill.build/DerivedSources-normal/arm64 -Xcc -I/Users/runner/work/cine/cine/build/DerivedData/Build/Intermediates.noindex/CineChill.build/Release-iphoneos/CineChill.build/DerivedSources/arm64 -Xcc -I/Users/runner/work/cine/cine/build/DerivedData/Build/Intermediates.noindex/CineChill.build/Release-iphoneos/CineChill.build/DerivedSources -no-auto-bridging-header-chaining -module-name CineChill -frontend-parseable-output -disable-clang-spi -clang-target arm64-apple-ios26.5 -target-sdk-version 26.5 -target-sdk-name iphoneos26.5 -in-process-plugin-server-path /Applications/Xcode_26.6.app/Contents/Developer/Toolchains/XcodeDefault.xctoolchain/usr/lib/swift/host/libSwiftInProcPluginServer.dylib -enable-default-cmo -num-threads 3 -o /Users/runner/work/cine/cine/build/DerivedData/Build/Intermediates.noindex/CineChill.build/Release-iphoneos/CineChill.build/Objects-normal/arm64/CineChillApp.o -o /Users/runner/work/cine/cine/build/DerivedData/Build/Intermediates.noindex/CineChill.build/Release-iphoneos/CineChill.build/Objects-normal/arm64/ServerConfig.o -o /Users/runner/work/cine/cine/build/DerivedData/Build/Intermediates.noindex/CineChill.build/Release-iphoneos/CineChill.build/Objects-normal/arm64/APIClient.o -o /Users/runner/work/cine/cine/build/DerivedData/Build/Intermediates.noindex/CineChill.build/Release-iphoneos/CineChill.build/Objects-normal/arm64/APIError.o -o /Users/runner/work/cine/cine/build/DerivedData/Build/Intermediates.noindex/CineChill.build/Release-iphoneos/CineChill.build/Objects-normal/arm64/JSONValue.o -o /Users/runner/work/cine/cine/build/DerivedData/Build/Intermediates.noindex/CineChill.build/Release-iphoneos/CineChill.build/Objects-normal/arm64/SessionStore.o -o /Users/runner/work/cine/cine/build/DerivedData/Build/Intermediates.noindex/CineChill.build/Release-iphoneos/CineChill.build/Objects-normal/arm64/GlassComponents.o -o /Users/runner/work/cine/cine/build/DerivedData/Build/Intermediates.noindex/CineChill.build/Release-iphoneos/CineChill.build/Objects-normal/arm64/ModuleComponents.o -o /Users/runner/work/cine/cine/build/DerivedData/Build/Intermediates.noindex/CineChill.build/Release-iphoneos/CineChill.build/Objects-normal/arm64/RemoteImage.o -o /Users/runner/work/cine/cine/build/DerivedData/Build/Intermediates.noindex/CineChill.build/Release-iphoneos/CineChill.build/Objects-normal/arm64/Theme.o -o /Users/runner/work/cine/cine/build/DerivedData/Build/Intermediates.noindex/CineChill.build/Release-iphoneos/CineChill.build/Objects-normal/arm64/LoginView.o -o /Users/runner/work/cine/cine/build/DerivedData/Build/Intermediates.noindex/CineChill.build/Release-iphoneos/CineChill.build/Objects-normal/arm64/ServerSetupView.o -o /Users/runner/work/cine/cine/build/DerivedData/Build/Intermediates.noindex/CineChill.build/Release-iphoneos/CineChill.build/Objects-normal/arm64/DashboardView.o -o /Users/runner/work/cine/cine/build/DerivedData/Build/Intermediates.noindex/CineChill.build/Release-iphoneos/CineChill.build/Objects-normal/arm64/DashboardViewModel.o -o /Users/runner/work/cine/cine/build/DerivedData/Build/Intermediates.noindex/CineChill.build/Release-iphoneos/CineChill.build/Objects-normal/arm64/DiscoverView.o -o /Users/runner/work/cine/cine/build/DerivedData/Build/Intermediates.noindex/CineChill.build/Release-iphoneos/CineChill.build/Objects-normal/arm64/DiscoverViewModel.o -o /Users/runner/work/cine/cine/build/DerivedData/Build/Intermediates.noindex/CineChill.build/Release-iphoneos/CineChill.build/Objects-normal/arm64/MediaDetailView.o -o /Users/runner/work/cine/cine/build/DerivedData/Build/Intermediates.noindex/CineChill.build/Release-iphoneos/CineChill.build/Objects-normal/arm64/MediaPosterCard.o -o /Users/runner/work/cine/cine/build/DerivedData/Build/Intermediates.noindex/CineChill.build/Release-iphoneos/CineChill.build/Objects-normal/arm64/APIConsoleView.o -o /Users/runner/work/cine/cine/build/DerivedData/Build/Intermediates.noindex/CineChill.build/Release-iphoneos/CineChill.build/Objects-normal/arm64/DockerView.o -o /Users/runner/work/cine/cine/build/DerivedData/Build/Intermediates.noindex/CineChill.build/Release-iphoneos/CineChill.build/Objects-normal/arm64/Drive115Views.o -o /Users/runner/work/cine/cine/build/DerivedData/Build/Intermediates.noindex/CineChill.build/Release-iphoneos/CineChill.build/Objects-normal/arm64/EmbyViews.o -o /Users/runner/work/cine/cine/build/DerivedData/Build/Intermediates.noindex/CineChill.build/Release-iphoneos/CineChill.build/Objects-normal/arm64/IntegrationViews.o -o /Users/runner/work/cine/cine/build/DerivedData/Build/Intermediates.noindex/CineChill.build/Release-iphoneos/CineChill.build/Objects-normal/arm64/MoreView.o -o /Users/runner/work/cine/cine/build/DerivedData/Build/Intermediates.noindex/CineChill.build/Release-iphoneos/CineChill.build/Objects-normal/arm64/OrganizeViews.o -o /Users/runner/work/cine/cine/build/DerivedData/Build/Intermediates.noindex/CineChill.build/Release-iphoneos/CineChill.build/Objects-normal/arm64/ResourceViews.o -o /Users/runner/work/cine/cine/build/DerivedData/Build/Intermediates.noindex/CineChill.build/Release-iphoneos/CineChill.build/Objects-normal/arm64/SystemViews.o -o /Users/runner/work/cine/cine/build/DerivedData/Build/Intermediates.noindex/CineChill.build/Release-iphoneos/CineChill.build/Objects-normal/arm64/NotifyView.o -o /Users/runner/work/cine/cine/build/DerivedData/Build/Intermediates.noindex/CineChill.build/Release-iphoneos/CineChill.build/Objects-normal/arm64/MainTabView.o -o /Users/runner/work/cine/cine/build/DerivedData/Build/Intermediates.noindex/CineChill.build/Release-iphoneos/CineChill.build/Objects-normal/arm64/RootView.o -o /Users/runner/work/cine/cine/build/DerivedData/Build/Intermediates.noindex/CineChill.build/Release-iphoneos/CineChill.build/Objects-normal/arm64/SettingsView.o -o /Users/runner/work/cine/cine/build/DerivedData/Build/Intermediates.noindex/CineChill.build/Release-iphoneos/CineChill.build/Objects-normal/arm64/RssSourceEditor.o -o /Users/runner/work/cine/cine/build/DerivedData/Build/Intermediates.noindex/CineChill.build/Release-iphoneos/CineChill.build/Objects-normal/arm64/SubscriptionsView.o -o /Users/runner/work/cine/cine/build/DerivedData/Build/Intermediates.noindex/CineChill.build/Release-iphoneos/CineChill.build/Objects-normal/arm64/SubscriptionsViewModel.o -o /Users/runner/work/cine/cine/build/DerivedData/Build/Intermediates.noindex/CineChill.build/Release-iphoneos/CineChill.build/Objects-normal/arm64/TasksView.o -o /Users/runner/work/cine/cine/build/DerivedData/Build/Intermediates.noindex/CineChill.build/Release-iphoneos/CineChill.build/Objects-normal/arm64/TasksViewModel.o -o /Users/runner/work/cine/cine/build/DerivedData/Build/Intermediates.noindex/CineChill.build/Release-iphoneos/CineChill.build/Objects-normal/arm64/DomainModels.o -o /Users/runner/work/cine/cine/build/DerivedData/Build/Intermediates.noindex/CineChill.build/Release-iphoneos/CineChill.build/Objects-normal/arm64/MediaItem.o -o /Users/runner/work/cine/cine/build/DerivedData/Build/Intermediates.noindex/CineChill.build/Release-iphoneos/CineChill.build/Objects-normal/arm64/AuthService.o -o /Users/runner/work/cine/cine/build/DerivedData/Build/Intermediates.noindex/CineChill.build/Release-iphoneos/CineChill.build/Objects-normal/arm64/DiscoverService.o -o /Users/runner/work/cine/cine/build/DerivedData/Build/Intermediates.noindex/CineChill.build/Release-iphoneos/CineChill.build/Objects-normal/arm64/EmbyServices.o -o /Users/runner/work/cine/cine/build/DerivedData/Build/Intermediates.noindex/CineChill.build/Release-iphoneos/CineChill.build/Objects-normal/arm64/IntegrationServices.o -o /Users/runner/work/cine/cine/build/DerivedData/Build/Intermediates.noindex/CineChill.build/Release-iphoneos/CineChill.build/Objects-normal/arm64/NotifyService.o -o /Users/runner/work/cine/cine/build/DerivedData/Build/Intermediates.noindex/CineChill.build/Release-iphoneos/CineChill.build/Objects-normal/arm64/OrganizeServices.o -o /Users/runner/work/cine/cine/build/DerivedData/Build/Intermediates.noindex/CineChill.build/Release-iphoneos/CineChill.build/Objects-normal/arm64/ServerService.o -o /Users/runner/work/cine/cine/build/DerivedData/Build/Intermediates.noindex/CineChill.build/Release-iphoneos/CineChill.build/Objects-normal/arm64/SubscriptionService.o -o /Users/runner/work/cine/cine/build/DerivedData/Build/Intermediates.noindex/CineChill.build/Release-iphoneos/CineChill.build/Objects-normal/arm64/SystemServices.o -o /Users/runner/work/cine/cine/build/DerivedData/Build/Intermediates.noindex/CineChill.build/Release-iphoneos/CineChill.build/Objects-normal/arm64/TaskService.o -o /Users/runner/work/cine/cine/build/DerivedData/Build/Intermediates.noindex/CineChill.build/Release-iphoneos/CineChill.build/Objects-normal/arm64/GeneratedAssetSymbols.o -index-unit-output-path /CineChill.build/Release-iphoneos/CineChill.build/Objects-normal/arm64/CineChillApp.o -index-unit-output-path /CineChill.build/Release-iphoneos/CineChill.build/Objects-normal/arm64/ServerConfig.o -index-unit-output-path /CineChill.build/Release-iphoneos/CineChill.build/Objects-normal/arm64/APIClient.o -index-unit-output-path /CineChill.build/Release-iphoneos/CineChill.build/Objects-normal/arm64/APIError.o -index-unit-output-path /CineChill.build/Release-iphoneos/CineChill.build/Objects-normal/arm64/JSONValue.o -index-unit-output-path /CineChill.build/Release-iphoneos/CineChill.build/Objects-normal/arm64/SessionStore.o -index-unit-output-path /CineChill.build/Release-iphoneos/CineChill.build/Objects-normal/arm64/GlassComponents.o -index-unit-output-path /CineChill.build/Release-iphoneos/CineChill.build/Objects-normal/arm64/ModuleComponents.o -index-unit-output-path /CineChill.build/Release-iphoneos/CineChill.build/Objects-normal/arm64/RemoteImage.o -index-unit-output-path /CineChill.build/Release-iphoneos/CineChill.build/Objects-normal/arm64/Theme.o -index-unit-output-path /CineChill.build/Release-iphoneos/CineChill.build/Objects-normal/arm64/LoginView.o -index-unit-output-path /CineChill.build/Release-iphoneos/CineChill.build/Objects-normal/arm64/ServerSetupView.o -index-unit-output-path /CineChill.build/Release-iphoneos/CineChill.build/Objects-normal/arm64/DashboardView.o -index-unit-output-path /CineChill.build/Release-iphoneos/CineChill.build/Objects-normal/arm64/DashboardViewModel.o -index-unit-output-path /CineChill.build/Release-iphoneos/CineChill.build/Objects-normal/arm64/DiscoverView.o -index-unit-output-path /CineChill.build/Release-iphoneos/CineChill.build/Objects-normal/arm64/DiscoverViewModel.o -index-unit-output-path /CineChill.build/Release-iphoneos/CineChill.build/Objects-normal/arm64/MediaDetailView.o -index-unit-output-path /CineChill.build/Release-iphoneos/CineChill.build/Objects-normal/arm64/MediaPosterCard.o -index-unit-output-path /CineChill.build/Release-iphoneos/CineChill.build/Objects-normal/arm64/APIConsoleView.o -index-unit-output-path /CineChill.build/Release-iphoneos/CineChill.build/Objects-normal/arm64/DockerView.o -index-unit-output-path /CineChill.build/Release-iphoneos/CineChill.build/Objects-normal/arm64/Drive115Views.o -index-unit-output-path /CineChill.build/Release-iphoneos/CineChill.build/Objects-normal/arm64/EmbyViews.o -index-unit-output-path /CineChill.build/Release-iphoneos/CineChill.build/Objects-normal/arm64/IntegrationViews.o -index-unit-output-path /CineChill.build/Release-iphoneos/CineChill.build/Objects-normal/arm64/MoreView.o -index-unit-output-path /CineChill.build/Release-iphoneos/CineChill.build/Objects-normal/arm64/OrganizeViews.o -index-unit-output-path /CineChill.build/Release-iphoneos/CineChill.build/Objects-normal/arm64/ResourceViews.o -index-unit-output-path /CineChill.build/Release-iphoneos/CineChill.build/Objects-normal/arm64/SystemViews.o -index-unit-output-path /CineChill.build/Release-iphoneos/CineChill.build/Objects-normal/arm64/NotifyView.o -index-unit-output-path /CineChill.build/Release-iphoneos/CineChill.build/Objects-normal/arm64/MainTabView.o -index-unit-output-path /CineChill.build/Release-iphoneos/CineChill.build/Objects-normal/arm64/RootView.o -index-unit-output-path /CineChill.build/Release-iphoneos/CineChill.build/Objects-normal/arm64/SettingsView.o -index-unit-output-path /CineChill.build/Release-iphoneos/CineChill.build/Objects-normal/arm64/RssSourceEditor.o -index-unit-output-path /CineChill.build/Release-iphoneos/CineChill.build/Objects-normal/arm64/SubscriptionsView.o -index-unit-output-path /CineChill.build/Release-iphoneos/CineChill.build/Objects-normal/arm64/SubscriptionsViewModel.o -index-unit-output-path /CineChill.build/Release-iphoneos/CineChill.build/Objects-normal/arm64/TasksView.o -index-unit-output-path /CineChill.build/Release-iphoneos/CineChill.build/Objects-normal/arm64/TasksViewModel.o -index-unit-output-path /CineChill.build/Release-iphoneos/CineChill.build/Objects-normal/arm64/DomainModels.o -index-unit-output-path /CineChill.build/Release-iphoneos/CineChill.build/Objects-normal/arm64/MediaItem.o -index-unit-output-path /CineChill.build/Release-iphoneos/CineChill.build/Objects-normal/arm64/AuthService.o -index-unit-output-path /CineChill.build/Release-iphoneos/CineChill.build/Objects-normal/arm64/DiscoverService.o -index-unit-output-path /CineChill.build/Release-iphoneos/CineChill.build/Objects-normal/arm64/EmbyServices.o -index-unit-output-path /CineChill.build/Release-iphoneos/CineChill.build/Objects-normal/arm64/IntegrationServices.o -index-unit-output-path /CineChill.build/Release-iphoneos/CineChill.build/Objects-normal/arm64/NotifyService.o -index-unit-output-path /CineChill.build/Release-iphoneos/CineChill.build/Objects-normal/arm64/OrganizeServices.o -index-unit-output-path /CineChill.build/Release-iphoneos/CineChill.build/Objects-normal/arm64/ServerService.o -index-unit-output-path /CineChill.build/Release-iphoneos/CineChill.build/Objects-normal/arm64/SubscriptionService.o -index-unit-output-path /CineChill.build/Release-iphoneos/CineChill.build/Objects-normal/arm64/SystemServices.o -index-unit-output-path /CineChill.build/Release-iphoneos/CineChill.build/Objects-normal/arm64/TaskService.o -index-unit-output-path /CineChill.build/Release-iphoneos/CineChill.build/Objects-normal/arm64/GeneratedAssetSymbols.o

CompileSwift normal arm64 (in target 'CineChill' from project 'CineChill')
    cd /Users/runner/work/cine/cine
    
/Users/runner/work/cine/cine/CineChill/Design/ModuleComponents.swift:184:49: error: extra argument 'height' in call
            .frame(maxWidth: .infinity, height: 58)
                  ~~~~~~~~~~~~~~~~~~~~~~~~~~~~~~^~~

** BUILD FAILED **


The following build commands failed:
	SwiftCompile normal arm64 Compiling\ CineChillApp.swift,\ ServerConfig.swift,\ APIClient.swift,\ APIError.swift,\ JSONValue.swift,\ SessionStore.swift,\ GlassComponents.swift,\ ModuleComponents.swift,\ RemoteImage.swift,\ Theme.swift,\ LoginView.swift,\ ServerSetupView.swift,\ DashboardView.swift,\ DashboardViewModel.swift,\ DiscoverView.swift,\ DiscoverViewModel.swift,\ MediaDetailView.swift,\ MediaPosterCard.swift,\ APIConsoleView.swift,\ DockerView.swift,\ Drive115Views.swift,\ EmbyViews.swift,\ IntegrationViews.swift,\ MoreView.swift,\ OrganizeViews.swift,\ ResourceViews.swift,\ SystemViews.swift,\ NotifyView.swift,\ MainTabView.swift,\ RootView.swift,\ SettingsView.swift,\ RssSourceEditor.swift,\ SubscriptionsView.swift,\ SubscriptionsViewModel.swift,\ TasksView.swift,\ TasksViewModel.swift,\ DomainModels.swift,\ MediaItem.swift,\ AuthService.swift,\ DiscoverService.swift,\ EmbyServices.swift,\ IntegrationServices.swift,\ NotifyService.swift,\ OrganizeServices.swift,\ ServerService.swift,\ SubscriptionService.swift,\ SystemServices.swift,\ TaskService.swift,\ GeneratedAssetSymbols.swift /Users/runner/work/cine/cine/CineChill/App/CineChillApp.swift /Users/runner/work/cine/cine/CineChill/Core/Config/ServerConfig.swift /Users/runner/work/cine/cine/CineChill/Core/Networking/APIClient.swift /Users/runner/work/cine/cine/CineChill/Core/Networking/APIError.swift /Users/runner/work/cine/cine/CineChill/Core/Networking/JSONValue.swift /Users/runner/work/cine/cine/CineChill/Core/Session/SessionStore.swift /Users/runner/work/cine/cine/CineChill/Design/GlassComponents.swift /Users/runner/work/cine/cine/CineChill/Design/ModuleComponents.swift /Users/runner/work/cine/cine/CineChill/Design/RemoteImage.swift /Users/runner/work/cine/cine/CineChill/Design/Theme.swift /Users/runner/work/cine/cine/CineChill/Features/Auth/LoginView.swift /Users/runner/work/cine/cine/CineChill/Features/Auth/ServerSetupView.swift /Users/runner/work/cine/cine/CineChill/Features/Dashboard/DashboardView.swift /Users/runner/work/cine/cine/CineChill/Features/Dashboard/DashboardViewModel.swift /Users/runner/work/cine/cine/CineChill/Features/Discover/DiscoverView.swift /Users/runner/work/cine/cine/CineChill/Features/Discover/DiscoverViewModel.swift /Users/runner/work/cine/cine/CineChill/Features/Discover/MediaDetailView.swift /Users/runner/work/cine/cine/CineChill/Features/Discover/MediaPosterCard.swift /Users/runner/work/cine/cine/CineChill/Features/More/APIConsoleView.swift /Users/runner/work/cine/cine/CineChill/Features/More/DockerView.swift /Users/runner/work/cine/cine/CineChill/Features/More/Drive115Views.swift /Users/runner/work/cine/cine/CineChill/Features/More/EmbyViews.swift /Users/runner/work/cine/cine/CineChill/Features/More/IntegrationViews.swift /Users/runner/work/cine/cine/CineChill/Features/More/MoreView.swift /Users/runner/work/cine/cine/CineChill/Features/More/OrganizeViews.swift /Users/runner/work/cine/cine/CineChill/Features/More/ResourceViews.swift /Users/runner/work/cine/cine/CineChill/Features/More/SystemViews.swift /Users/runner/work/cine/cine/CineChill/Features/Notify/NotifyView.swift /Users/runner/work/cine/cine/CineChill/Features/Root/MainTabView.swift /Users/runner/work/cine/cine/CineChill/Features/Root/RootView.swift /Users/runner/work/cine/cine/CineChill/Features/Settings/SettingsView.swift /Users/runner/work/cine/cine/CineChill/Features/Subscriptions/RssSourceEditor.swift /Users/runner/work/cine/cine/CineChill/Features/Subscriptions/SubscriptionsView.swift /Users/runner/work/cine/cine/CineChill/Features/Subscriptions/SubscriptionsViewModel.swift /Users/runner/work/cine/cine/CineChill/Features/Tasks/TasksView.swift /Users/runner/work/cine/cine/CineChill/Features/Tasks/TasksViewModel.swift /Users/runner/work/cine/cine/CineChill/Models/DomainModels.swift /Users/runner/work/cine/cine/CineChill/Models/MediaItem.swift /Users/runner/work/cine/cine/CineChill/Services/AuthService.swift /Users/runner/work/cine/cine/CineChill/Services/DiscoverService.swift /Users/runner/work/cine/cine/CineChill/Services/EmbyServices.swift /Users/runner/work/cine/cine/CineChill/Services/IntegrationServices.swift /Users/runner/work/cine/cine/CineChill/Services/NotifyService.swift /Users/runner/work/cine/cine/CineChill/Services/OrganizeServices.swift /Users/runner/work/cine/cine/CineChill/Services/ServerService.swift /Users/runner/work/cine/cine/CineChill/Services/SubscriptionService.swift /Users/runner/work/cine/cine/CineChill/Services/SystemServices.swift /Users/runner/work/cine/cine/CineChill/Services/TaskService.swift /Users/runner/work/cine/cine/build/DerivedData/Build/Intermediates.noindex/CineChill.build/Release-iphoneos/CineChill.build/DerivedSources/GeneratedAssetSymbols.swift /Applications/Xcode_26.6.app/Contents/Developer/Toolchains/XcodeDefault.xctoolchain/usr/lib/swift/iphoneos/prebuilt-modules/26.5/Symbols.swiftmodule/arm64e-apple-ios.swiftmodule /Applications/Xcode_26.6.app/Contents/Developer/Toolchains/XcodeDefault.xctoolchain/usr/lib/swift/iphoneos/prebuilt-modules/26.5/CoreVideo.swiftmodule/arm64e-apple-ios.swiftmodule /Applications/Xcode_26.6.app/Contents/Developer/Toolchains/XcodeDefault.xctoolchain/usr/lib/swift/iphoneos/prebuilt-modules/26.5/ObjectiveC.swiftmodule/arm64e-apple-ios.swiftmodule /Applications/Xcode_26.6.app/Contents/Developer/Toolchains/XcodeDefault.xctoolchain/usr/lib/swift/iphoneos/prebuilt-modules/26.5/CoreFoundation.swiftmodule/arm64e-apple-ios.swiftmodule /Applications/Xcode_26.6.app/Contents/Developer/Toolchains/XcodeDefault.xctoolchain/usr/lib/swift/iphoneos/prebuilt-modules/26.5/CoreData.swiftmodule/arm64e-apple-ios.swiftmodule /Applications/Xcode_26.6.app/Contents/Developer/Toolchains/XcodeDefault.xctoolchain/usr/lib/swift/iphoneos/prebuilt-modules/26.5/Combine.swiftmodule/arm64e-apple-ios.swiftmodule /Applications/Xcode_26.6.app/Contents/Developer/Toolchains/XcodeDefault.xctoolchain/usr/lib/swift/iphoneos/prebuilt-modules/26.5/_DarwinFoundation1.swiftmodule/arm64e-apple-ios.swiftmodule /Applications/Xcode_26.6.app/Contents/Developer/Toolchains/XcodeDefault.xctoolchain/usr/lib/swift/iphoneos/prebuilt-modules/26.5/SwiftUICore.swiftmodule/arm64e-apple-ios.swiftmodule /Applications/Xcode_26.6.app/Contents/Developer/Toolchains/XcodeDefault.xctoolchain/usr/lib/swift/iphoneos/prebuilt-modules/26.5/Observation.swiftmodule/arm64e-apple-ios.swiftmodule /Applications/Xcode_26.6.app/Contents/Developer/Toolchains/XcodeDefault.xctoolchain/usr/lib/swift/iphoneos/prebuilt-modules/26.5/DeveloperToolsSupport.swiftmodule/arm64e-apple-ios.swiftmodule /Applications/Xcode_26.6.app/Contents/Developer/Toolchains/XcodeDefault.xctoolchain/usr/lib/swift/iphoneos/prebuilt-modules/26.5/_DarwinFoundation2.swiftmodule/arm64e-apple-ios.swiftmodule /Applications/Xcode_26.6.app/Contents/Developer/Toolchains/XcodeDefault.xctoolchain/usr/lib/swift/iphoneos/prebuilt-modules/26.5/Darwin.swiftmodule/arm64e-apple-ios.swiftmodule /Applications/Xcode_26.6.app/Contents/Developer/Toolchains/XcodeDefault.xctoolchain/usr/lib/swift/iphoneos/prebuilt-modules/26.5/_Concurrency.swiftmodule/arm64e-apple-ios.swiftmodule /Applications/Xcode_26.6.app/Contents/Developer/Toolchains/XcodeDefault.xctoolchain/usr/lib/swift/iphoneos/prebuilt-modules/26.5/Spatial.swiftmodule/arm64e-apple-ios.swiftmodule /Applications/Xcode_26.6.app/Contents/Developer/Toolchains/XcodeDefault.xctoolchain/usr/lib/swift/iphoneos/prebuilt-modules/26.5/FileProvider.swiftmodule/arm64e-apple-ios.swiftmodule /Applications/Xcode_26.6.app/Contents/Developer/Toolchains/XcodeDefault.xctoolchain/usr/lib/swift/iphoneos/prebuilt-modules/26.5/UIKit.swiftmodule/arm64e-apple-ios.swiftmodule /Applications/Xcode_26.6.app/Contents/Developer/Toolchains/XcodeDefault.xctoolchain/usr/lib/swift/iphoneos/prebuilt-modules/26.5/_Builtin_float.swiftmodule/arm64e-apple-ios.swiftmodule /Applications/Xcode_26.6.app/Contents/Developer/Toolchains/XcodeDefault.xctoolchain/usr/lib/swift/iphoneos/prebuilt-modules/26.5/XPC.swiftmodule/arm64e-apple-ios.swiftmodule /Applications/Xcode_26.6.app/Contents/Developer/Toolchains/XcodeDefault.xctoolchain/usr/lib/swift/iphoneos/prebuilt-modules/26.5/CoreTransferable.swiftmodule/arm64e-apple-ios.swiftmodule /Applications/Xcode_26.6.app/Contents/Developer/Toolchains/XcodeDefault.xctoolchain/usr/lib/swift/iphoneos/prebuilt-modules/26.5/Metal.swiftmodule/arm64e-apple-ios.swiftmodule /Applications/Xcode_26.6.app/Contents/Developer/Toolchains/XcodeDefault.xctoolchain/usr/lib/swift/iphoneos/prebuilt-modules/26.5/Swift.swiftmodule/arm64e-apple-ios.swiftmodule /Applications/Xcode_26.6.app/Contents/Developer/Toolchains/XcodeDefault.xctoolchain/usr/lib/swift/iphoneos/prebuilt-modules/26.5/_DarwinFoundation3.swiftmodule/arm64e-apple-ios.swiftmodule /Applications/Xcode_26.6.app/Contents/Developer/Toolchains/XcodeDefault.xctoolchain/usr/lib/swift/iphoneos/prebuilt-modules/26.5/CoreImage.swiftmodule/arm64e-apple-ios.swiftmodule /Applications/Xcode_26.6.app/Contents/Developer/Toolchains/XcodeDefault.xctoolchain/usr/lib/swift/iphoneos/prebuilt-modules/26.5/os.swiftmodule/arm64e-apple-ios.swiftmodule /Applications/Xcode_26.6.app/Contents/Developer/Toolchains/XcodeDefault.xctoolchain/usr/lib/swift/iphoneos/prebuilt-modules/26.5/System.swiftmodule/arm64e-apple-ios.swiftmodule /Applications/Xcode_26.6.app/Contents/Developer/Toolchains/XcodeDefault.xctoolchain/usr/lib/swift/iphoneos/prebuilt-modules/26.5/CoreText.swiftmodule/arm64e-apple-ios.swiftmodule /Applications/Xcode_26.6.app/Contents/Developer/Toolchains/XcodeDefault.xctoolchain/usr/lib/swift/iphoneos/prebuilt-modules/26.5/DataDetection.swiftmodule/arm64e-apple-ios.swiftmodule /Applications/Xcode_26.6.app/Contents/Developer/Toolchains/XcodeDefault.xctoolchain/usr/lib/swift/iphoneos/prebuilt-modules/26.5/Foundation.swiftmodule/arm64e-apple-ios.swiftmodule /Applications/Xcode_26.6.app/Contents/Developer/Toolchains/XcodeDefault.xctoolchain/usr/lib/swift/iphoneos/prebuilt-modules/26.5/QuartzCore.swiftmodule/arm64e-apple-ios.swiftmodule /Applications/Xcode_26.6.app/Contents/Developer/Toolchains/XcodeDefault.xctoolchain/usr/lib/swift/iphoneos/prebuilt-modules/26.5/OSLog.swiftmodule/arm64e-apple-ios.swiftmodule /Applications/Xcode_26.6.app/Contents/Developer/Toolchains/XcodeDefault.xctoolchain/usr/lib/swift/iphoneos/prebuilt-modules/26.5/UniformTypeIdentifiers.swiftmodule/arm64e-apple-ios.swiftmodule /Applications/Xcode_26.6.app/Contents/Developer/Toolchains/XcodeDefault.xctoolchain/usr/lib/swift/iphoneos/prebuilt-modules/26.5/SwiftUI.swiftmodule/arm64e-apple-ios.swiftmodule /Applications/Xcode_26.6.app/Contents/Developer/Toolchains/XcodeDefault.xctoolchain/usr/lib/swift/iphoneos/prebuilt-modules/26.5/CoreGraphics.swiftmodule/arm64e-apple-ios.swiftmodule /Applications/Xcode_26.6.app/Contents/Developer/Toolchains/XcodeDefault.xctoolchain/usr/lib/swift/iphoneos/prebuilt-modules/26.5/Accessibility.swiftmodule/arm64e-apple-ios.swiftmodule /Applications/Xcode_26.6.app/Contents/Developer/Toolchains/XcodeDefault.xctoolchain/usr/lib/swift/iphoneos/prebuilt-modules/26.5/_StringProcessing.swiftmodule/arm64e-apple-ios.swiftmodule /Applications/Xcode_26.6.app/Contents/Developer/Toolchains/XcodeDefault.xctoolchain/usr/lib/swift/iphoneos/prebuilt-modules/26.5/simd.swiftmodule/arm64e-apple-ios.swiftmodule /Applications/Xcode_26.6.app/Contents/Developer/Toolchains/XcodeDefault.xctoolchain/usr/lib/swift/iphoneos/prebuilt-modules/26.5/Dispatch.swiftmodule/arm64e-apple-ios.swiftmodule /Users/runner/work/cine/cine/build/DerivedData/ModuleCache.noindex/SwiftUI-6MOA1P76Q18OYTI1745Y8VQSZ.pcm /Users/runner/work/cine/cine/build/DerivedData/ModuleCache.noindex/IOSurface-14AJW4BTJYOX0W35NJ0CSEINJ.pcm /Users/runner/work/cine/cine/build/DerivedData/ModuleCache.noindex/CoreTransferable-61WT73WW1B9VQLH8HQDXPGTH0.pcm /Users/runner/work/cine/cine/build/DerivedData/ModuleCache.noindex/UIUtilities-5Y1AVGI01X6OTIUGKVHJRDHYQ.pcm /Users/runner/work/cine/cine/build/DerivedData/ModuleCache.noindex/os-4VR45EJQXTEX3A1NPR87ZQ36V.pcm /Users/runner/work/cine/cine/build/DerivedData/ModuleCache.noindex/_SwiftConcurrencyShims-83TCL8IPX5ICVT791MEJIV17G.pcm /Users/runner/work/cine/cine/build/DerivedData/ModuleCache.noindex/CoreFoundation-63IOL6Y7DCUFXIXFXTWE3DNEV.pcm /Users/runner/work/cine/cine/build/DerivedData/ModuleCache.noindex/SwiftUICore-E7KQPWNPY5LT794308YFWJXFF.pcm /Users/runner/work/cine/cine/build/DerivedData/ModuleCache.noindex/ObjectiveC-4742ZNX2GN089VCWR9N1N1IC4.pcm /Users/runner/work/cine/cine/build/DerivedData/ModuleCache.noindex/OSLog-NGL3FMXXPA0GZERNP4QHD7TR.pcm /Users/runner/work/cine/cine/build/DerivedData/ModuleCache.noindex/SwiftShims-7GQW6ILN3AY2RE5W24Y18VDTD.pcm /Users/runner/work/cine/cine/build/DerivedData/ModuleCache.noindex/ImageIO-57ZAERJ95IC4WV0VVS5XTI6TK.pcm /Users/runner/work/cine/cine/build/DerivedData/ModuleCache.noindex/_Builtin_stddef-5NZMO47VOT1W2D59FR5P1KNOC.pcm /Users/runner/work/cine/cine/build/DerivedData/ModuleCache.noindex/os_workgroup-5YPWTBQLO7QDPNC55SWJ3IFZS.pcm /Users/runner/work/cine/cine/build/DerivedData/ModuleCache.noindex/UIKit-6GXN1RURZT7GLDTTLD67LJBQ5.pcm /Users/runner/work/cine/cine/build/DerivedData/ModuleCache.noindex/CoreData-CG4JOWXR1FH80UL1LYQBJQ6ZG.pcm /Users/runner/work/cine/cine/build/DerivedData/ModuleCache.noindex/_Builtin_stdint-6RNWD04I5UEU73EE34WA0K7RB.pcm /Users/runner/work/cine/cine/build/DerivedData/ModuleCache.noindex/_Builtin_stdbool-1EBT9MKTJ5AZE4RNTFJWK07RF.pcm /Users/runner/work/cine/cine/build/DerivedData/ModuleCache.noindex/XPC-B8KRT7O69MBBJ3NMON6AVZZ2M.pcm /Users/runner/work/cine/cine/build/DerivedData/ModuleCache.noindex/_DarwinFoundation3-74KZSWUQ751DLV1UNJNBPX8NH.pcm /Users/runner/work/cine/cine/build/DerivedData/ModuleCache.noindex/os_object-4I2995LDWBODHKKSAF9HVF0D6.pcm /Users/runner/work/cine/cine/build/DerivedData/ModuleCache.noindex/MachO-DWRRVCSZTJTJLHHUW450QPC1I.pcm /Users/runner/work/cine/cine/build/DerivedData/ModuleCache.noindex/_Builtin_float-B4IYJ43OXBXVPV94DORDR5JUO.pcm /Users/runner/work/cine/cine/build/DerivedData/ModuleCache.noindex/CoreImage-1KGAYISWU97KJ3D83SQN23101.pcm /Users/runner/work/cine/cine/build/DerivedData/ModuleCache.noindex/Dispatch-DPY5TXCJVVMFYT1Z5FXB0AVRI.pcm /Users/runner/work/cine/cine/build/DerivedData/ModuleCache.noindex/_DarwinFoundation2-3KWU9USGLCKP5H7E3ITL4929Q.pcm /Users/runner/work/cine/cine/build/DerivedData/ModuleCache.noindex/_DarwinFoundation1-4MVSV288WRP5R9E8KIT3RYQBW.pcm /Users/runner/work/cine/cine/build/DerivedData/ModuleCache.noindex/CoreText-7NP3XLYXNN4AJ9ICM093X73CJ.pcm /Users/runner/work/cine/cine/build/DerivedData/ModuleCache.noindex/DataDetection-2BYKZ096HUJNY71YRDW3DMIAN.pcm /Users/runner/work/cine/cine/build/DerivedData/ModuleCache.noindex/Symbols-76TPC03TIYOJLJOISNUGA8UHP.pcm /Users/runner/work/cine/cine/build/DerivedData/ModuleCache.noindex/_Builtin_stdarg-6I3O009NBIASSREDHIHYKOTD8.pcm /Users/runner/work/cine/cine/build/DerivedData/ModuleCache.noindex/UserNotifications-4VCX8OV6HFXT1WCE1DNRJDGFO.pcm /Users/runner/work/cine/cine/build/DerivedData/ModuleCache.noindex/CFNetwork-ED6VKJOT70I1CP54Q0MAA86T.pcm /Users/runner/work/cine/cine/build/DerivedData/ModuleCache.noindex/ptrcheck-9RA5P10BRZ6X5QQJSTR8ABJWA.pcm /Users/runner/work/cine/cine/build/DerivedData/ModuleCache.noindex/Spatial-ASOIU1DWRYOKBVWH92153N4AI.pcm /Users/runner/work/cine/cine/build/DerivedData/ModuleCache.noindex/OpenGLES-21TXP0V6Q7A2S7DYH1IBU4K26.pcm /Users/runner/work/cine/cine/build/DerivedData/ModuleCache.noindex/CoreGraphics-A38KHT47WCP1GIC7PUEFBFRV2.pcm /Users/runner/work/cine/cine/build/DerivedData/ModuleCache.noindex/simd-6S2SUU1U1DJDOP3EYW7ZL7Z9X.pcm /Users/runner/work/cine/cine/build/DerivedData/ModuleCache.noindex/_Builtin_tgmath-3O4JWVO3ZD7A2XF0HY4PM8VH9.pcm /Users/runner/work/cine/cine/build/DerivedData/ModuleCache.noindex/UniformTypeIdentifiers-24V2MCH7NY2GRSBT6913NO3P2.pcm /Users/runner/work/cine/cine/build/DerivedData/ModuleCache.noindex/CoreVideo-BVRTBMMUABOKNX16CHAA0XJBS.pcm /Users/runner/work/cine/cine/build/DerivedData/ModuleCache.noindex/_Builtin_intrinsics-EEYC4OE2U09FOHYTAEM33EUJF.pcm /Users/runner/work/cine/cine/build/DerivedData/ModuleCache.noindex/_AvailabilityInternal-7Y0XOV2Y48WWNAHFZC6P0TMK5.pcm /Users/runner/work/cine/cine/build/DerivedData/ModuleCache.noindex/QuartzCore-CLQ78CRLK1WD9WSLO4QNTYSF.pcm /Users/runner/work/cine/cine/build/DerivedData/ModuleCache.noindex/_Builtin_stdatomic-D42PGWEVO16PB57OGJPDA6LB8.pcm /Users/runner/work/cine/cine/build/DerivedData/ModuleCache.noindex/Accessibility-DNFJIGRTVG76L8VSXRAEYXZJJ.pcm /Users/runner/work/cine/cine/build/DerivedData/ModuleCache.noindex/DeveloperToolsSupport-BNQCT1JD39NR11NR1OVHLQRDN.pcm /Users/runner/work/cine/cine/build/DerivedData/ModuleCache.noindex/sys_types-1XHEHEGA46LSGLAV61XHWXW7E.pcm /Users/runner/work/cine/cine/build/DerivedData/ModuleCache.noindex/_Builtin_limits-4WE0Q19S0HR1FAP1CX4JVEZDL.pcm /Users/runner/work/cine/cine/build/DerivedData/ModuleCache.noindex/FileProvider-6X7W89GVPZXXOYIM0UFA3BU2T.pcm /Users/runner/work/cine/cine/build/DerivedData/ModuleCache.noindex/Metal-DR6HI9AM6QQD8N7KAGB29Y1JY.pcm /Users/runner/work/cine/cine/build/DerivedData/ModuleCache.noindex/Foundation-1N8MJMJD650M9RHOP857ZDFA.pcm /Users/runner/work/cine/cine/build/DerivedData/ModuleCache.noindex/_Builtin_inttypes-2Z9J7C51AFVRTCL8VXAMK4SVU.pcm /Users/runner/work/cine/cine/build/DerivedData/ModuleCache.noindex/ptrauth-2ZN9FFKJGN1YR94MY5AGMZHFA.pcm /Users/runner/work/cine/cine/build/DerivedData/ModuleCache.noindex/Security-3HSD6OJ6FZS0BR2L3GIZHHA3E.pcm /Users/runner/work/cine/cine/build/DerivedData/ModuleCache.noindex/Darwin-6TZPP18SGNKG0XJ8224KOFK7Q.pcm /Users/runner/work/cine/cine/build/DerivedData/Build/Intermediates.noindex/CineChill.build/Release-iphoneos/CineChill.build/Objects-normal/arm64/CineChill-dependencies-1.json (in target 'CineChill' from project 'CineChill')
	CompileSwift normal arm64 (in target 'CineChill' from project 'CineChill')
	Building project CineChill with scheme CineChill and configuration Release
(3 failures)
