Available Xcode 26 installations:
/Applications/Xcode_26.0.1.app
/Applications/Xcode_26.0.app
/Applications/Xcode_26.1.1.app
/Applications/Xcode_26.1.app
/Applications/Xcode_26.2.0.app
/Applications/Xcode_26.2.app
/Applications/Xcode_26.3.0.app
/Applications/Xcode_26.3.app
Selecting /Applications/Xcode_26.3.app
Xcode 26.3
Build version 17C529
Command line invocation:
    /Applications/Xcode_26.3.app/Contents/Developer/usr/bin/xcodebuild -list -project CineChill.xcodeproj

Information about project "CineChill":
    Targets:
        CineChill

    Build Configurations:
        Debug
        Release

    If no build configuration is specified and -scheme is not passed then "Release" is used.

    Schemes:
        CineChill

Command line invocation:
    /Applications/Xcode_26.3.app/Contents/Developer/usr/bin/xcodebuild -project CineChill.xcodeproj -scheme CineChill -configuration Release -sdk iphoneos -destination generic/platform=iOS -derivedDataPath build/DerivedData CODE_SIGNING_ALLOWED=NO CODE_SIGNING_REQUIRED=NO CODE_SIGN_IDENTITY= DEVELOPMENT_TEAM= clean build

Build settings from command line:
    CODE_SIGN_IDENTITY = 
    CODE_SIGNING_ALLOWED = NO
    CODE_SIGNING_REQUIRED = NO
    DEVELOPMENT_TEAM = 
    SDKROOT = iphoneos26.2

note: Using codesigning identity override: 
CreateBuildRequest

SendProjectDescription

CreateBuildOperation

** CLEAN SUCCEEDED **

note: Using codesigning identity override: 
ComputePackagePrebuildTargetDependencyGraph

Prepare packages

CreateBuildRequest

SendProjectDescription

CreateBuildOperation

ComputeTargetDependencyGraph
note: Building targets in dependency order
note: Target dependency graph (1 target)
    Target 'CineChill' in project 'CineChill' (no dependencies)

GatherProvisioningInputs

CreateBuildDescription

ExecuteExternalTool /Applications/Xcode_26.3.app/Contents/Developer/Toolchains/XcodeDefault.xctoolchain/usr/bin/clang -v -E -dM -isysroot /Applications/Xcode_26.3.app/Contents/Developer/Platforms/iPhoneOS.platform/Developer/SDKs/iPhoneOS26.2.sdk -x c -c /dev/null

ExecuteExternalTool /Applications/Xcode_26.3.app/Contents/Developer/usr/bin/actool --print-asset-tag-combinations --output-format xml1 /Users/runner/work/cine/cine/CineChill/Resources/Assets.xcassets

ExecuteExternalTool /Applications/Xcode_26.3.app/Contents/Developer/usr/bin/actool --version --output-format xml1

ExecuteExternalTool /Applications/Xcode_26.3.app/Contents/Developer/Toolchains/XcodeDefault.xctoolchain/usr/bin/swiftc --version

ExecuteExternalTool /Applications/Xcode_26.3.app/Contents/Developer/Toolchains/XcodeDefault.xctoolchain/usr/bin/ld -version_details

Build description signature: 47f7a5a7dba76a6045f93a9bd36be198
Build description path: /Users/runner/work/cine/cine/build/DerivedData/Build/Intermediates.noindex/XCBuildData/47f7a5a7dba76a6045f93a9bd36be198.xcbuilddata
ClangStatCache /Applications/Xcode_26.3.app/Contents/Developer/Toolchains/XcodeDefault.xctoolchain/usr/bin/clang-stat-cache /Applications/Xcode_26.3.app/Contents/Developer/Platforms/iPhoneOS.platform/Developer/SDKs/iPhoneOS26.2.sdk /Users/runner/work/cine/cine/build/DerivedData/SDKStatCaches.noindex/iphoneos26.2-23C57-dc75598d0054f22ec865fa860f139d722dd23b4ebda140f7210d155ff1243552.sdkstatcache
    cd /Users/runner/work/cine/cine/CineChill.xcodeproj
    /Applications/Xcode_26.3.app/Contents/Developer/Toolchains/XcodeDefault.xctoolchain/usr/bin/clang-stat-cache /Applications/Xcode_26.3.app/Contents/Developer/Platforms/iPhoneOS.platform/Developer/SDKs/iPhoneOS26.2.sdk -o /Users/runner/work/cine/cine/build/DerivedData/SDKStatCaches.noindex/iphoneos26.2-23C57-dc75598d0054f22ec865fa860f139d722dd23b4ebda140f7210d155ff1243552.sdkstatcache

CreateBuildDirectory /Users/runner/work/cine/cine/build/DerivedData/Build/Products
    cd /Users/runner/work/cine/cine/CineChill.xcodeproj
    builtin-create-build-directory /Users/runner/work/cine/cine/build/DerivedData/Build/Products

CreateBuildDirectory /Users/runner/work/cine/cine/build/DerivedData/Build/Intermediates.noindex
    cd /Users/runner/work/cine/cine/CineChill.xcodeproj
    builtin-create-build-directory /Users/runner/work/cine/cine/build/DerivedData/Build/Intermediates.noindex

CreateBuildDirectory /Users/runner/work/cine/cine/build/DerivedData/Build/Products/Release-iphoneos
    cd /Users/runner/work/cine/cine/CineChill.xcodeproj
    builtin-create-build-directory /Users/runner/work/cine/cine/build/DerivedData/Build/Products/Release-iphoneos

CreateBuildDirectory /Users/runner/work/cine/cine/build/DerivedData/Build/Intermediates.noindex/SwiftExplicitPrecompiledModules
    cd /Users/runner/work/cine/cine/CineChill.xcodeproj
    builtin-create-build-directory /Users/runner/work/cine/cine/build/DerivedData/Build/Intermediates.noindex/SwiftExplicitPrecompiledModules

WriteAuxiliaryFile /Users/runner/work/cine/cine/build/DerivedData/Build/Intermediates.noindex/CineChill.build/Release-iphoneos/CineChill-2301bb2f626fed95fa8e6e785684e49b-VFS-iphoneos/all-product-headers.yaml
    cd /Users/runner/work/cine/cine/CineChill.xcodeproj
    write-file /Users/runner/work/cine/cine/build/DerivedData/Build/Intermediates.noindex/CineChill.build/Release-iphoneos/CineChill-2301bb2f626fed95fa8e6e785684e49b-VFS-iphoneos/all-product-headers.yaml

CreateBuildDirectory /Users/runner/work/cine/cine/build/DerivedData/Build/Intermediates.noindex/ExplicitPrecompiledModules
    cd /Users/runner/work/cine/cine/CineChill.xcodeproj
    builtin-create-build-directory /Users/runner/work/cine/cine/build/DerivedData/Build/Intermediates.noindex/ExplicitPrecompiledModules

CreateBuildDirectory /Users/runner/work/cine/cine/build/DerivedData/Build/Intermediates.noindex/EagerLinkingTBDs/Release-iphoneos
    cd /Users/runner/work/cine/cine/CineChill.xcodeproj
    builtin-create-build-directory /Users/runner/work/cine/cine/build/DerivedData/Build/Intermediates.noindex/EagerLinkingTBDs/Release-iphoneos

WriteAuxiliaryFile /Users/runner/work/cine/cine/build/DerivedData/Build/Intermediates.noindex/CineChill.build/Release-iphoneos/CineChill.build/Objects-normal/arm64/CineChill_const_extract_protocols.json (in target 'CineChill' from project 'CineChill')
    cd /Users/runner/work/cine/cine
    write-file /Users/runner/work/cine/cine/build/DerivedData/Build/Intermediates.noindex/CineChill.build/Release-iphoneos/CineChill.build/Objects-normal/arm64/CineChill_const_extract_protocols.json

WriteAuxiliaryFile /Users/runner/work/cine/cine/build/DerivedData/Build/Intermediates.noindex/CineChill.build/Release-iphoneos/CineChill.build/Objects-normal/arm64/CineChill.SwiftFileList (in target 'CineChill' from project 'CineChill')
    cd /Users/runner/work/cine/cine
    write-file /Users/runner/work/cine/cine/build/DerivedData/Build/Intermediates.noindex/CineChill.build/Release-iphoneos/CineChill.build/Objects-normal/arm64/CineChill.SwiftFileList

WriteAuxiliaryFile /Users/runner/work/cine/cine/build/DerivedData/Build/Intermediates.noindex/CineChill.build/Release-iphoneos/CineChill.build/Objects-normal/arm64/CineChill.SwiftConstValuesFileList (in target 'CineChill' from project 'CineChill')
    cd /Users/runner/work/cine/cine
    write-file /Users/runner/work/cine/cine/build/DerivedData/Build/Intermediates.noindex/CineChill.build/Release-iphoneos/CineChill.build/Objects-normal/arm64/CineChill.SwiftConstValuesFileList

WriteAuxiliaryFile /Users/runner/work/cine/cine/build/DerivedData/Build/Intermediates.noindex/CineChill.build/Release-iphoneos/CineChill.build/Objects-normal/arm64/CineChill.LinkFileList (in target 'CineChill' from project 'CineChill')
    cd /Users/runner/work/cine/cine
    write-file /Users/runner/work/cine/cine/build/DerivedData/Build/Intermediates.noindex/CineChill.build/Release-iphoneos/CineChill.build/Objects-normal/arm64/CineChill.LinkFileList

WriteAuxiliaryFile /Users/runner/work/cine/cine/build/DerivedData/Build/Intermediates.noindex/CineChill.build/Release-iphoneos/CineChill.build/Objects-normal/arm64/CineChill-OutputFileMap.json (in target 'CineChill' from project 'CineChill')
    cd /Users/runner/work/cine/cine
    write-file /Users/runner/work/cine/cine/build/DerivedData/Build/Intermediates.noindex/CineChill.build/Release-iphoneos/CineChill.build/Objects-normal/arm64/CineChill-OutputFileMap.json

WriteAuxiliaryFile /Users/runner/work/cine/cine/build/DerivedData/Build/Intermediates.noindex/CineChill.build/Release-iphoneos/CineChill.build/CineChill.hmap (in target 'CineChill' from project 'CineChill')
    cd /Users/runner/work/cine/cine
    write-file /Users/runner/work/cine/cine/build/DerivedData/Build/Intermediates.noindex/CineChill.build/Release-iphoneos/CineChill.build/CineChill.hmap

WriteAuxiliaryFile /Users/runner/work/cine/cine/build/DerivedData/Build/Intermediates.noindex/CineChill.build/Release-iphoneos/CineChill.build/CineChill.DependencyStaticMetadataFileList (in target 'CineChill' from project 'CineChill')
    cd /Users/runner/work/cine/cine
    write-file /Users/runner/work/cine/cine/build/DerivedData/Build/Intermediates.noindex/CineChill.build/Release-iphoneos/CineChill.build/CineChill.DependencyStaticMetadataFileList

WriteAuxiliaryFile /Users/runner/work/cine/cine/build/DerivedData/Build/Intermediates.noindex/CineChill.build/Release-iphoneos/CineChill.build/CineChill.DependencyMetadataFileList (in target 'CineChill' from project 'CineChill')
    cd /Users/runner/work/cine/cine
    write-file /Users/runner/work/cine/cine/build/DerivedData/Build/Intermediates.noindex/CineChill.build/Release-iphoneos/CineChill.build/CineChill.DependencyMetadataFileList

WriteAuxiliaryFile /Users/runner/work/cine/cine/build/DerivedData/Build/Intermediates.noindex/CineChill.build/Release-iphoneos/CineChill.build/CineChill-project-headers.hmap (in target 'CineChill' from project 'CineChill')
    cd /Users/runner/work/cine/cine
    write-file /Users/runner/work/cine/cine/build/DerivedData/Build/Intermediates.noindex/CineChill.build/Release-iphoneos/CineChill.build/CineChill-project-headers.hmap

WriteAuxiliaryFile /Users/runner/work/cine/cine/build/DerivedData/Build/Intermediates.noindex/CineChill.build/Release-iphoneos/CineChill.build/CineChill-own-target-headers.hmap (in target 'CineChill' from project 'CineChill')
    cd /Users/runner/work/cine/cine
    write-file /Users/runner/work/cine/cine/build/DerivedData/Build/Intermediates.noindex/CineChill.build/Release-iphoneos/CineChill.build/CineChill-own-target-headers.hmap

WriteAuxiliaryFile /Users/runner/work/cine/cine/build/DerivedData/Build/Intermediates.noindex/CineChill.build/Release-iphoneos/CineChill.build/CineChill-generated-files.hmap (in target 'CineChill' from project 'CineChill')
    cd /Users/runner/work/cine/cine
    write-file /Users/runner/work/cine/cine/build/DerivedData/Build/Intermediates.noindex/CineChill.build/Release-iphoneos/CineChill.build/CineChill-generated-files.hmap

WriteAuxiliaryFile /Users/runner/work/cine/cine/build/DerivedData/Build/Intermediates.noindex/CineChill.build/Release-iphoneos/CineChill.build/CineChill-all-target-headers.hmap (in target 'CineChill' from project 'CineChill')
    cd /Users/runner/work/cine/cine
    write-file /Users/runner/work/cine/cine/build/DerivedData/Build/Intermediates.noindex/CineChill.build/Release-iphoneos/CineChill.build/CineChill-all-target-headers.hmap

WriteAuxiliaryFile /Users/runner/work/cine/cine/build/DerivedData/Build/Intermediates.noindex/CineChill.build/Release-iphoneos/CineChill.build/CineChill-all-non-framework-target-headers.hmap (in target 'CineChill' from project 'CineChill')
    cd /Users/runner/work/cine/cine
    write-file /Users/runner/work/cine/cine/build/DerivedData/Build/Intermediates.noindex/CineChill.build/Release-iphoneos/CineChill.build/CineChill-all-non-framework-target-headers.hmap

MkDir /Users/runner/work/cine/cine/build/DerivedData/Build/Products/Release-iphoneos/CineChill.app (in target 'CineChill' from project 'CineChill')
    cd /Users/runner/work/cine/cine
    /bin/mkdir -p /Users/runner/work/cine/cine/build/DerivedData/Build/Products/Release-iphoneos/CineChill.app

MkDir /Users/runner/work/cine/cine/build/DerivedData/Build/Intermediates.noindex/CineChill.build/Release-iphoneos/CineChill.build/assetcatalog_output/thinned (in target 'CineChill' from project 'CineChill')
    cd /Users/runner/work/cine/cine
    /bin/mkdir -p /Users/runner/work/cine/cine/build/DerivedData/Build/Intermediates.noindex/CineChill.build/Release-iphoneos/CineChill.build/assetcatalog_output/thinned

MkDir /Users/runner/work/cine/cine/build/DerivedData/Build/Intermediates.noindex/CineChill.build/Release-iphoneos/CineChill.build/assetcatalog_output/unthinned (in target 'CineChill' from project 'CineChill')
    cd /Users/runner/work/cine/cine
    /bin/mkdir -p /Users/runner/work/cine/cine/build/DerivedData/Build/Intermediates.noindex/CineChill.build/Release-iphoneos/CineChill.build/assetcatalog_output/unthinned

GenerateAssetSymbols /Users/runner/work/cine/cine/CineChill/Resources/Assets.xcassets (in target 'CineChill' from project 'CineChill')
    cd /Users/runner/work/cine/cine
    /Applications/Xcode_26.3.app/Contents/Developer/usr/bin/actool /Users/runner/work/cine/cine/CineChill/Resources/Assets.xcassets --compile /Users/runner/work/cine/cine/build/DerivedData/Build/Products/Release-iphoneos/CineChill.app --output-format human-readable-text --notices --warnings --export-dependency-info /Users/runner/work/cine/cine/build/DerivedData/Build/Intermediates.noindex/CineChill.build/Release-iphoneos/CineChill.build/assetcatalog_dependencies --output-partial-info-plist /Users/runner/work/cine/cine/build/DerivedData/Build/Intermediates.noindex/CineChill.build/Release-iphoneos/CineChill.build/assetcatalog_generated_info.plist --app-icon AppIcon --accent-color AccentColor --compress-pngs --enable-on-demand-resources YES --development-region en --target-device iphone --target-device ipad --minimum-deployment-target 26.0 --platform iphoneos --bundle-identifier com.cinechill.mobile --generate-swift-asset-symbols /Users/runner/work/cine/cine/build/DerivedData/Build/Intermediates.noindex/CineChill.build/Release-iphoneos/CineChill.build/DerivedSources/GeneratedAssetSymbols.swift --generate-objc-asset-symbols /Users/runner/work/cine/cine/build/DerivedData/Build/Intermediates.noindex/CineChill.build/Release-iphoneos/CineChill.build/DerivedSources/GeneratedAssetSymbols.h --generate-asset-symbol-index /Users/runner/work/cine/cine/build/DerivedData/Build/Intermediates.noindex/CineChill.build/Release-iphoneos/CineChill.build/DerivedSources/GeneratedAssetSymbols-Index.plist
/* com.apple.actool.compilation-results */
/Users/runner/work/cine/cine/build/DerivedData/Build/Intermediates.noindex/CineChill.build/Release-iphoneos/CineChill.build/DerivedSources/GeneratedAssetSymbols-Index.plist
/Users/runner/work/cine/cine/build/DerivedData/Build/Intermediates.noindex/CineChill.build/Release-iphoneos/CineChill.build/DerivedSources/GeneratedAssetSymbols.h
/Users/runner/work/cine/cine/build/DerivedData/Build/Intermediates.noindex/CineChill.build/Release-iphoneos/CineChill.build/DerivedSources/GeneratedAssetSymbols.swift


CpResource /Users/runner/work/cine/cine/build/DerivedData/Build/Products/Release-iphoneos/CineChill.app/api_manifest.json /Users/runner/work/cine/cine/CineChill/Resources/api_manifest.json (in target 'CineChill' from project 'CineChill')
    cd /Users/runner/work/cine/cine
    builtin-copy -exclude .DS_Store -exclude CVS -exclude .svn -exclude .git -exclude .hg -resolve-src-symlinks /Users/runner/work/cine/cine/CineChill/Resources/api_manifest.json /Users/runner/work/cine/cine/build/DerivedData/Build/Products/Release-iphoneos/CineChill.app

CompileAssetCatalogVariant thinned /Users/runner/work/cine/cine/build/DerivedData/Build/Products/Release-iphoneos/CineChill.app /Users/runner/work/cine/cine/CineChill/Resources/Assets.xcassets (in target 'CineChill' from project 'CineChill')
    cd /Users/runner/work/cine/cine
    /Applications/Xcode_26.3.app/Contents/Developer/usr/bin/actool /Users/runner/work/cine/cine/CineChill/Resources/Assets.xcassets --compile /Users/runner/work/cine/cine/build/DerivedData/Build/Intermediates.noindex/CineChill.build/Release-iphoneos/CineChill.build/assetcatalog_output/thinned --output-format human-readable-text --notices --warnings --export-dependency-info /Users/runner/work/cine/cine/build/DerivedData/Build/Intermediates.noindex/CineChill.build/Release-iphoneos/CineChill.build/assetcatalog_dependencies_thinned --output-partial-info-plist /Users/runner/work/cine/cine/build/DerivedData/Build/Intermediates.noindex/CineChill.build/Release-iphoneos/CineChill.build/assetcatalog_generated_info.plist_thinned --app-icon AppIcon --accent-color AccentColor --compress-pngs --enable-on-demand-resources YES --development-region en --target-device iphone --target-device ipad --minimum-deployment-target 26.0 --platform iphoneos
/* com.apple.actool.compilation-results */
/Users/runner/work/cine/cine/build/DerivedData/Build/Intermediates.noindex/CineChill.build/Release-iphoneos/CineChill.build/assetcatalog_generated_info.plist_thinned
/Users/runner/work/cine/cine/build/DerivedData/Build/Intermediates.noindex/CineChill.build/Release-iphoneos/CineChill.build/assetcatalog_output/thinned/AppIcon60x60@2x.png
/Users/runner/work/cine/cine/build/DerivedData/Build/Intermediates.noindex/CineChill.build/Release-iphoneos/CineChill.build/assetcatalog_output/thinned/AppIcon76x76@2x~ipad.png
/Users/runner/work/cine/cine/build/DerivedData/Build/Intermediates.noindex/CineChill.build/Release-iphoneos/CineChill.build/assetcatalog_output/thinned/Assets.car


SwiftDriver CineChill normal arm64 com.apple.xcode.tools.swift.compiler (in target 'CineChill' from project 'CineChill')
    cd /Users/runner/work/cine/cine
    builtin-SwiftDriver -- /Applications/Xcode_26.3.app/Contents/Developer/Toolchains/XcodeDefault.xctoolchain/usr/bin/swiftc -module-name CineChill -O -whole-module-optimization -enforce-exclusivity\=checked @/Users/runner/work/cine/cine/build/DerivedData/Build/Intermediates.noindex/CineChill.build/Release-iphoneos/CineChill.build/Objects-normal/arm64/CineChill.SwiftFileList -enable-bare-slash-regex -enable-experimental-feature DebugDescriptionMacro -sdk /Applications/Xcode_26.3.app/Contents/Developer/Platforms/iPhoneOS.platform/Developer/SDKs/iPhoneOS26.2.sdk -target arm64-apple-ios26.0 -g -module-cache-path /Users/runner/work/cine/cine/build/DerivedData/ModuleCache.noindex -Xfrontend -serialize-debugging-options -swift-version 5 -I /Users/runner/work/cine/cine/build/DerivedData/Build/Products/Release-iphoneos -F /Users/runner/work/cine/cine/build/DerivedData/Build/Products/Release-iphoneos -emit-localized-strings -emit-localized-strings-path /Users/runner/work/cine/cine/build/DerivedData/Build/Intermediates.noindex/CineChill.build/Release-iphoneos/CineChill.build/Objects-normal/arm64 -c -num-threads 3 -Xcc -ivfsstatcache -Xcc /Users/runner/work/cine/cine/build/DerivedData/SDKStatCaches.noindex/iphoneos26.2-23C57-dc75598d0054f22ec865fa860f139d722dd23b4ebda140f7210d155ff1243552.sdkstatcache -output-file-map /Users/runner/work/cine/cine/build/DerivedData/Build/Intermediates.noindex/CineChill.build/Release-iphoneos/CineChill.build/Objects-normal/arm64/CineChill-OutputFileMap.json -use-frontend-parseable-output -save-temps -no-color-diagnostics -explicit-module-build -module-cache-path /Users/runner/work/cine/cine/build/DerivedData/Build/Intermediates.noindex/SwiftExplicitPrecompiledModules -clang-scanner-module-cache-path /Users/runner/work/cine/cine/build/DerivedData/ModuleCache.noindex -sdk-module-cache-path /Users/runner/work/cine/cine/build/DerivedData/ModuleCache.noindex -serialize-diagnostics -emit-dependencies -emit-module -emit-module-path /Users/runner/work/cine/cine/build/DerivedData/Build/Intermediates.noindex/CineChill.build/Release-iphoneos/CineChill.build/Objects-normal/arm64/CineChill.swiftmodule -validate-clang-modules-once -clang-build-session-file /Users/runner/work/cine/cine/build/DerivedData/ModuleCache.noindex/Session.modulevalidation -Xcc -I/Users/runner/work/cine/cine/build/DerivedData/Build/Intermediates.noindex/CineChill.build/Release-iphoneos/CineChill.build/swift-overrides.hmap -emit-const-values -Xfrontend -const-gather-protocols-file -Xfrontend /Users/runner/work/cine/cine/build/DerivedData/Build/Intermediates.noindex/CineChill.build/Release-iphoneos/CineChill.build/Objects-normal/arm64/CineChill_const_extract_protocols.json -Xcc -iquote -Xcc /Users/runner/work/cine/cine/build/DerivedData/Build/Intermediates.noindex/CineChill.build/Release-iphoneos/CineChill.build/CineChill-generated-files.hmap -Xcc -I/Users/runner/work/cine/cine/build/DerivedData/Build/Intermediates.noindex/CineChill.build/Release-iphoneos/CineChill.build/CineChill-own-target-headers.hmap -Xcc -I/Users/runner/work/cine/cine/build/DerivedData/Build/Intermediates.noindex/CineChill.build/Release-iphoneos/CineChill.build/CineChill-all-target-headers.hmap -Xcc -iquote -Xcc /Users/runner/work/cine/cine/build/DerivedData/Build/Intermediates.noindex/CineChill.build/Release-iphoneos/CineChill.build/CineChill-project-headers.hmap -Xcc -I/Users/runner/work/cine/cine/build/DerivedData/Build/Products/Release-iphoneos/include -Xcc -I/Users/runner/work/cine/cine/build/DerivedData/Build/Intermediates.noindex/CineChill.build/Release-iphoneos/CineChill.build/DerivedSources-normal/arm64 -Xcc -I/Users/runner/work/cine/cine/build/DerivedData/Build/Intermediates.noindex/CineChill.build/Release-iphoneos/CineChill.build/DerivedSources/arm64 -Xcc -I/Users/runner/work/cine/cine/build/DerivedData/Build/Intermediates.noindex/CineChill.build/Release-iphoneos/CineChill.build/DerivedSources -emit-objc-header -emit-objc-header-path /Users/runner/work/cine/cine/build/DerivedData/Build/Intermediates.noindex/CineChill.build/Release-iphoneos/CineChill.build/Objects-normal/arm64/CineChill-Swift.h -working-directory /Users/runner/work/cine/cine -no-emit-module-separately-wmo

SwiftDriver\ Compilation CineChill normal arm64 com.apple.xcode.tools.swift.compiler (in target 'CineChill' from project 'CineChill')
    cd /Users/runner/work/cine/cine
    builtin-Swift-Compilation -- /Applications/Xcode_26.3.app/Contents/Developer/Toolchains/XcodeDefault.xctoolchain/usr/bin/swiftc -module-name CineChill -O -whole-module-optimization -enforce-exclusivity\=checked @/Users/runner/work/cine/cine/build/DerivedData/Build/Intermediates.noindex/CineChill.build/Release-iphoneos/CineChill.build/Objects-normal/arm64/CineChill.SwiftFileList -enable-bare-slash-regex -enable-experimental-feature DebugDescriptionMacro -sdk /Applications/Xcode_26.3.app/Contents/Developer/Platforms/iPhoneOS.platform/Developer/SDKs/iPhoneOS26.2.sdk -target arm64-apple-ios26.0 -g -module-cache-path /Users/runner/work/cine/cine/build/DerivedData/ModuleCache.noindex -Xfrontend -serialize-debugging-options -swift-version 5 -I /Users/runner/work/cine/cine/build/DerivedData/Build/Products/Release-iphoneos -F /Users/runner/work/cine/cine/build/DerivedData/Build/Products/Release-iphoneos -emit-localized-strings -emit-localized-strings-path /Users/runner/work/cine/cine/build/DerivedData/Build/Intermediates.noindex/CineChill.build/Release-iphoneos/CineChill.build/Objects-normal/arm64 -c -num-threads 3 -Xcc -ivfsstatcache -Xcc /Users/runner/work/cine/cine/build/DerivedData/SDKStatCaches.noindex/iphoneos26.2-23C57-dc75598d0054f22ec865fa860f139d722dd23b4ebda140f7210d155ff1243552.sdkstatcache -output-file-map /Users/runner/work/cine/cine/build/DerivedData/Build/Intermediates.noindex/CineChill.build/Release-iphoneos/CineChill.build/Objects-normal/arm64/CineChill-OutputFileMap.json -use-frontend-parseable-output -save-temps -no-color-diagnostics -explicit-module-build -module-cache-path /Users/runner/work/cine/cine/build/DerivedData/Build/Intermediates.noindex/SwiftExplicitPrecompiledModules -clang-scanner-module-cache-path /Users/runner/work/cine/cine/build/DerivedData/ModuleCache.noindex -sdk-module-cache-path /Users/runner/work/cine/cine/build/DerivedData/ModuleCache.noindex -serialize-diagnostics -emit-dependencies -emit-module -emit-module-path /Users/runner/work/cine/cine/build/DerivedData/Build/Intermediates.noindex/CineChill.build/Release-iphoneos/CineChill.build/Objects-normal/arm64/CineChill.swiftmodule -validate-clang-modules-once -clang-build-session-file /Users/runner/work/cine/cine/build/DerivedData/ModuleCache.noindex/Session.modulevalidation -Xcc -I/Users/runner/work/cine/cine/build/DerivedData/Build/Intermediates.noindex/CineChill.build/Release-iphoneos/CineChill.build/swift-overrides.hmap -emit-const-values -Xfrontend -const-gather-protocols-file -Xfrontend /Users/runner/work/cine/cine/build/DerivedData/Build/Intermediates.noindex/CineChill.build/Release-iphoneos/CineChill.build/Objects-normal/arm64/CineChill_const_extract_protocols.json -Xcc -iquote -Xcc /Users/runner/work/cine/cine/build/DerivedData/Build/Intermediates.noindex/CineChill.build/Release-iphoneos/CineChill.build/CineChill-generated-files.hmap -Xcc -I/Users/runner/work/cine/cine/build/DerivedData/Build/Intermediates.noindex/CineChill.build/Release-iphoneos/CineChill.build/CineChill-own-target-headers.hmap -Xcc -I/Users/runner/work/cine/cine/build/DerivedData/Build/Intermediates.noindex/CineChill.build/Release-iphoneos/CineChill.build/CineChill-all-target-headers.hmap -Xcc -iquote -Xcc /Users/runner/work/cine/cine/build/DerivedData/Build/Intermediates.noindex/CineChill.build/Release-iphoneos/CineChill.build/CineChill-project-headers.hmap -Xcc -I/Users/runner/work/cine/cine/build/DerivedData/Build/Products/Release-iphoneos/include -Xcc -I/Users/runner/work/cine/cine/build/DerivedData/Build/Intermediates.noindex/CineChill.build/Release-iphoneos/CineChill.build/DerivedSources-normal/arm64 -Xcc -I/Users/runner/work/cine/cine/build/DerivedData/Build/Intermediates.noindex/CineChill.build/Release-iphoneos/CineChill.build/DerivedSources/arm64 -Xcc -I/Users/runner/work/cine/cine/build/DerivedData/Build/Intermediates.noindex/CineChill.build/Release-iphoneos/CineChill.build/DerivedSources -emit-objc-header -emit-objc-header-path /Users/runner/work/cine/cine/build/DerivedData/Build/Intermediates.noindex/CineChill.build/Release-iphoneos/CineChill.build/Objects-normal/arm64/CineChill-Swift.h -working-directory /Users/runner/work/cine/cine -no-emit-module-separately-wmo

SwiftExplicitDependencyGeneratePcm arm64 /Users/runner/work/cine/cine/build/DerivedData/ModuleCache.noindex/_Builtin_float-633CL4Z2SHLPQND19GHMCD0CS.pcm

SwiftExplicitDependencyGeneratePcm arm64 /Users/runner/work/cine/cine/build/DerivedData/ModuleCache.noindex/_Builtin_stddef-5CKZDQQPAEZG93XQ4HE4DHNLH.pcm

SwiftExplicitDependencyGeneratePcm arm64 /Users/runner/work/cine/cine/build/DerivedData/ModuleCache.noindex/ptrauth-80NQ8KVXREWB8PWZALY62SZ39.pcm

SwiftExplicitDependencyGeneratePcm arm64 /Users/runner/work/cine/cine/build/DerivedData/ModuleCache.noindex/_Builtin_stdbool-6RE6K1GTFF6RIEIY4E6KLGJMS.pcm

SwiftExplicitDependencyGeneratePcm arm64 /Users/runner/work/cine/cine/build/DerivedData/ModuleCache.noindex/_AvailabilityInternal-A7ZL7EGG8BULBBG07TYK7X2LJ.pcm

SwiftExplicitDependencyGeneratePcm arm64 /Users/runner/work/cine/cine/build/DerivedData/ModuleCache.noindex/SwiftShims-ABIBK24RJILU110VNHYCHBLBA.pcm

SwiftExplicitDependencyGeneratePcm arm64 /Users/runner/work/cine/cine/build/DerivedData/ModuleCache.noindex/_Builtin_stdarg-4ZX6JV6OUQ43P5XRNPZK5C2UQ.pcm

SwiftExplicitDependencyGeneratePcm arm64 /Users/runner/work/cine/cine/build/DerivedData/ModuleCache.noindex/DeveloperToolsSupport-1NZDCTGXAEQ54KFPCDMOHUNQG.pcm

SwiftExplicitDependencyGeneratePcm arm64 /Users/runner/work/cine/cine/build/DerivedData/ModuleCache.noindex/_SwiftConcurrencyShims-3TXTXS3KRQ97WTWR6RJ03MRSX.pcm

SwiftExplicitDependencyGeneratePcm arm64 /Users/runner/work/cine/cine/build/DerivedData/ModuleCache.noindex/ptrcheck-12HZWEJ1KL5CXDVNO2HXQQEJI.pcm

SwiftExplicitDependencyGeneratePcm arm64 /Users/runner/work/cine/cine/build/DerivedData/ModuleCache.noindex/_DarwinFoundation1-8A4NC9VC64ILYZXXTSZ82PJ0F.pcm

SwiftExplicitDependencyGeneratePcm arm64 /Users/runner/work/cine/cine/build/DerivedData/ModuleCache.noindex/_DarwinFoundation2-CM9PB1AJBUPIH7W5UOYUAZFO9.pcm

SwiftExplicitDependencyGeneratePcm arm64 /Users/runner/work/cine/cine/build/DerivedData/ModuleCache.noindex/_Builtin_limits-C5FWQANJKZEEK8ONEKF9N4FN8.pcm

SwiftExplicitDependencyGeneratePcm arm64 /Users/runner/work/cine/cine/build/DerivedData/ModuleCache.noindex/_Builtin_tgmath-6QAUODE3JNFDU04MZ4GODHJ9H.pcm

SwiftExplicitDependencyGeneratePcm arm64 /Users/runner/work/cine/cine/build/DerivedData/ModuleCache.noindex/_Builtin_stdint-6ZGBDR03ND5MFU01LFWLXNGP1.pcm

SwiftExplicitDependencyGeneratePcm arm64 /Users/runner/work/cine/cine/build/DerivedData/ModuleCache.noindex/sys_types-EOU6D5C59RD8TUE49012Y1W89.pcm

SwiftExplicitDependencyGeneratePcm arm64 /Users/runner/work/cine/cine/build/DerivedData/ModuleCache.noindex/_Builtin_stdatomic-39S9ESSUJJD7XBUMEOOB75HRT.pcm

SwiftExplicitDependencyGeneratePcm arm64 /Users/runner/work/cine/cine/build/DerivedData/ModuleCache.noindex/_Builtin_intrinsics-1UWIF916S1I25M2JFN1LO1LHK.pcm

SwiftExplicitDependencyGeneratePcm arm64 /Users/runner/work/cine/cine/build/DerivedData/ModuleCache.noindex/_DarwinFoundation3-CP9UQBBEGCH6BEK3TJTZ3YZQD.pcm

SwiftExplicitDependencyGeneratePcm arm64 /Users/runner/work/cine/cine/build/DerivedData/ModuleCache.noindex/_Builtin_inttypes-21C0MT5HX7KXSO2Z2O0KCY4QS.pcm

SwiftExplicitDependencyGeneratePcm arm64 /Users/runner/work/cine/cine/build/DerivedData/ModuleCache.noindex/Darwin-9U0Y9QI6CDRRXL6C2U0TEGFHT.pcm

SwiftExplicitDependencyGeneratePcm arm64 /Users/runner/work/cine/cine/build/DerivedData/ModuleCache.noindex/simd-71MC8TFFOUK5VZ92YRRPFIKT3.pcm

SwiftExplicitDependencyGeneratePcm arm64 /Users/runner/work/cine/cine/build/DerivedData/ModuleCache.noindex/MachO-4JSZZ0J4SVD9HIQ3YY05W1G4J.pcm

SwiftExplicitDependencyGeneratePcm arm64 /Users/runner/work/cine/cine/build/DerivedData/ModuleCache.noindex/ObjectiveC-L09P3WLS1UO1JRV8H7KMEYEK.pcm

SwiftExplicitDependencyGeneratePcm arm64 /Users/runner/work/cine/cine/build/DerivedData/ModuleCache.noindex/Spatial-770CRAQGW79ON4M46XV4KLZTJ.pcm

SwiftExplicitDependencyGeneratePcm arm64 /Users/runner/work/cine/cine/build/DerivedData/ModuleCache.noindex/os_object-2F60I8AHEI7KY5XOSHF9L6RVX.pcm

SwiftExplicitDependencyGeneratePcm arm64 /Users/runner/work/cine/cine/build/DerivedData/ModuleCache.noindex/os_workgroup-906DL2A93LWX29X6XKVK06U71.pcm

SwiftExplicitDependencyGeneratePcm arm64 /Users/runner/work/cine/cine/build/DerivedData/ModuleCache.noindex/Dispatch-47G6W2UD106RLS5HZC9C2XC9T.pcm

SwiftExplicitDependencyGeneratePcm arm64 /Users/runner/work/cine/cine/build/DerivedData/ModuleCache.noindex/CoreFoundation-ER7AQKSHDWIOA2U3WLWBLL0US.pcm

SwiftExplicitDependencyGeneratePcm arm64 /Users/runner/work/cine/cine/build/DerivedData/ModuleCache.noindex/XPC-1I441JYFIJCUJSPNDJ8A2EJZU.pcm

SwiftExplicitDependencyGeneratePcm arm64 /Users/runner/work/cine/cine/build/DerivedData/ModuleCache.noindex/os-5QSUMQ6NFD9N5BI86BY2YFBB0.pcm

SwiftExplicitDependencyGeneratePcm arm64 /Users/runner/work/cine/cine/build/DerivedData/ModuleCache.noindex/CFNetwork-6011RF2B26OM7916AQ7IMSE64.pcm

SwiftExplicitDependencyGeneratePcm arm64 /Users/runner/work/cine/cine/build/DerivedData/ModuleCache.noindex/Security-67KDK4DXS0B5FOLIOHWQ9R6ZV.pcm

SwiftExplicitDependencyGeneratePcm arm64 /Users/runner/work/cine/cine/build/DerivedData/ModuleCache.noindex/CoreGraphics-A005EDUD8SN1SMLIR4UI1DS7U.pcm

SwiftExplicitDependencyGeneratePcm arm64 /Users/runner/work/cine/cine/build/DerivedData/ModuleCache.noindex/Foundation-EAIZT0R1XFSTVKQ0RCY3VJKSM.pcm

SwiftExplicitDependencyGeneratePcm arm64 /Users/runner/work/cine/cine/build/DerivedData/ModuleCache.noindex/ImageIO-DDV3CYWU0SOV4XKCNCQ7HH050.pcm

SwiftExplicitDependencyGeneratePcm arm64 /Users/runner/work/cine/cine/build/DerivedData/ModuleCache.noindex/CoreText-DV1V2WJBR2J20NP9V8IUZILMT.pcm

SwiftExplicitDependencyGeneratePcm arm64 /Users/runner/work/cine/cine/build/DerivedData/ModuleCache.noindex/UIUtilities-4YU31JUFI9790CRGOT16RE2OW.pcm

SwiftExplicitDependencyGeneratePcm arm64 /Users/runner/work/cine/cine/build/DerivedData/ModuleCache.noindex/Accessibility-5PL6SOSI9KRCUL3J6F1478Q80.pcm

SwiftExplicitDependencyGeneratePcm arm64 /Users/runner/work/cine/cine/build/DerivedData/ModuleCache.noindex/UserNotifications-53SXZBCHOCNYIZMA5NKV4KOC3.pcm

SwiftExplicitDependencyGeneratePcm arm64 /Users/runner/work/cine/cine/build/DerivedData/ModuleCache.noindex/CoreData-80KB8G88WBYIU903DKCTMQ30W.pcm

SwiftExplicitDependencyGeneratePcm arm64 /Users/runner/work/cine/cine/build/DerivedData/ModuleCache.noindex/OSLog-HVPN42FS4SVZJCWB65BHFRVJ.pcm

SwiftExplicitDependencyGeneratePcm arm64 /Users/runner/work/cine/cine/build/DerivedData/ModuleCache.noindex/UniformTypeIdentifiers-73H8MRHUVAQOKLU5MCLEB4N5Z.pcm

SwiftExplicitDependencyGeneratePcm arm64 /Users/runner/work/cine/cine/build/DerivedData/ModuleCache.noindex/DataDetection-BNMBLB52BU7WR1OCK44MDOBEX.pcm

SwiftExplicitDependencyGeneratePcm arm64 /Users/runner/work/cine/cine/build/DerivedData/ModuleCache.noindex/FileProvider-56LT35F64IM9XZHIGQET0CGZ3.pcm

SwiftExplicitDependencyGeneratePcm arm64 /Users/runner/work/cine/cine/build/DerivedData/ModuleCache.noindex/Symbols-472OU1ZRY30JVWA39VVTNZIRR.pcm

SwiftExplicitDependencyGeneratePcm arm64 /Users/runner/work/cine/cine/build/DerivedData/ModuleCache.noindex/CoreTransferable-4ZXNEYIGN87DALNWDYUUU5FAF.pcm

SwiftExplicitDependencyGeneratePcm arm64 /Users/runner/work/cine/cine/build/DerivedData/ModuleCache.noindex/IOSurface-4CE1F5B1PP1D4CBDN1AWDIIKB.pcm

SwiftExplicitDependencyGeneratePcm arm64 /Users/runner/work/cine/cine/build/DerivedData/ModuleCache.noindex/OpenGLES-9NI8SFIVLIM5GXXYCVA68PM2D.pcm

SwiftExplicitDependencyGeneratePcm arm64 /Users/runner/work/cine/cine/build/DerivedData/ModuleCache.noindex/Metal-1UTJYRULSPR23ZCQL8HW4D2O7.pcm

SwiftExplicitDependencyGeneratePcm arm64 /Users/runner/work/cine/cine/build/DerivedData/ModuleCache.noindex/CoreVideo-DUIRVGTAI02UA69Z51BULOHH8.pcm

SwiftExplicitDependencyGeneratePcm arm64 /Users/runner/work/cine/cine/build/DerivedData/ModuleCache.noindex/QuartzCore-76VE7V89ZPSHJJ288P3A5652F.pcm

SwiftExplicitDependencyGeneratePcm arm64 /Users/runner/work/cine/cine/build/DerivedData/ModuleCache.noindex/CoreImage-8NKS605R4N12WSRBFNXN09DSB.pcm

SwiftExplicitDependencyGeneratePcm arm64 /Users/runner/work/cine/cine/build/DerivedData/ModuleCache.noindex/SwiftUICore-ZCNPS7WOKU2NE0ATVI130Z7.pcm

SwiftExplicitDependencyGeneratePcm arm64 /Users/runner/work/cine/cine/build/DerivedData/ModuleCache.noindex/UIKit-9BC0EI4CRTDIBQJVO3U053Z5E.pcm

SwiftExplicitDependencyGeneratePcm arm64 /Users/runner/work/cine/cine/build/DerivedData/ModuleCache.noindex/SwiftUI-2Z543DEVCS2F41FQB3IWNIRYX.pcm

SwiftCompile normal arm64 Compiling\ CineChillApp.swift,\ ServerConfig.swift,\ APIClient.swift,\ APIError.swift,\ JSONValue.swift,\ SessionStore.swift,\ GlassComponents.swift,\ ModuleComponents.swift,\ RemoteImage.swift,\ Theme.swift,\ LoginView.swift,\ ServerSetupView.swift,\ DashboardView.swift,\ DashboardViewModel.swift,\ DiscoverView.swift,\ DiscoverViewModel.swift,\ MediaDetailView.swift,\ MediaPosterCard.swift,\ APIConsoleView.swift,\ DockerView.swift,\ Drive115Views.swift,\ EmbyViews.swift,\ IntegrationViews.swift,\ MoreView.swift,\ OrganizeViews.swift,\ ResourceViews.swift,\ SystemViews.swift,\ NotifyView.swift,\ MainTabView.swift,\ RootView.swift,\ SettingsView.swift,\ RssSourceEditor.swift,\ SubscriptionsView.swift,\ SubscriptionsViewModel.swift,\ TasksView.swift,\ TasksViewModel.swift,\ DomainModels.swift,\ MediaItem.swift,\ AuthService.swift,\ DiscoverService.swift,\ EmbyServices.swift,\ IntegrationServices.swift,\ NotifyService.swift,\ OrganizeServices.swift,\ ServerService.swift,\ SubscriptionService.swift,\ SystemServices.swift,\ TaskService.swift,\ GeneratedAssetSymbols.swift /Users/runner/work/cine/cine/CineChill/App/CineChillApp.swift /Users/runner/work/cine/cine/CineChill/Core/Config/ServerConfig.swift /Users/runner/work/cine/cine/CineChill/Core/Networking/APIClient.swift /Users/runner/work/cine/cine/CineChill/Core/Networking/APIError.swift /Users/runner/work/cine/cine/CineChill/Core/Networking/JSONValue.swift /Users/runner/work/cine/cine/CineChill/Core/Session/SessionStore.swift /Users/runner/work/cine/cine/CineChill/Design/GlassComponents.swift /Users/runner/work/cine/cine/CineChill/Design/ModuleComponents.swift /Users/runner/work/cine/cine/CineChill/Design/RemoteImage.swift /Users/runner/work/cine/cine/CineChill/Design/Theme.swift /Users/runner/work/cine/cine/CineChill/Features/Auth/LoginView.swift /Users/runner/work/cine/cine/CineChill/Features/Auth/ServerSetupView.swift /Users/runner/work/cine/cine/CineChill/Features/Dashboard/DashboardView.swift /Users/runner/work/cine/cine/CineChill/Features/Dashboard/DashboardViewModel.swift /Users/runner/work/cine/cine/CineChill/Features/Discover/DiscoverView.swift /Users/runner/work/cine/cine/CineChill/Features/Discover/DiscoverViewModel.swift /Users/runner/work/cine/cine/CineChill/Features/Discover/MediaDetailView.swift /Users/runner/work/cine/cine/CineChill/Features/Discover/MediaPosterCard.swift /Users/runner/work/cine/cine/CineChill/Features/More/APIConsoleView.swift /Users/runner/work/cine/cine/CineChill/Features/More/DockerView.swift /Users/runner/work/cine/cine/CineChill/Features/More/Drive115Views.swift /Users/runner/work/cine/cine/CineChill/Features/More/EmbyViews.swift /Users/runner/work/cine/cine/CineChill/Features/More/IntegrationViews.swift /Users/runner/work/cine/cine/CineChill/Features/More/MoreView.swift /Users/runner/work/cine/cine/CineChill/Features/More/OrganizeViews.swift /Users/runner/work/cine/cine/CineChill/Features/More/ResourceViews.swift /Users/runner/work/cine/cine/CineChill/Features/More/SystemViews.swift /Users/runner/work/cine/cine/CineChill/Features/Notify/NotifyView.swift /Users/runner/work/cine/cine/CineChill/Features/Root/MainTabView.swift /Users/runner/work/cine/cine/CineChill/Features/Root/RootView.swift /Users/runner/work/cine/cine/CineChill/Features/Settings/SettingsView.swift /Users/runner/work/cine/cine/CineChill/Features/Subscriptions/RssSourceEditor.swift /Users/runner/work/cine/cine/CineChill/Features/Subscriptions/SubscriptionsView.swift /Users/runner/work/cine/cine/CineChill/Features/Subscriptions/SubscriptionsViewModel.swift /Users/runner/work/cine/cine/CineChill/Features/Tasks/TasksView.swift /Users/runner/work/cine/cine/CineChill/Features/Tasks/TasksViewModel.swift /Users/runner/work/cine/cine/CineChill/Models/DomainModels.swift /Users/runner/work/cine/cine/CineChill/Models/MediaItem.swift /Users/runner/work/cine/cine/CineChill/Services/AuthService.swift /Users/runner/work/cine/cine/CineChill/Services/DiscoverService.swift /Users/runner/work/cine/cine/CineChill/Services/EmbyServices.swift /Users/runner/work/cine/cine/CineChill/Services/IntegrationServices.swift /Users/runner/work/cine/cine/CineChill/Services/NotifyService.swift /Users/runner/work/cine/cine/CineChill/Services/OrganizeServices.swift /Users/runner/work/cine/cine/CineChill/Services/ServerService.swift /Users/runner/work/cine/cine/CineChill/Services/SubscriptionService.swift /Users/runner/work/cine/cine/CineChill/Services/SystemServices.swift /Users/runner/work/cine/cine/CineChill/Services/TaskService.swift /Users/runner/work/cine/cine/build/DerivedData/Build/Intermediates.noindex/CineChill.build/Release-iphoneos/CineChill.build/DerivedSources/GeneratedAssetSymbols.swift /Applications/Xcode_26.3.app/Contents/Developer/Toolchains/XcodeDefault.xctoolchain/usr/lib/swift/iphoneos/prebuilt-modules/26.2/Accessibility.swiftmodule/arm64e-apple-ios.swiftmodule /Applications/Xcode_26.3.app/Contents/Developer/Toolchains/XcodeDefault.xctoolchain/usr/lib/swift/iphoneos/prebuilt-modules/26.2/Swift.swiftmodule/arm64e-apple-ios.swiftmodule /Applications/Xcode_26.3.app/Contents/Developer/Toolchains/XcodeDefault.xctoolchain/usr/lib/swift/iphoneos/prebuilt-modules/26.2/Combine.swiftmodule/arm64e-apple-ios.swiftmodule /Applications/Xcode_26.3.app/Contents/Developer/Toolchains/XcodeDefault.xctoolchain/usr/lib/swift/iphoneos/prebuilt-modules/26.2/UniformTypeIdentifiers.swiftmodule/arm64e-apple-ios.swiftmodule /Applications/Xcode_26.3.app/Contents/Developer/Toolchains/XcodeDefault.xctoolchain/usr/lib/swift/iphoneos/prebuilt-modules/26.2/SwiftUI.swiftmodule/arm64e-apple-ios.swiftmodule /Applications/Xcode_26.3.app/Contents/Developer/Toolchains/XcodeDefault.xctoolchain/usr/lib/swift/iphoneos/prebuilt-modules/26.2/simd.swiftmodule/arm64e-apple-ios.swiftmodule /Applications/Xcode_26.3.app/Contents/Developer/Toolchains/XcodeDefault.xctoolchain/usr/lib/swift/iphoneos/prebuilt-modules/26.2/SwiftUICore.swiftmodule/arm64e-apple-ios.swiftmodule /Applications/Xcode_26.3.app/Contents/Developer/Toolchains/XcodeDefault.xctoolchain/usr/lib/swift/iphoneos/prebuilt-modules/26.2/os.swiftmodule/arm64e-apple-ios.swiftmodule /Applications/Xcode_26.3.app/Contents/Developer/Toolchains/XcodeDefault.xctoolchain/usr/lib/swift/iphoneos/prebuilt-modules/26.2/Observation.swiftmodule/arm64e-apple-ios.swiftmodule /Applications/Xcode_26.3.app/Contents/Developer/Toolchains/XcodeDefault.xctoolchain/usr/lib/swift/iphoneos/prebuilt-modules/26.2/Foundation.swiftmodule/arm64e-apple-ios.swiftmodule /Applications/Xcode_26.3.app/Contents/Developer/Toolchains/XcodeDefault.xctoolchain/usr/lib/swift/iphoneos/prebuilt-modules/26.2/UIKit.swiftmodule/arm64e-apple-ios.swiftmodule /Applications/Xcode_26.3.app/Contents/Developer/Toolchains/XcodeDefault.xctoolchain/usr/lib/swift/iphoneos/prebuilt-modules/26.2/_Concurrency.swiftmodule/arm64e-apple-ios.swiftmodule /Applications/Xcode_26.3.app/Contents/Developer/Toolchains/XcodeDefault.xctoolchain/usr/lib/swift/iphoneos/prebuilt-modules/26.2/_DarwinFoundation1.swiftmodule/arm64e-apple-ios.swiftmodule /Applications/Xcode_26.3.app/Contents/Developer/Toolchains/XcodeDefault.xctoolchain/usr/lib/swift/iphoneos/prebuilt-modules/26.2/_Builtin_float.swiftmodule/arm64e-apple-ios.swiftmodule /Applications/Xcode_26.3.app/Contents/Developer/Toolchains/XcodeDefault.xctoolchain/usr/lib/swift/iphoneos/prebuilt-modules/26.2/Dispatch.swiftmodule/arm64e-apple-ios.swiftmodule /Applications/Xcode_26.3.app/Contents/Developer/Toolchains/XcodeDefault.xctoolchain/usr/lib/swift/iphoneos/prebuilt-modules/26.2/OSLog.swiftmodule/arm64e-apple-ios.swiftmodule /Applications/Xcode_26.3.app/Contents/Developer/Toolchains/XcodeDefault.xctoolchain/usr/lib/swift/iphoneos/prebuilt-modules/26.2/CoreText.swiftmodule/arm64e-apple-ios.swiftmodule /Applications/Xcode_26.3.app/Contents/Developer/Toolchains/XcodeDefault.xctoolchain/usr/lib/swift/iphoneos/prebuilt-modules/26.2/CoreImage.swiftmodule/arm64e-apple-ios.swiftmodule /Applications/Xcode_26.3.app/Contents/Developer/Toolchains/XcodeDefault.xctoolchain/usr/lib/swift/iphoneos/prebuilt-modules/26.2/Symbols.swiftmodule/arm64e-apple-ios.swiftmodule /Applications/Xcode_26.3.app/Contents/Developer/Toolchains/XcodeDefault.xctoolchain/usr/lib/swift/iphoneos/prebuilt-modules/26.2/_DarwinFoundation3.swiftmodule/arm64e-apple-ios.swiftmodule /Applications/Xcode_26.3.app/Contents/Developer/Toolchains/XcodeDefault.xctoolchain/usr/lib/swift/iphoneos/prebuilt-modules/26.2/XPC.swiftmodule/arm64e-apple-ios.swiftmodule /Applications/Xcode_26.3.app/Contents/Developer/Toolchains/XcodeDefault.xctoolchain/usr/lib/swift/iphoneos/prebuilt-modules/26.2/DeveloperToolsSupport.swiftmodule/arm64e-apple-ios.swiftmodule /Applications/Xcode_26.3.app/Contents/Developer/Toolchains/XcodeDefault.xctoolchain/usr/lib/swift/iphoneos/prebuilt-modules/26.2/FileProvider.swiftmodule/arm64e-apple-ios.swiftmodule /Applications/Xcode_26.3.app/Contents/Developer/Toolchains/XcodeDefault.xctoolchain/usr/lib/swift/iphoneos/prebuilt-modules/26.2/Spatial.swiftmodule/arm64e-apple-ios.swiftmodule /Applications/Xcode_26.3.app/Contents/Developer/Toolchains/XcodeDefault.xctoolchain/usr/lib/swift/iphoneos/prebuilt-modules/26.2/CoreGraphics.swiftmodule/arm64e-apple-ios.swiftmodule /Applications/Xcode_26.3.app/Contents/Developer/Toolchains/XcodeDefault.xctoolchain/usr/lib/swift/iphoneos/prebuilt-modules/26.2/DataDetection.swiftmodule/arm64e-apple-ios.swiftmodule /Applications/Xcode_26.3.app/Contents/Developer/Toolchains/XcodeDefault.xctoolchain/usr/lib/swift/iphoneos/prebuilt-modules/26.2/QuartzCore.swiftmodule/arm64e-apple-ios.swiftmodule /Applications/Xcode_26.3.app/Contents/Developer/Toolchains/XcodeDefault.xctoolchain/usr/lib/swift/iphoneos/prebuilt-modules/26.2/CoreFoundation.swiftmodule/arm64e-apple-ios.swiftmodule /Applications/Xcode_26.3.app/Contents/Developer/Toolchains/XcodeDefault.xctoolchain/usr/lib/swift/iphoneos/prebuilt-modules/26.2/_DarwinFoundation2.swiftmodule/arm64e-apple-ios.swiftmodule /Applications/Xcode_26.3.app/Contents/Developer/Toolchains/XcodeDefault.xctoolchain/usr/lib/swift/iphoneos/prebuilt-modules/26.2/CoreTransferable.swiftmodule/arm64e-apple-ios.swiftmodule /Applications/Xcode_26.3.app/Contents/Developer/Toolchains/XcodeDefault.xctoolchain/usr/lib/swift/iphoneos/prebuilt-modules/26.2/Darwin.swiftmodule/arm64e-apple-ios.swiftmodule /Applications/Xcode_26.3.app/Contents/Developer/Toolchains/XcodeDefault.xctoolchain/usr/lib/swift/iphoneos/prebuilt-modules/26.2/ObjectiveC.swiftmodule/arm64e-apple-ios.swiftmodule /Applications/Xcode_26.3.app/Contents/Developer/Toolchains/XcodeDefault.xctoolchain/usr/lib/swift/iphoneos/prebuilt-modules/26.2/CoreVideo.swiftmodule/arm64e-apple-ios.swiftmodule /Applications/Xcode_26.3.app/Contents/Developer/Toolchains/XcodeDefault.xctoolchain/usr/lib/swift/iphoneos/prebuilt-modules/26.2/CoreData.swiftmodule/arm64e-apple-ios.swiftmodule /Applications/Xcode_26.3.app/Contents/Developer/Toolchains/XcodeDefault.xctoolchain/usr/lib/swift/iphoneos/prebuilt-modules/26.2/Metal.swiftmodule/arm64e-apple-ios.swiftmodule /Applications/Xcode_26.3.app/Contents/Developer/Toolchains/XcodeDefault.xctoolchain/usr/lib/swift/iphoneos/prebuilt-modules/26.2/_StringProcessing.swiftmodule/arm64e-apple-ios.swiftmodule /Applications/Xcode_26.3.app/Contents/Developer/Toolchains/XcodeDefault.xctoolchain/usr/lib/swift/iphoneos/prebuilt-modules/26.2/System.swiftmodule/arm64e-apple-ios.swiftmodule /Users/runner/work/cine/cine/build/DerivedData/ModuleCache.noindex/UniformTypeIdentifiers-73H8MRHUVAQOKLU5MCLEB4N5Z.pcm /Users/runner/work/cine/cine/build/DerivedData/ModuleCache.noindex/Dispatch-47G6W2UD106RLS5HZC9C2XC9T.pcm /Users/runner/work/cine/cine/build/DerivedData/ModuleCache.noindex/CoreData-80KB8G88WBYIU903DKCTMQ30W.pcm /Users/runner/work/cine/cine/build/DerivedData/ModuleCache.noindex/_Builtin_stddef-5CKZDQQPAEZG93XQ4HE4DHNLH.pcm /Users/runner/work/cine/cine/build/DerivedData/ModuleCache.noindex/CoreImage-8NKS605R4N12WSRBFNXN09DSB.pcm /Users/runner/work/cine/cine/build/DerivedData/ModuleCache.noindex/IOSurface-4CE1F5B1PP1D4CBDN1AWDIIKB.pcm /Users/runner/work/cine/cine/build/DerivedData/ModuleCache.noindex/Darwin-9U0Y9QI6CDRRXL6C2U0TEGFHT.pcm /Users/runner/work/cine/cine/build/DerivedData/ModuleCache.noindex/SwiftUICore-ZCNPS7WOKU2NE0ATVI130Z7.pcm /Users/runner/work/cine/cine/build/DerivedData/ModuleCache.noindex/Spatial-770CRAQGW79ON4M46XV4KLZTJ.pcm /Users/runner/work/cine/cine/build/DerivedData/ModuleCache.noindex/_DarwinFoundation3-CP9UQBBEGCH6BEK3TJTZ3YZQD.pcm /Users/runner/work/cine/cine/build/DerivedData/ModuleCache.noindex/QuartzCore-76VE7V89ZPSHJJ288P3A5652F.pcm /Users/runner/work/cine/cine/build/DerivedData/ModuleCache.noindex/UIKit-9BC0EI4CRTDIBQJVO3U053Z5E.pcm /Users/runner/work/cine/cine/build/DerivedData/ModuleCache.noindex/UserNotifications-53SXZBCHOCNYIZMA5NKV4KOC3.pcm /Users/runner/work/cine/cine/build/DerivedData/ModuleCache.noindex/OpenGLES-9NI8SFIVLIM5GXXYCVA68PM2D.pcm /Users/runner/work/cine/cine/build/DerivedData/ModuleCache.noindex/CoreText-DV1V2WJBR2J20NP9V8IUZILMT.pcm /Users/runner/work/cine/cine/build/DerivedData/ModuleCache.noindex/_Builtin_intrinsics-1UWIF916S1I25M2JFN1LO1LHK.pcm /Users/runner/work/cine/cine/build/DerivedData/ModuleCache.noindex/simd-71MC8TFFOUK5VZ92YRRPFIKT3.pcm /Users/runner/work/cine/cine/build/DerivedData/ModuleCache.noindex/os_object-2F60I8AHEI7KY5XOSHF9L6RVX.pcm /Users/runner/work/cine/cine/build/DerivedData/ModuleCache.noindex/_Builtin_tgmath-6QAUODE3JNFDU04MZ4GODHJ9H.pcm /Users/runner/work/cine/cine/build/DerivedData/ModuleCache.noindex/ptrcheck-12HZWEJ1KL5CXDVNO2HXQQEJI.pcm /Users/runner/work/cine/cine/build/DerivedData/ModuleCache.noindex/Symbols-472OU1ZRY30JVWA39VVTNZIRR.pcm /Users/runner/work/cine/cine/build/DerivedData/ModuleCache.noindex/CoreVideo-DUIRVGTAI02UA69Z51BULOHH8.pcm /Users/runner/work/cine/cine/build/DerivedData/ModuleCache.noindex/Accessibility-5PL6SOSI9KRCUL3J6F1478Q80.pcm /Users/runner/work/cine/cine/build/DerivedData/ModuleCache.noindex/_Builtin_limits-C5FWQANJKZEEK8ONEKF9N4FN8.pcm /Users/runner/work/cine/cine/build/DerivedData/ModuleCache.noindex/DataDetection-BNMBLB52BU7WR1OCK44MDOBEX.pcm /Users/runner/work/cine/cine/build/DerivedData/ModuleCache.noindex/_Builtin_stdatomic-39S9ESSUJJD7XBUMEOOB75HRT.pcm /Users/runner/work/cine/cine/build/DerivedData/ModuleCache.noindex/CoreFoundation-ER7AQKSHDWIOA2U3WLWBLL0US.pcm /Users/runner/work/cine/cine/build/DerivedData/ModuleCache.noindex/_Builtin_stdarg-4ZX6JV6OUQ43P5XRNPZK5C2UQ.pcm /Users/runner/work/cine/cine/build/DerivedData/ModuleCache.noindex/MachO-4JSZZ0J4SVD9HIQ3YY05W1G4J.pcm /Users/runner/work/cine/cine/build/DerivedData/ModuleCache.noindex/OSLog-HVPN42FS4SVZJCWB65BHFRVJ.pcm /Users/runner/work/cine/cine/build/DerivedData/ModuleCache.noindex/_DarwinFoundation2-CM9PB1AJBUPIH7W5UOYUAZFO9.pcm /Users/runner/work/cine/cine/build/DerivedData/ModuleCache.noindex/_Builtin_inttypes-21C0MT5HX7KXSO2Z2O0KCY4QS.pcm /Users/runner/work/cine/cine/build/DerivedData/ModuleCache.noindex/ImageIO-DDV3CYWU0SOV4XKCNCQ7HH050.pcm /Users/runner/work/cine/cine/build/DerivedData/ModuleCache.noindex/_DarwinFoundation1-8A4NC9VC64ILYZXXTSZ82PJ0F.pcm /Users/runner/work/cine/cine/build/DerivedData/ModuleCache.noindex/Metal-1UTJYRULSPR23ZCQL8HW4D2O7.pcm /Users/runner/work/cine/cine/build/DerivedData/ModuleCache.noindex/CFNetwork-6011RF2B26OM7916AQ7IMSE64.pcm /Users/runner/work/cine/cine/build/DerivedData/ModuleCache.noindex/ObjectiveC-L09P3WLS1UO1JRV8H7KMEYEK.pcm /Users/runner/work/cine/cine/build/DerivedData/ModuleCache.noindex/_Builtin_stdbool-6RE6K1GTFF6RIEIY4E6KLGJMS.pcm /Users/runner/work/cine/cine/build/DerivedData/ModuleCache.noindex/os-5QSUMQ6NFD9N5BI86BY2YFBB0.pcm /Users/runner/work/cine/cine/build/DerivedData/ModuleCache.noindex/_Builtin_stdint-6ZGBDR03ND5MFU01LFWLXNGP1.pcm /Users/runner/work/cine/cine/build/DerivedData/ModuleCache.noindex/CoreGraphics-A005EDUD8SN1SMLIR4UI1DS7U.pcm /Users/runner/work/cine/cine/build/DerivedData/ModuleCache.noindex/Security-67KDK4DXS0B5FOLIOHWQ9R6ZV.pcm /Users/runner/work/cine/cine/build/DerivedData/ModuleCache.noindex/_SwiftConcurrencyShims-3TXTXS3KRQ97WTWR6RJ03MRSX.pcm /Users/runner/work/cine/cine/build/DerivedData/ModuleCache.noindex/_AvailabilityInternal-A7ZL7EGG8BULBBG07TYK7X2LJ.pcm /Users/runner/work/cine/cine/build/DerivedData/ModuleCache.noindex/Foundation-EAIZT0R1XFSTVKQ0RCY3VJKSM.pcm /Users/runner/work/cine/cine/build/DerivedData/ModuleCache.noindex/UIUtilities-4YU31JUFI9790CRGOT16RE2OW.pcm /Users/runner/work/cine/cine/build/DerivedData/ModuleCache.noindex/_Builtin_float-633CL4Z2SHLPQND19GHMCD0CS.pcm /Users/runner/work/cine/cine/build/DerivedData/ModuleCache.noindex/DeveloperToolsSupport-1NZDCTGXAEQ54KFPCDMOHUNQG.pcm /Users/runner/work/cine/cine/build/DerivedData/ModuleCache.noindex/ptrauth-80NQ8KVXREWB8PWZALY62SZ39.pcm /Users/runner/work/cine/cine/build/DerivedData/ModuleCache.noindex/SwiftUI-2Z543DEVCS2F41FQB3IWNIRYX.pcm /Users/runner/work/cine/cine/build/DerivedData/ModuleCache.noindex/CoreTransferable-4ZXNEYIGN87DALNWDYUUU5FAF.pcm /Users/runner/work/cine/cine/build/DerivedData/ModuleCache.noindex/XPC-1I441JYFIJCUJSPNDJ8A2EJZU.pcm /Users/runner/work/cine/cine/build/DerivedData/ModuleCache.noindex/FileProvider-56LT35F64IM9XZHIGQET0CGZ3.pcm /Users/runner/work/cine/cine/build/DerivedData/ModuleCache.noindex/os_workgroup-906DL2A93LWX29X6XKVK06U71.pcm /Users/runner/work/cine/cine/build/DerivedData/ModuleCache.noindex/sys_types-EOU6D5C59RD8TUE49012Y1W89.pcm /Users/runner/work/cine/cine/build/DerivedData/ModuleCache.noindex/SwiftShims-ABIBK24RJILU110VNHYCHBLBA.pcm /Users/runner/work/cine/cine/build/DerivedData/Build/Intermediates.noindex/CineChill.build/Release-iphoneos/CineChill.build/Objects-normal/arm64/CineChill-dependencies-1.json (in target 'CineChill' from project 'CineChill')
CompileSwift normal arm64 (in target 'CineChill' from project 'CineChill')
    cd /Users/runner/work/cine/cine
    

LinkAssetCatalog /Users/runner/work/cine/cine/CineChill/Resources/Assets.xcassets (in target 'CineChill' from project 'CineChill')
    cd /Users/runner/work/cine/cine
    builtin-linkAssetCatalog --thinned /Users/runner/work/cine/cine/build/DerivedData/Build/Intermediates.noindex/CineChill.build/Release-iphoneos/CineChill.build/assetcatalog_output/thinned --thinned-dependencies /Users/runner/work/cine/cine/build/DerivedData/Build/Intermediates.noindex/CineChill.build/Release-iphoneos/CineChill.build/assetcatalog_dependencies_thinned --thinned-info-plist-content /Users/runner/work/cine/cine/build/DerivedData/Build/Intermediates.noindex/CineChill.build/Release-iphoneos/CineChill.build/assetcatalog_generated_info.plist_thinned --unthinned /Users/runner/work/cine/cine/build/DerivedData/Build/Intermediates.noindex/CineChill.build/Release-iphoneos/CineChill.build/assetcatalog_output/unthinned --unthinned-dependencies /Users/runner/work/cine/cine/build/DerivedData/Build/Intermediates.noindex/CineChill.build/Release-iphoneos/CineChill.build/assetcatalog_dependencies_unthinned --unthinned-info-plist-content /Users/runner/work/cine/cine/build/DerivedData/Build/Intermediates.noindex/CineChill.build/Release-iphoneos/CineChill.build/assetcatalog_generated_info.plist_unthinned --output /Users/runner/work/cine/cine/build/DerivedData/Build/Products/Release-iphoneos/CineChill.app --plist-output /Users/runner/work/cine/cine/build/DerivedData/Build/Intermediates.noindex/CineChill.build/Release-iphoneos/CineChill.build/assetcatalog_generated_info.plist
note: Emplaced /Users/runner/work/cine/cine/build/DerivedData/Build/Products/Release-iphoneos/CineChill.app/AppIcon60x60@2x.png (in target 'CineChill' from project 'CineChill')
note: Emplaced /Users/runner/work/cine/cine/build/DerivedData/Build/Products/Release-iphoneos/CineChill.app/Assets.car (in target 'CineChill' from project 'CineChill')
note: Emplaced /Users/runner/work/cine/cine/build/DerivedData/Build/Products/Release-iphoneos/CineChill.app/AppIcon76x76@2x~ipad.png (in target 'CineChill' from project 'CineChill')

ProcessInfoPlistFile /Users/runner/work/cine/cine/build/DerivedData/Build/Products/Release-iphoneos/CineChill.app/Info.plist /Users/runner/work/cine/cine/CineChill/Resources/Info.plist (in target 'CineChill' from project 'CineChill')
    cd /Users/runner/work/cine/cine
    builtin-infoPlistUtility /Users/runner/work/cine/cine/CineChill/Resources/Info.plist -producttype com.apple.product-type.application -genpkginfo /Users/runner/work/cine/cine/build/DerivedData/Build/Products/Release-iphoneos/CineChill.app/PkgInfo -expandbuildsettings -format binary -platform iphoneos -additionalcontentfile /Users/runner/work/cine/cine/build/DerivedData/Build/Intermediates.noindex/CineChill.build/Release-iphoneos/CineChill.build/assetcatalog_generated_info.plist -requiredArchitecture arm64 -o /Users/runner/work/cine/cine/build/DerivedData/Build/Products/Release-iphoneos/CineChill.app/Info.plist

SwiftDriverJobDiscovery normal arm64 Compiling CineChillApp.swift, ServerConfig.swift, APIClient.swift, APIError.swift, JSONValue.swift, SessionStore.swift, GlassComponents.swift, ModuleComponents.swift, RemoteImage.swift, Theme.swift, LoginView.swift, ServerSetupView.swift, DashboardView.swift, DashboardViewModel.swift, DiscoverView.swift, DiscoverViewModel.swift, MediaDetailView.swift, MediaPosterCard.swift, APIConsoleView.swift, DockerView.swift, Drive115Views.swift, EmbyViews.swift, IntegrationViews.swift, MoreView.swift, OrganizeViews.swift, ResourceViews.swift, SystemViews.swift, NotifyView.swift, MainTabView.swift, RootView.swift, SettingsView.swift, RssSourceEditor.swift, SubscriptionsView.swift, SubscriptionsViewModel.swift, TasksView.swift, TasksViewModel.swift, DomainModels.swift, MediaItem.swift, AuthService.swift, DiscoverService.swift, EmbyServices.swift, IntegrationServices.swift, NotifyService.swift, OrganizeServices.swift, ServerService.swift, SubscriptionService.swift, SystemServices.swift, TaskService.swift, GeneratedAssetSymbols.swift (in target 'CineChill' from project 'CineChill')

SwiftDriver\ Compilation\ Requirements CineChill normal arm64 com.apple.xcode.tools.swift.compiler (in target 'CineChill' from project 'CineChill')
    cd /Users/runner/work/cine/cine
    builtin-Swift-Compilation-Requirements -- /Applications/Xcode_26.3.app/Contents/Developer/Toolchains/XcodeDefault.xctoolchain/usr/bin/swiftc -module-name CineChill -O -whole-module-optimization -enforce-exclusivity\=checked @/Users/runner/work/cine/cine/build/DerivedData/Build/Intermediates.noindex/CineChill.build/Release-iphoneos/CineChill.build/Objects-normal/arm64/CineChill.SwiftFileList -enable-bare-slash-regex -enable-experimental-feature DebugDescriptionMacro -sdk /Applications/Xcode_26.3.app/Contents/Developer/Platforms/iPhoneOS.platform/Developer/SDKs/iPhoneOS26.2.sdk -target arm64-apple-ios26.0 -g -module-cache-path /Users/runner/work/cine/cine/build/DerivedData/ModuleCache.noindex -Xfrontend -serialize-debugging-options -swift-version 5 -I /Users/runner/work/cine/cine/build/DerivedData/Build/Products/Release-iphoneos -F /Users/runner/work/cine/cine/build/DerivedData/Build/Products/Release-iphoneos -emit-localized-strings -emit-localized-strings-path /Users/runner/work/cine/cine/build/DerivedData/Build/Intermediates.noindex/CineChill.build/Release-iphoneos/CineChill.build/Objects-normal/arm64 -c -num-threads 3 -Xcc -ivfsstatcache -Xcc /Users/runner/work/cine/cine/build/DerivedData/SDKStatCaches.noindex/iphoneos26.2-23C57-dc75598d0054f22ec865fa860f139d722dd23b4ebda140f7210d155ff1243552.sdkstatcache -output-file-map /Users/runner/work/cine/cine/build/DerivedData/Build/Intermediates.noindex/CineChill.build/Release-iphoneos/CineChill.build/Objects-normal/arm64/CineChill-OutputFileMap.json -use-frontend-parseable-output -save-temps -no-color-diagnostics -explicit-module-build -module-cache-path /Users/runner/work/cine/cine/build/DerivedData/Build/Intermediates.noindex/SwiftExplicitPrecompiledModules -clang-scanner-module-cache-path /Users/runner/work/cine/cine/build/DerivedData/ModuleCache.noindex -sdk-module-cache-path /Users/runner/work/cine/cine/build/DerivedData/ModuleCache.noindex -serialize-diagnostics -emit-dependencies -emit-module -emit-module-path /Users/runner/work/cine/cine/build/DerivedData/Build/Intermediates.noindex/CineChill.build/Release-iphoneos/CineChill.build/Objects-normal/arm64/CineChill.swiftmodule -validate-clang-modules-once -clang-build-session-file /Users/runner/work/cine/cine/build/DerivedData/ModuleCache.noindex/Session.modulevalidation -Xcc -I/Users/runner/work/cine/cine/build/DerivedData/Build/Intermediates.noindex/CineChill.build/Release-iphoneos/CineChill.build/swift-overrides.hmap -emit-const-values -Xfrontend -const-gather-protocols-file -Xfrontend /Users/runner/work/cine/cine/build/DerivedData/Build/Intermediates.noindex/CineChill.build/Release-iphoneos/CineChill.build/Objects-normal/arm64/CineChill_const_extract_protocols.json -Xcc -iquote -Xcc /Users/runner/work/cine/cine/build/DerivedData/Build/Intermediates.noindex/CineChill.build/Release-iphoneos/CineChill.build/CineChill-generated-files.hmap -Xcc -I/Users/runner/work/cine/cine/build/DerivedData/Build/Intermediates.noindex/CineChill.build/Release-iphoneos/CineChill.build/CineChill-own-target-headers.hmap -Xcc -I/Users/runner/work/cine/cine/build/DerivedData/Build/Intermediates.noindex/CineChill.build/Release-iphoneos/CineChill.build/CineChill-all-target-headers.hmap -Xcc -iquote -Xcc /Users/runner/work/cine/cine/build/DerivedData/Build/Intermediates.noindex/CineChill.build/Release-iphoneos/CineChill.build/CineChill-project-headers.hmap -Xcc -I/Users/runner/work/cine/cine/build/DerivedData/Build/Products/Release-iphoneos/include -Xcc -I/Users/runner/work/cine/cine/build/DerivedData/Build/Intermediates.noindex/CineChill.build/Release-iphoneos/CineChill.build/DerivedSources-normal/arm64 -Xcc -I/Users/runner/work/cine/cine/build/DerivedData/Build/Intermediates.noindex/CineChill.build/Release-iphoneos/CineChill.build/DerivedSources/arm64 -Xcc -I/Users/runner/work/cine/cine/build/DerivedData/Build/Intermediates.noindex/CineChill.build/Release-iphoneos/CineChill.build/DerivedSources -emit-objc-header -emit-objc-header-path /Users/runner/work/cine/cine/build/DerivedData/Build/Intermediates.noindex/CineChill.build/Release-iphoneos/CineChill.build/Objects-normal/arm64/CineChill-Swift.h -working-directory /Users/runner/work/cine/cine -no-emit-module-separately-wmo

SwiftMergeGeneratedHeaders /Users/runner/work/cine/cine/build/DerivedData/Build/Intermediates.noindex/CineChill.build/Release-iphoneos/CineChill.build/DerivedSources/CineChill-Swift.h /Users/runner/work/cine/cine/build/DerivedData/Build/Intermediates.noindex/CineChill.build/Release-iphoneos/CineChill.build/Objects-normal/arm64/CineChill-Swift.h (in target 'CineChill' from project 'CineChill')
    cd /Users/runner/work/cine/cine
    builtin-swiftHeaderTool -arch arm64 /Users/runner/work/cine/cine/build/DerivedData/Build/Intermediates.noindex/CineChill.build/Release-iphoneos/CineChill.build/Objects-normal/arm64/CineChill-Swift.h -o /Users/runner/work/cine/cine/build/DerivedData/Build/Intermediates.noindex/CineChill.build/Release-iphoneos/CineChill.build/DerivedSources/CineChill-Swift.h

Copy /Users/runner/work/cine/cine/build/DerivedData/Build/Products/Release-iphoneos/CineChill.swiftmodule/arm64-apple-ios.swiftdoc /Users/runner/work/cine/cine/build/DerivedData/Build/Intermediates.noindex/CineChill.build/Release-iphoneos/CineChill.build/Objects-normal/arm64/CineChill.swiftdoc (in target 'CineChill' from project 'CineChill')
    cd /Users/runner/work/cine/cine
    builtin-copy -exclude .DS_Store -exclude CVS -exclude .svn -exclude .git -exclude .hg -resolve-src-symlinks -rename /Users/runner/work/cine/cine/build/DerivedData/Build/Intermediates.noindex/CineChill.build/Release-iphoneos/CineChill.build/Objects-normal/arm64/CineChill.swiftdoc /Users/runner/work/cine/cine/build/DerivedData/Build/Products/Release-iphoneos/CineChill.swiftmodule/arm64-apple-ios.swiftdoc

Copy /Users/runner/work/cine/cine/build/DerivedData/Build/Products/Release-iphoneos/CineChill.swiftmodule/arm64-apple-ios.swiftmodule /Users/runner/work/cine/cine/build/DerivedData/Build/Intermediates.noindex/CineChill.build/Release-iphoneos/CineChill.build/Objects-normal/arm64/CineChill.swiftmodule (in target 'CineChill' from project 'CineChill')
    cd /Users/runner/work/cine/cine
    builtin-copy -exclude .DS_Store -exclude CVS -exclude .svn -exclude .git -exclude .hg -resolve-src-symlinks -rename /Users/runner/work/cine/cine/build/DerivedData/Build/Intermediates.noindex/CineChill.build/Release-iphoneos/CineChill.build/Objects-normal/arm64/CineChill.swiftmodule /Users/runner/work/cine/cine/build/DerivedData/Build/Products/Release-iphoneos/CineChill.swiftmodule/arm64-apple-ios.swiftmodule

Copy /Users/runner/work/cine/cine/build/DerivedData/Build/Products/Release-iphoneos/CineChill.swiftmodule/arm64-apple-ios.abi.json /Users/runner/work/cine/cine/build/DerivedData/Build/Intermediates.noindex/CineChill.build/Release-iphoneos/CineChill.build/Objects-normal/arm64/CineChill.abi.json (in target 'CineChill' from project 'CineChill')
    cd /Users/runner/work/cine/cine
    builtin-copy -exclude .DS_Store -exclude CVS -exclude .svn -exclude .git -exclude .hg -resolve-src-symlinks -rename /Users/runner/work/cine/cine/build/DerivedData/Build/Intermediates.noindex/CineChill.build/Release-iphoneos/CineChill.build/Objects-normal/arm64/CineChill.abi.json /Users/runner/work/cine/cine/build/DerivedData/Build/Products/Release-iphoneos/CineChill.swiftmodule/arm64-apple-ios.abi.json

Copy /Users/runner/work/cine/cine/build/DerivedData/Build/Products/Release-iphoneos/CineChill.swiftmodule/Project/arm64-apple-ios.swiftsourceinfo /Users/runner/work/cine/cine/build/DerivedData/Build/Intermediates.noindex/CineChill.build/Release-iphoneos/CineChill.build/Objects-normal/arm64/CineChill.swiftsourceinfo (in target 'CineChill' from project 'CineChill')
    cd /Users/runner/work/cine/cine
    builtin-copy -exclude .DS_Store -exclude CVS -exclude .svn -exclude .git -exclude .hg -resolve-src-symlinks -rename /Users/runner/work/cine/cine/build/DerivedData/Build/Intermediates.noindex/CineChill.build/Release-iphoneos/CineChill.build/Objects-normal/arm64/CineChill.swiftsourceinfo /Users/runner/work/cine/cine/build/DerivedData/Build/Products/Release-iphoneos/CineChill.swiftmodule/Project/arm64-apple-ios.swiftsourceinfo

Ld /Users/runner/work/cine/cine/build/DerivedData/Build/Products/Release-iphoneos/CineChill.app/CineChill normal (in target 'CineChill' from project 'CineChill')
    cd /Users/runner/work/cine/cine
    /Applications/Xcode_26.3.app/Contents/Developer/Toolchains/XcodeDefault.xctoolchain/usr/bin/clang -Xlinker -reproducible -target arm64-apple-ios26.0 -isysroot /Applications/Xcode_26.3.app/Contents/Developer/Platforms/iPhoneOS.platform/Developer/SDKs/iPhoneOS26.2.sdk -Os -L/Users/runner/work/cine/cine/build/DerivedData/Build/Intermediates.noindex/EagerLinkingTBDs/Release-iphoneos -L/Users/runner/work/cine/cine/build/DerivedData/Build/Products/Release-iphoneos -F/Users/runner/work/cine/cine/build/DerivedData/Build/Intermediates.noindex/EagerLinkingTBDs/Release-iphoneos -F/Users/runner/work/cine/cine/build/DerivedData/Build/Products/Release-iphoneos -filelist /Users/runner/work/cine/cine/build/DerivedData/Build/Intermediates.noindex/CineChill.build/Release-iphoneos/CineChill.build/Objects-normal/arm64/CineChill.LinkFileList -Xlinker -rpath -Xlinker @executable_path/Frameworks -dead_strip -Xlinker -object_path_lto -Xlinker /Users/runner/work/cine/cine/build/DerivedData/Build/Intermediates.noindex/CineChill.build/Release-iphoneos/CineChill.build/Objects-normal/arm64/CineChill_lto.o -Xlinker -dependency_info -Xlinker /Users/runner/work/cine/cine/build/DerivedData/Build/Intermediates.noindex/CineChill.build/Release-iphoneos/CineChill.build/Objects-normal/arm64/CineChill_dependency_info.dat -fobjc-link-runtime -L/Applications/Xcode_26.3.app/Contents/Developer/Toolchains/XcodeDefault.xctoolchain/usr/lib/swift/iphoneos -L/usr/lib/swift -Xlinker -add_ast_path -Xlinker /Users/runner/work/cine/cine/build/DerivedData/Build/Intermediates.noindex/CineChill.build/Release-iphoneos/CineChill.build/Objects-normal/arm64/CineChill.swiftmodule @/Users/runner/work/cine/cine/build/DerivedData/Build/Intermediates.noindex/CineChill.build/Release-iphoneos/CineChill.build/Objects-normal/arm64/CineChill-linker-args.resp -o /Users/runner/work/cine/cine/build/DerivedData/Build/Products/Release-iphoneos/CineChill.app/CineChill

CopySwiftLibs /Users/runner/work/cine/cine/build/DerivedData/Build/Products/Release-iphoneos/CineChill.app (in target 'CineChill' from project 'CineChill')
    cd /Users/runner/work/cine/cine
    builtin-swiftStdLibTool --copy --verbose --scan-executable /Users/runner/work/cine/cine/build/DerivedData/Build/Products/Release-iphoneos/CineChill.app/CineChill --scan-folder /Users/runner/work/cine/cine/build/DerivedData/Build/Products/Release-iphoneos/CineChill.app/Frameworks --scan-folder /Users/runner/work/cine/cine/build/DerivedData/Build/Products/Release-iphoneos/CineChill.app/PlugIns --scan-folder /Users/runner/work/cine/cine/build/DerivedData/Build/Products/Release-iphoneos/CineChill.app/SystemExtensions --scan-folder /Users/runner/work/cine/cine/build/DerivedData/Build/Products/Release-iphoneos/CineChill.app/Extensions --platform iphoneos --toolchain /var/run/com.apple.security.cryptexd/mnt/com.apple.MobileAsset.MetalToolchain-v17.3.7003.10.a1JLJB/Metal.xctoolchain --toolchain /Applications/Xcode_26.3.app/Contents/Developer/Toolchains/XcodeDefault.xctoolchain --destination /Users/runner/work/cine/cine/build/DerivedData/Build/Products/Release-iphoneos/CineChill.app/Frameworks --strip-bitcode --strip-bitcode-tool /Applications/Xcode_26.3.app/Contents/Developer/Toolchains/XcodeDefault.xctoolchain/usr/bin/bitcode_strip --emit-dependency-info /Users/runner/work/cine/cine/build/DerivedData/Build/Intermediates.noindex/CineChill.build/Release-iphoneos/CineChill.build/SwiftStdLibToolInputDependencies.dep --filter-for-swift-os
Ignoring --strip-bitcode because --sign was not passed

ExtractAppIntentsMetadata (in target 'CineChill' from project 'CineChill')
    cd /Users/runner/work/cine/cine
    /Applications/Xcode_26.3.app/Contents/Developer/Toolchains/XcodeDefault.xctoolchain/usr/bin/appintentsmetadataprocessor --toolchain-dir /var/run/com.apple.security.cryptexd/mnt/com.apple.MobileAsset.MetalToolchain-v17.3.7003.10.a1JLJB/Metal.xctoolchain --module-name CineChill --sdk-root /Applications/Xcode_26.3.app/Contents/Developer/Platforms/iPhoneOS.platform/Developer/SDKs/iPhoneOS26.2.sdk --xcode-version 17C529 --platform-family iOS --deployment-target 26.0 --bundle-identifier com.cinechill.mobile --output /Users/runner/work/cine/cine/build/DerivedData/Build/Products/Release-iphoneos/CineChill.app --target-triple arm64-apple-ios26.0 --binary-file /Users/runner/work/cine/cine/build/DerivedData/Build/Products/Release-iphoneos/CineChill.app/CineChill --dependency-file /Users/runner/work/cine/cine/build/DerivedData/Build/Intermediates.noindex/CineChill.build/Release-iphoneos/CineChill.build/Objects-normal/arm64/CineChill_dependency_info.dat --stringsdata-file /Users/runner/work/cine/cine/build/DerivedData/Build/Intermediates.noindex/CineChill.build/Release-iphoneos/CineChill.build/Objects-normal/arm64/ExtractedAppShortcutsMetadata.stringsdata --source-file-list /Users/runner/work/cine/cine/build/DerivedData/Build/Intermediates.noindex/CineChill.build/Release-iphoneos/CineChill.build/Objects-normal/arm64/CineChill.SwiftFileList --metadata-file-list /Users/runner/work/cine/cine/build/DerivedData/Build/Intermediates.noindex/CineChill.build/Release-iphoneos/CineChill.build/CineChill.DependencyMetadataFileList --static-metadata-file-list /Users/runner/work/cine/cine/build/DerivedData/Build/Intermediates.noindex/CineChill.build/Release-iphoneos/CineChill.build/CineChill.DependencyStaticMetadataFileList --swift-const-vals-list /Users/runner/work/cine/cine/build/DerivedData/Build/Intermediates.noindex/CineChill.build/Release-iphoneos/CineChill.build/Objects-normal/arm64/CineChill.SwiftConstValuesFileList --compile-time-extraction --deployment-aware-processing --validate-assistant-intents --no-app-shortcuts-localization
2026-07-10 15:56:20.109 appintentsmetadataprocessor[3901:15767] Starting appintentsmetadataprocessor export
2026-07-10 15:56:20.113 appintentsmetadataprocessor[3901:15767] warning: Metadata extraction skipped. No AppIntents.framework dependency found.

GenerateDSYMFile /Users/runner/work/cine/cine/build/DerivedData/Build/Products/Release-iphoneos/CineChill.app.dSYM /Users/runner/work/cine/cine/build/DerivedData/Build/Products/Release-iphoneos/CineChill.app/CineChill (in target 'CineChill' from project 'CineChill')
    cd /Users/runner/work/cine/cine
    /Applications/Xcode_26.3.app/Contents/Developer/Toolchains/XcodeDefault.xctoolchain/usr/bin/dsymutil /Users/runner/work/cine/cine/build/DerivedData/Build/Products/Release-iphoneos/CineChill.app/CineChill -o /Users/runner/work/cine/cine/build/DerivedData/Build/Products/Release-iphoneos/CineChill.app.dSYM

AppIntentsSSUTraining (in target 'CineChill' from project 'CineChill')
    cd /Users/runner/work/cine/cine
    /Applications/Xcode_26.3.app/Contents/Developer/Toolchains/XcodeDefault.xctoolchain/usr/bin/appintentsnltrainingprocessor --infoplist-path /Users/runner/work/cine/cine/build/DerivedData/Build/Products/Release-iphoneos/CineChill.app/Info.plist --temp-dir-path /Users/runner/work/cine/cine/build/DerivedData/Build/Intermediates.noindex/CineChill.build/Release-iphoneos/CineChill.build/ssu --bundle-id com.cinechill.mobile --product-path /Users/runner/work/cine/cine/build/DerivedData/Build/Products/Release-iphoneos/CineChill.app --extracted-metadata-path /Users/runner/work/cine/cine/build/DerivedData/Build/Products/Release-iphoneos/CineChill.app/Metadata.appintents --metadata-file-list /Users/runner/work/cine/cine/build/DerivedData/Build/Intermediates.noindex/CineChill.build/Release-iphoneos/CineChill.build/CineChill.DependencyMetadataFileList --archive-ssu-assets
2026-07-10 15:56:20.144 appintentsnltrainingprocessor[3903:15770] Parsing options for appintentsnltrainingprocessor
2026-07-10 15:56:20.144 appintentsnltrainingprocessor[3903:15770] No AppShortcuts found - Skipping.

RegisterExecutionPolicyException /Users/runner/work/cine/cine/build/DerivedData/Build/Products/Release-iphoneos/CineChill.app (in target 'CineChill' from project 'CineChill')
    cd /Users/runner/work/cine/cine
    builtin-RegisterExecutionPolicyException /Users/runner/work/cine/cine/build/DerivedData/Build/Products/Release-iphoneos/CineChill.app

Validate /Users/runner/work/cine/cine/build/DerivedData/Build/Products/Release-iphoneos/CineChill.app (in target 'CineChill' from project 'CineChill')
    cd /Users/runner/work/cine/cine
    builtin-validationUtility /Users/runner/work/cine/cine/build/DerivedData/Build/Products/Release-iphoneos/CineChill.app -validate-for-store -shallow-bundle -infoplist-subpath Info.plist

Touch /Users/runner/work/cine/cine/build/DerivedData/Build/Products/Release-iphoneos/CineChill.app (in target 'CineChill' from project 'CineChill')
    cd /Users/runner/work/cine/cine
    /usr/bin/touch -c /Users/runner/work/cine/cine/build/DerivedData/Build/Products/Release-iphoneos/CineChill.app

** BUILD SUCCEEDED **

Unsigned IPA created: build/unsigned-ipa/CineChill-unsigned.ipa
